Using pre-set license
Built from '2020.3/staging' branch; Version is '2020.3.10f1 (297d780c91bc) revision 2719096'; Using compiler version '192528614'; Build Type 'Release'
OS: 'Windows 10 Pro; OS build 19042.1052; Version 2009; 64bit' Language: 'ko' Physical Memory: 4076 MB
BatchMode: 1, IsHumanControllingUs: 0, StartBugReporterOnCrash: 0, Is64bit: 1, IsPro: 0

 COMMAND LINE ARGUMENTS:
C:\Program Files\Unity\Hub\Editor\2020.3.10f1\Editor\Unity.exe
-adb2
-batchMode
-noUpm
-name
AssetImportWorker0
-projectPath
C:/Users/admin/Documents/GitHub/Unity/21.07.02_study
-logFile
Logs/AssetImportWorker0.log
-srvPort
53898
Successfully changed project path to: C:/Users/admin/Documents/GitHub/Unity/21.07.02_study
C:/Users/admin/Documents/GitHub/Unity/21.07.02_study
Using Asset Import Pipeline V2.
Refreshing native plugins compatible for Editor in 69.35 ms, found 2 plugins.
Preloading 0 native plugins for Editor in 0.00 ms.
Initialize engine version: 2020.3.10f1 (297d780c91bc)
[Subsystems] Discovering subsystems at path C:/Program Files/Unity/Hub/Editor/2020.3.10f1/Editor/Data/Resources/UnitySubsystems
[Subsystems] Discovering subsystems at path C:/Users/admin/Documents/GitHub/Unity/21.07.02_study/Assets
GfxDevice: creating device client; threaded=0
Direct3D:
    Version:  Direct3D 11.0 [level 11.0]
    Renderer: NVIDIA GeForce GTS 450 (ID=0x1245)
    Vendor:   
    VRAM:     979 MB
    Driver:   23.21.13.8813
Initialize mono
Mono path[0] = 'C:/Program Files/Unity/Hub/Editor/2020.3.10f1/Editor/Data/Managed'
Mono path[1] = 'C:/Program Files/Unity/Hub/Editor/2020.3.10f1/Editor/Data/MonoBleedingEdge/lib/mono/unityjit'
Mono config path = 'C:/Program Files/Unity/Hub/Editor/2020.3.10f1/Editor/Data/MonoBleedingEdge/etc'
Using monoOptions --debugger-agent=transport=dt_socket,embedding=1,server=y,suspend=n,address=127.0.0.1:56508
Begin MonoManager ReloadAssembly
Registering precompiled unity dll's ...
Register platform support module: C:/Program Files/Unity/Hub/Editor/2020.3.10f1/Editor/Data/PlaybackEngines/WindowsStandaloneSupport/UnityEditor.WindowsStandalone.Extensions.dll
Registered in 0.007447 seconds.
Native extension for WindowsStandalone target not found
Refreshing native plugins compatible for Editor in 47.24 ms, found 2 plugins.
Preloading 0 native plugins for Editor in 0.00 ms.
Mono: successfully reloaded assembly
- Completed reload, in  9.699 seconds
Platform modules already initialized, skipping
Registering precompiled user dll's ...
Registered in 0.308881 seconds.
Begin MonoManager ReloadAssembly
Native extension for WindowsStandalone target not found
Refreshing native plugins compatible for Editor in 0.48 ms, found 2 plugins.
Preloading 0 native plugins for Editor in 0.00 ms.
Mono: successfully reloaded assembly
- Completed reload, in  1.606 seconds
Platform modules already initialized, skipping
========================================================================
Worker process is ready to serve import requests
Launched and connected shader compiler UnityShaderCompiler.exe after 0.12 seconds
Refreshing native plugins compatible for Editor in 0.43 ms, found 2 plugins.
Preloading 0 native plugins for Editor in 0.00 ms.
Unloading 1410 Unused Serialized files (Serialized files now loaded: 0)
System memory in use before: 73.9 MB.
System memory in use after: 74.0 MB.

Unloading 19 unused Assets to reduce memory usage. Loaded Objects now: 1846.
Total: 2.252200 ms (FindLiveObjects: 0.167700 ms CreateObjectMapping: 0.064600 ms MarkObjects: 1.891900 ms  DeleteObjects: 0.126500 ms)

========================================================================
Received Import Request.
  path: Assets/unity-chan!/Unity-chan! Model
  artifactKey: Guid(6395fe2434a22ef41b83186b290f8fab) Importer(815301076,1909f56bfc062723c751e8b465ee728b)
Start importing Assets/unity-chan!/Unity-chan! Model using Guid(6395fe2434a22ef41b83186b290f8fab) Importer(815301076,1909f56bfc062723c751e8b465ee728b)  -> (artifact id: '4da1c6fc935fe302be838b1c133b3a4e') in 0.013192 seconds
  Import took 0.016796 seconds .

========================================================================
Received Import Request.
  Time since last request: 3.929404 seconds.
  path: Assets/unity-chan!/Unity-chan! Model/Art/Models
  artifactKey: Guid(0651926009c11fa4b939d33f086c4028) Importer(815301076,1909f56bfc062723c751e8b465ee728b)
Start importing Assets/unity-chan!/Unity-chan! Model/Art/Models using Guid(0651926009c11fa4b939d33f086c4028) Importer(815301076,1909f56bfc062723c751e8b465ee728b)  -> (artifact id: 'e81ab3adb86631fdce5a76506127f157') in 0.025008 seconds
  Import took 0.028269 seconds .

========================================================================
Received Import Request.
  Time since last request: 184.179815 seconds.
  path: Assets/unity-chan!/Unity-chan! Model/Art/Models/BoxUnityChan.fbx
  artifactKey: Guid(d6dad0fb52ba12f458cc7ffb66882391) Importer(815301076,1909f56bfc062723c751e8b465ee728b)
Start importing Assets/unity-chan!/Unity-chan! Model/Art/Models/BoxUnityChan.fbx using Guid(d6dad0fb52ba12f458cc7ffb66882391) Importer(815301076,1909f56bfc062723c751e8b465ee728b)  -> (artifact id: '35583e045819f63fd604d97b204b8c70') in 1.019762 seconds
  Import took 1.024301 seconds .

========================================================================
Received Import Request.
  Time since last request: 0.000336 seconds.
  path: Assets/unity-chan!/Unity-chan! Model/Art/Models/unitychan.fbx
  artifactKey: Guid(8f0565f23a2b58541a475bd3c1393052) Importer(815301076,1909f56bfc062723c751e8b465ee728b)
Start importing Assets/unity-chan!/Unity-chan! Model/Art/Models/unitychan.fbx using Guid(8f0565f23a2b58541a475bd3c1393052) Importer(815301076,1909f56bfc062723c751e8b465ee728b)  -> (artifact id: 'b539c1d8c4b90771e65dda6c17e8d2ec') in 0.560161 seconds
  Import took 0.565088 seconds .

========================================================================
Received Import Request.
  Time since last request: 571.046917 seconds.
  path: Assets/unity-chan!/Unity-chan! Model/Art/Models/unitychan.fbx
  artifactKey: Guid(8f0565f23a2b58541a475bd3c1393052) Importer(815301076,1909f56bfc062723c751e8b465ee728b)
Start importing Assets/unity-chan!/Unity-chan! Model/Art/Models/unitychan.fbx using Guid(8f0565f23a2b58541a475bd3c1393052) Importer(815301076,1909f56bfc062723c751e8b465ee728b)  -> (artifact id: '3e78c3f7fbbfd053a5056bff8909d24c') in 0.294679 seconds
  Import took 0.299592 seconds .

========================================================================
Received Import Request.
  Time since last request: 0.518634 seconds.
  path: Assets/unity-chan!/Unity-chan! Model/Art/Models/unitychan.fbx
  artifactKey: Guid(8f0565f23a2b58541a475bd3c1393052) Importer(815301076,1909f56bfc062723c751e8b465ee728b)
Start importing Assets/unity-chan!/Unity-chan! Model/Art/Models/unitychan.fbx using Guid(8f0565f23a2b58541a475bd3c1393052) Importer(815301076,1909f56bfc062723c751e8b465ee728b)  -> (artifact id: '3e78c3f7fbbfd053a5056bff8909d24c') in 0.265470 seconds
  Import took 0.270223 seconds .

========================================================================
Received Import Request.
  Time since last request: 317.115230 seconds.
  path: Assets/unity-chan!/Unity-chan! Model/Art/Animations
  artifactKey: Guid(74bcda471467838418c210cd804e4978) Importer(815301076,1909f56bfc062723c751e8b465ee728b)
Start importing Assets/unity-chan!/Unity-chan! Model/Art/Animations using Guid(74bcda471467838418c210cd804e4978) Importer(815301076,1909f56bfc062723c751e8b465ee728b)  -> (artifact id: '665ed0f0b10487a3bafbde2f2c9d4e0e') in 0.014798 seconds
  Import took 0.018934 seconds .

========================================================================
Received Import Request.
  Time since last request: 17.961373 seconds.
  path: Assets/unity-chan!/Unity-chan! Model/SplashScreen/Animations
  artifactKey: Guid(9d5699de723ca42539a5d71dc2dd9006) Importer(815301076,1909f56bfc062723c751e8b465ee728b)
Start importing Assets/unity-chan!/Unity-chan! Model/SplashScreen/Animations using Guid(9d5699de723ca42539a5d71dc2dd9006) Importer(815301076,1909f56bfc062723c751e8b465ee728b)  -> (artifact id: '0e9f69ec3cc017dfcbea025b03eefd8b') in 0.005989 seconds
  Import took 0.009539 seconds .

========================================================================
Received Import Request.
  Time since last request: 99.945442 seconds.
  path: Assets/Player.controller
  artifactKey: Guid(bdd0224ce1516e744ada9905046a64e9) Importer(815301076,1909f56bfc062723c751e8b465ee728b)
Start importing Assets/Player.controller using Guid(bdd0224ce1516e744ada9905046a64e9) Importer(815301076,1909f56bfc062723c751e8b465ee728b)  -> (artifact id: '9e397b9f81f8c69be479cab207ba3d32') in 0.027695 seconds
  Import took 0.031604 seconds .

========================================================================
Received Import Request.
  Time since last request: 0.000382 seconds.
  path: Assets/Player.controller
  artifactKey: Guid(bdd0224ce1516e744ada9905046a64e9) Importer(815301076,1909f56bfc062723c751e8b465ee728b)
Start importing Assets/Player.controller using Guid(bdd0224ce1516e744ada9905046a64e9) Importer(815301076,1909f56bfc062723c751e8b465ee728b)  -> (artifact id: '9e397b9f81f8c69be479cab207ba3d32') in 0.005581 seconds
  Import took 0.009118 seconds .

========================================================================
Received Import Request.
  Time since last request: 30.237594 seconds.
  path: Assets/unity-chan!
  artifactKey: Guid(3dfd65c2c9584914e802b96fab44450f) Importer(815301076,1909f56bfc062723c751e8b465ee728b)
Start importing Assets/unity-chan! using Guid(3dfd65c2c9584914e802b96fab44450f) Importer(815301076,1909f56bfc062723c751e8b465ee728b)  -> (artifact id: '081ab767e4ca0e9938630265ba6d4188') in 0.010481 seconds
  Import took 0.014793 seconds .

========================================================================
Received Import Request.
  Time since last request: 0.000823 seconds.
  path: Assets/unity-chan!
  artifactKey: Guid(3dfd65c2c9584914e802b96fab44450f) Importer(815301076,1909f56bfc062723c751e8b465ee728b)
Start importing Assets/unity-chan! using Guid(3dfd65c2c9584914e802b96fab44450f) Importer(815301076,1909f56bfc062723c751e8b465ee728b)  -> (artifact id: '081ab767e4ca0e9938630265ba6d4188') in 0.004098 seconds
  Import took 0.008039 seconds .

========================================================================
Received Import Request.
  Time since last request: 108.838565 seconds.
  path: Assets/Player.controller
  artifactKey: Guid(bdd0224ce1516e744ada9905046a64e9) Importer(815301076,1909f56bfc062723c751e8b465ee728b)
Start importing Assets/Player.controller using Guid(bdd0224ce1516e744ada9905046a64e9) Importer(815301076,1909f56bfc062723c751e8b465ee728b)  -> (artifact id: '3b1f8e35f0549c4d95ce1bfa584f53ef') in 0.013772 seconds
  Import took 0.018687 seconds .

========================================================================
Received Prepare
Registering precompiled user dll's ...
Registered in 0.015035 seconds.
Begin MonoManager ReloadAssembly
Native extension for WindowsStandalone target not found
Refreshing native plugins compatible for Editor in 0.58 ms, found 2 plugins.
Preloading 0 native plugins for Editor in 0.00 ms.
Mono: successfully reloaded assembly
- Completed reload, in  1.533 seconds
Platform modules already initialized, skipping
Refreshing native plugins compatible for Editor in 0.54 ms, found 2 plugins.
Preloading 0 native plugins for Editor in 0.00 ms.
Unloading 1394 Unused Serialized files (Serialized files now loaded: 0)
System memory in use before: 89.9 MB.
System memory in use after: 90.0 MB.

Unloading 14 unused Assets to reduce memory usage. Loaded Objects now: 1860.
Total: 2.201500 ms (FindLiveObjects: 0.162100 ms CreateObjectMapping: 0.065700 ms MarkObjects: 1.887100 ms  DeleteObjects: 0.085000 ms)

========================================================================
Received Import Request.
  Time since last request: 61.555809 seconds.
  path: Assets
  artifactKey: Guid(00000000000000001000000000000000) Importer(815301076,1909f56bfc062723c751e8b465ee728b)
Start importing Assets using Guid(00000000000000001000000000000000) Importer(815301076,1909f56bfc062723c751e8b465ee728b)  -> (artifact id: '42d402b061de3733987d63b9cc3b64de') in 0.014733 seconds
  Import took 0.019427 seconds .

========================================================================
Received Import Request.
  Time since last request: 19.475316 seconds.
  path: Assets/PlayerController.cs
  artifactKey: Guid(282eb2b4e6c41dc41a641247d699b839) Importer(815301076,1909f56bfc062723c751e8b465ee728b)
Start importing Assets/PlayerController.cs using Guid(282eb2b4e6c41dc41a641247d699b839) Importer(815301076,1909f56bfc062723c751e8b465ee728b)  -> (artifact id: '5f3711de20b41e4f84a53e1d412e5453') in 0.044322 seconds
  Import took 0.049477 seconds .

========================================================================
Received Prepare
Registering precompiled user dll's ...
Registered in 0.071184 seconds.
Begin MonoManager ReloadAssembly
Native extension for WindowsStandalone target not found
Refreshing native plugins compatible for Editor in 5.71 ms, found 2 plugins.
Preloading 0 native plugins for Editor in 0.00 ms.
Mono: successfully reloaded assembly
- Completed reload, in  2.009 seconds
Platform modules already initialized, skipping
Refreshing native plugins compatible for Editor in 0.46 ms, found 2 plugins.
Preloading 0 native plugins for Editor in 0.00 ms.
Unloading 1395 Unused Serialized files (Serialized files now loaded: 0)
System memory in use before: 90.0 MB.
System memory in use after: 90.1 MB.

Unloading 14 unused Assets to reduce memory usage. Loaded Objects now: 1864.
Total: 2.325700 ms (FindLiveObjects: 0.199200 ms CreateObjectMapping: 0.065500 ms MarkObjects: 1.963600 ms  DeleteObjects: 0.095700 ms)

========================================================================
Received Prepare
Registering precompiled user dll's ...
Registered in 0.021135 seconds.
Begin MonoManager ReloadAssembly
Native extension for WindowsStandalone target not found
Refreshing native plugins compatible for Editor in 0.46 ms, found 2 plugins.
Preloading 0 native plugins for Editor in 0.00 ms.
Mono: successfully reloaded assembly
- Completed reload, in  1.497 seconds
Platform modules already initialized, skipping
Refreshing native plugins compatible for Editor in 0.47 ms, found 2 plugins.
Preloading 0 native plugins for Editor in 0.00 ms.
Unloading 1395 Unused Serialized files (Serialized files now loaded: 0)
System memory in use before: 90.0 MB.
System memory in use after: 90.1 MB.

Unloading 14 unused Assets to reduce memory usage. Loaded Objects now: 1867.
Total: 2.256600 ms (FindLiveObjects: 0.166600 ms CreateObjectMapping: 0.065500 ms MarkObjects: 1.928400 ms  DeleteObjects: 0.094400 ms)

========================================================================
Received Import Request.
  Time since last request: 209.793176 seconds.
  path: Assets/PlayerController.cs
  artifactKey: Guid(282eb2b4e6c41dc41a641247d699b839) Importer(815301076,1909f56bfc062723c751e8b465ee728b)
Start importing Assets/PlayerController.cs using Guid(282eb2b4e6c41dc41a641247d699b839) Importer(815301076,1909f56bfc062723c751e8b465ee728b)  -> (artifact id: 'f03b4aeddd3240911bbe4f7754ac225d') in 0.013082 seconds
  Import took 0.018330 seconds .

========================================================================
Received Prepare
Registering precompiled user dll's ...
Registered in 0.016764 seconds.
Begin MonoManager ReloadAssembly
Native extension for WindowsStandalone target not found
Refreshing native plugins compatible for Editor in 0.68 ms, found 2 plugins.
Preloading 0 native plugins for Editor in 0.00 ms.
Mono: successfully reloaded assembly
- Completed reload, in  1.583 seconds
Platform modules already initialized, skipping
Refreshing native plugins compatible for Editor in 0.48 ms, found 2 plugins.
Preloading 0 native plugins for Editor in 0.00 ms.
Unloading 1395 Unused Serialized files (Serialized files now loaded: 0)
System memory in use before: 90.0 MB.
System memory in use after: 90.1 MB.

Unloading 14 unused Assets to reduce memory usage. Loaded Objects now: 1870.
Total: 3.818200 ms (FindLiveObjects: 0.166000 ms CreateObjectMapping: 0.068100 ms MarkObjects: 3.489400 ms  DeleteObjects: 0.092800 ms)

========================================================================
Received Import Request.
  Time since last request: 183.549320 seconds.
  path: Assets/Player.controller
  artifactKey: Guid(bdd0224ce1516e744ada9905046a64e9) Importer(815301076,1909f56bfc062723c751e8b465ee728b)
Start importing Assets/Player.controller using Guid(bdd0224ce1516e744ada9905046a64e9) Importer(815301076,1909f56bfc062723c751e8b465ee728b)  -> (artifact id: '3c759791daecd8011a725140a2b8f0fb') in 0.153625 seconds
  Import took 0.160620 seconds .

========================================================================
Received Prepare
Registering precompiled user dll's ...
Registered in 0.019469 seconds.
Begin MonoManager ReloadAssembly
Native extension for WindowsStandalone target not found
Refreshing native plugins compatible for Editor in 0.46 ms, found 2 plugins.
Preloading 0 native plugins for Editor in 0.00 ms.
Mono: successfully reloaded assembly
- Completed reload, in  1.632 seconds
Platform modules already initialized, skipping
Refreshing native plugins compatible for Editor in 0.47 ms, found 2 plugins.
Preloading 0 native plugins for Editor in 0.00 ms.
Unloading 1395 Unused Serialized files (Serialized files now loaded: 0)
System memory in use before: 90.0 MB.
System memory in use after: 90.1 MB.

Unloading 14 unused Assets to reduce memory usage. Loaded Objects now: 1873.
Total: 2.317900 ms (FindLiveObjects: 0.167600 ms CreateObjectMapping: 0.065000 ms MarkObjects: 1.987500 ms  DeleteObjects: 0.096300 ms)

========================================================================
Received Import Request.
  Time since last request: 180.164541 seconds.
  path: Assets/PlayerController.cs
  artifactKey: Guid(282eb2b4e6c41dc41a641247d699b839) Importer(815301076,1909f56bfc062723c751e8b465ee728b)
Start importing Assets/PlayerController.cs using Guid(282eb2b4e6c41dc41a641247d699b839) Importer(815301076,1909f56bfc062723c751e8b465ee728b)  -> (artifact id: 'd140e73545d9174409111f0203edb8db') in 0.007901 seconds
  Import took 0.012573 seconds .

========================================================================
Received Import Request.
  Time since last request: 0.756930 seconds.
  path: Assets/PlayerController.cs
  artifactKey: Guid(282eb2b4e6c41dc41a641247d699b839) Importer(815301076,1909f56bfc062723c751e8b465ee728b)
Start importing Assets/PlayerController.cs using Guid(282eb2b4e6c41dc41a641247d699b839) Importer(815301076,1909f56bfc062723c751e8b465ee728b)  -> (artifact id: 'd140e73545d9174409111f0203edb8db') in 0.005060 seconds
  Import took 0.010857 seconds .

========================================================================
Received Prepare
Registering precompiled user dll's ...
Registered in 0.015071 seconds.
Begin MonoManager ReloadAssembly
Native extension for WindowsStandalone target not found
Refreshing native plugins compatible for Editor in 0.59 ms, found 2 plugins.
Preloading 0 native plugins for Editor in 0.00 ms.
Mono: successfully reloaded assembly
- Completed reload, in  2.094 seconds
Platform modules already initialized, skipping
Refreshing native plugins compatible for Editor in 0.62 ms, found 2 plugins.
Preloading 0 native plugins for Editor in 0.00 ms.
Unloading 1395 Unused Serialized files (Serialized files now loaded: 0)
System memory in use before: 90.0 MB.
System memory in use after: 90.1 MB.

Unloading 14 unused Assets to reduce memory usage. Loaded Objects now: 1876.
Total: 2.955200 ms (FindLiveObjects: 0.337100 ms CreateObjectMapping: 0.112300 ms MarkObjects: 2.423900 ms  DeleteObjects: 0.080400 ms)

AssetImportWorkerClient::OnTransportError - code=2 error=End of file
