Using pre-set license
Built from '2020.3/staging' branch; Version is '2020.3.10f1 (297d780c91bc) revision 2719096'; Using compiler version '192528614'; Build Type 'Release'
OS: 'Windows 10 Pro; OS build 19042.1052; Version 2009; 64bit' Language: 'ko' Physical Memory: 4076 MB
BatchMode: 1, IsHumanControllingUs: 0, StartBugReporterOnCrash: 0, Is64bit: 1, IsPro: 0

 COMMAND LINE ARGUMENTS:
C:\Program Files\Unity\Hub\Editor\2020.3.10f1\Editor\Unity.exe
-adb2
-batchMode
-noUpm
-name
AssetImportWorker0
-projectPath
C:/Users/admin/Documents/GitHub/Unity/self_education(21.06.16)
-logFile
Logs/AssetImportWorker0.log
-srvPort
53177
Successfully changed project path to: C:/Users/admin/Documents/GitHub/Unity/self_education(21.06.16)
C:/Users/admin/Documents/GitHub/Unity/self_education(21.06.16)
Using Asset Import Pipeline V2.
Refreshing native plugins compatible for Editor in 47.71 ms, found 2 plugins.
Preloading 0 native plugins for Editor in 0.00 ms.
Initialize engine version: 2020.3.10f1 (297d780c91bc)
[Subsystems] Discovering subsystems at path C:/Program Files/Unity/Hub/Editor/2020.3.10f1/Editor/Data/Resources/UnitySubsystems
[Subsystems] Discovering subsystems at path C:/Users/admin/Documents/GitHub/Unity/self_education(21.06.16)/Assets
GfxDevice: creating device client; threaded=0
Direct3D:
    Version:  Direct3D 11.0 [level 11.0]
    Renderer: NVIDIA GeForce GTS 450 (ID=0x1245)
    Vendor:   
    VRAM:     979 MB
    Driver:   23.21.13.8813
Initialize mono
Mono path[0] = 'C:/Program Files/Unity/Hub/Editor/2020.3.10f1/Editor/Data/Managed'
Mono path[1] = 'C:/Program Files/Unity/Hub/Editor/2020.3.10f1/Editor/Data/MonoBleedingEdge/lib/mono/unityjit'
Mono config path = 'C:/Program Files/Unity/Hub/Editor/2020.3.10f1/Editor/Data/MonoBleedingEdge/etc'
Using monoOptions --debugger-agent=transport=dt_socket,embedding=1,server=y,suspend=n,address=127.0.0.1:56716
Begin MonoManager ReloadAssembly
Registering precompiled unity dll's ...
Register platform support module: C:/Program Files/Unity/Hub/Editor/2020.3.10f1/Editor/Data/PlaybackEngines/WindowsStandaloneSupport/UnityEditor.WindowsStandalone.Extensions.dll
Registered in 0.008331 seconds.
Native extension for WindowsStandalone target not found
Refreshing native plugins compatible for Editor in 43.72 ms, found 2 plugins.
Preloading 0 native plugins for Editor in 0.00 ms.
Mono: successfully reloaded assembly
- Completed reload, in  7.744 seconds
Platform modules already initialized, skipping
Registering precompiled user dll's ...
Registered in 0.027576 seconds.
Begin MonoManager ReloadAssembly
Native extension for WindowsStandalone target not found
Refreshing native plugins compatible for Editor in 0.41 ms, found 2 plugins.
Preloading 0 native plugins for Editor in 0.00 ms.
Mono: successfully reloaded assembly
- Completed reload, in  1.916 seconds
Platform modules already initialized, skipping
========================================================================
Worker process is ready to serve import requests
Launched and connected shader compiler UnityShaderCompiler.exe after 0.12 seconds
Refreshing native plugins compatible for Editor in 0.44 ms, found 2 plugins.
Preloading 0 native plugins for Editor in 0.00 ms.
Unloading 1386 Unused Serialized files (Serialized files now loaded: 0)
System memory in use before: 67.2 MB.
System memory in use after: 67.3 MB.

Unloading 19 unused Assets to reduce memory usage. Loaded Objects now: 1819.
Total: 2.225500 ms (FindLiveObjects: 0.164900 ms CreateObjectMapping: 0.064500 ms MarkObjects: 1.891400 ms  DeleteObjects: 0.103000 ms)

========================================================================
Received Import Request.
  path: Assets/Prefabs
  artifactKey: Guid(c166d66220680384f9595160f72350bb) Importer(815301076,1909f56bfc062723c751e8b465ee728b)
Start importing Assets/Prefabs using Guid(c166d66220680384f9595160f72350bb) Importer(815301076,1909f56bfc062723c751e8b465ee728b)  -> (artifact id: 'c4760e66372cf093f6bc2d209e9792d3') in 0.022595 seconds
  Import took 0.026458 seconds .

========================================================================
Received Import Request.
  Time since last request: 100.357862 seconds.
  path: Assets/Materials
  artifactKey: Guid(22bc0e35dabd9614586e0cebe1feb2d4) Importer(815301076,1909f56bfc062723c751e8b465ee728b)
Start importing Assets/Materials using Guid(22bc0e35dabd9614586e0cebe1feb2d4) Importer(815301076,1909f56bfc062723c751e8b465ee728b)  -> (artifact id: 'f2d84d361b9619ab080041609bf77301') in 0.021285 seconds
  Import took 0.025818 seconds .

========================================================================
Received Import Request.
  Time since last request: 178.615312 seconds.
  path: Assets
  artifactKey: Guid(00000000000000001000000000000000) Importer(815301076,1909f56bfc062723c751e8b465ee728b)
Start importing Assets using Guid(00000000000000001000000000000000) Importer(815301076,1909f56bfc062723c751e8b465ee728b)  -> (artifact id: '42d402b061de3733987d63b9cc3b64de') in 0.020160 seconds
  Import took 0.024924 seconds .

========================================================================
Received Import Request.
  Time since last request: 7.580808 seconds.
  path: Assets/Script
  artifactKey: Guid(17f28a125de0591449c947c2705bf619) Importer(815301076,1909f56bfc062723c751e8b465ee728b)
Start importing Assets/Script using Guid(17f28a125de0591449c947c2705bf619) Importer(815301076,1909f56bfc062723c751e8b465ee728b)  -> (artifact id: 'fe4f37a786472c305449a1d539e0f3c9') in 0.021954 seconds
  Import took 0.025813 seconds .

========================================================================
Received Import Request.
  Time since last request: 13.344525 seconds.
  path: Assets/Script/Movement.cs
  artifactKey: Guid(f5a702619569afe4180694e0987aef16) Importer(815301076,1909f56bfc062723c751e8b465ee728b)
Start importing Assets/Script/Movement.cs using Guid(f5a702619569afe4180694e0987aef16) Importer(815301076,1909f56bfc062723c751e8b465ee728b)  -> (artifact id: 'fc23d1946fa3a73dff8496e578d0cf9d') in 0.091666 seconds
  Import took 0.095022 seconds .

========================================================================
Received Import Request.
  Time since last request: 0.082758 seconds.
  path: Assets/Script/Movement.cs
  artifactKey: Guid(f5a702619569afe4180694e0987aef16) Importer(815301076,1909f56bfc062723c751e8b465ee728b)
Start importing Assets/Script/Movement.cs using Guid(f5a702619569afe4180694e0987aef16) Importer(815301076,1909f56bfc062723c751e8b465ee728b)  -> (artifact id: 'fc23d1946fa3a73dff8496e578d0cf9d') in 0.039712 seconds
  Import took 0.044178 seconds .

========================================================================
Received Prepare
Registering precompiled user dll's ...
Registered in 0.016253 seconds.
Begin MonoManager ReloadAssembly
Native extension for WindowsStandalone target not found
Refreshing native plugins compatible for Editor in 0.42 ms, found 2 plugins.
Preloading 0 native plugins for Editor in 0.00 ms.
Mono: successfully reloaded assembly
- Completed reload, in  1.605 seconds
Platform modules already initialized, skipping
Refreshing native plugins compatible for Editor in 0.40 ms, found 2 plugins.
Preloading 0 native plugins for Editor in 0.00 ms.
Unloading 1382 Unused Serialized files (Serialized files now loaded: 0)
System memory in use before: 67.2 MB.
System memory in use after: 67.3 MB.

Unloading 14 unused Assets to reduce memory usage. Loaded Objects now: 1823.
Total: 2.386200 ms (FindLiveObjects: 0.227800 ms CreateObjectMapping: 0.073600 ms MarkObjects: 2.017000 ms  DeleteObjects: 0.066300 ms)

========================================================================
Received Prepare
Registering precompiled user dll's ...
Registered in 0.009692 seconds.
Begin MonoManager ReloadAssembly
Native extension for WindowsStandalone target not found
Refreshing native plugins compatible for Editor in 0.39 ms, found 2 plugins.
Preloading 0 native plugins for Editor in 0.00 ms.
Mono: successfully reloaded assembly
- Completed reload, in  1.498 seconds
Platform modules already initialized, skipping
Refreshing native plugins compatible for Editor in 0.40 ms, found 2 plugins.
Preloading 0 native plugins for Editor in 0.00 ms.
Unloading 1381 Unused Serialized files (Serialized files now loaded: 0)
System memory in use before: 67.2 MB.
System memory in use after: 67.3 MB.

Unloading 15 unused Assets to reduce memory usage. Loaded Objects now: 1825.
Total: 2.154100 ms (FindLiveObjects: 0.155900 ms CreateObjectMapping: 0.063800 ms MarkObjects: 1.854400 ms  DeleteObjects: 0.078700 ms)

========================================================================
Received Import Request.
  Time since last request: 23.497114 seconds.
  path: Assets/Script/Movement3D.cs
  artifactKey: Guid(fb7fa188b4365624ea2d7ff52d7a68ab) Importer(815301076,1909f56bfc062723c751e8b465ee728b)
Start importing Assets/Script/Movement3D.cs using Guid(fb7fa188b4365624ea2d7ff52d7a68ab) Importer(815301076,1909f56bfc062723c751e8b465ee728b)  -> (artifact id: '29ea01903631595a9d7baf94b3b268bc') in 0.042343 seconds
  Import took 0.048119 seconds .

========================================================================
Received Prepare
Registering precompiled user dll's ...
Registered in 0.009180 seconds.
Begin MonoManager ReloadAssembly
Native extension for WindowsStandalone target not found
Refreshing native plugins compatible for Editor in 0.43 ms, found 2 plugins.
Preloading 0 native plugins for Editor in 0.00 ms.
Mono: successfully reloaded assembly
- Completed reload, in  1.707 seconds
Platform modules already initialized, skipping
Refreshing native plugins compatible for Editor in 1.42 ms, found 2 plugins.
Preloading 0 native plugins for Editor in 0.00 ms.
Unloading 1382 Unused Serialized files (Serialized files now loaded: 0)
System memory in use before: 67.3 MB.
System memory in use after: 67.3 MB.

Unloading 14 unused Assets to reduce memory usage. Loaded Objects now: 1829.
Total: 2.243500 ms (FindLiveObjects: 0.154400 ms CreateObjectMapping: 0.065100 ms MarkObjects: 1.953100 ms  DeleteObjects: 0.069200 ms)

========================================================================
Received Import Request.
  Time since last request: 635.440226 seconds.
  path: Assets/Script/PlayerController.cs
  artifactKey: Guid(f1d6c816b67e6bb42969110e1f680674) Importer(815301076,1909f56bfc062723c751e8b465ee728b)
Start importing Assets/Script/PlayerController.cs using Guid(f1d6c816b67e6bb42969110e1f680674) Importer(815301076,1909f56bfc062723c751e8b465ee728b)  -> (artifact id: 'c3c1f23d8a3d975ad2a4fa1a86081020') in 0.952606 seconds
  Import took 1.491952 seconds .

========================================================================
Received Prepare
Registering precompiled user dll's ...
Registered in 0.021461 seconds.
Begin MonoManager ReloadAssembly
Native extension for WindowsStandalone target not found
Refreshing native plugins compatible for Editor in 1.13 ms, found 2 plugins.
Preloading 0 native plugins for Editor in 0.00 ms.
Mono: successfully reloaded assembly
- Completed reload, in  3.858 seconds
Platform modules already initialized, skipping
Refreshing native plugins compatible for Editor in 0.42 ms, found 2 plugins.
Preloading 0 native plugins for Editor in 0.00 ms.
Unloading 1383 Unused Serialized files (Serialized files now loaded: 0)
System memory in use before: 67.3 MB.
System memory in use after: 67.4 MB.

Unloading 14 unused Assets to reduce memory usage. Loaded Objects now: 1833.
Total: 21.425600 ms (FindLiveObjects: 1.407500 ms CreateObjectMapping: 0.076400 ms MarkObjects: 19.282700 ms  DeleteObjects: 0.656100 ms)

========================================================================
Received Import Request.
  Time since last request: 301.781908 seconds.
  path: Assets/Script/PlayerController.cs
  artifactKey: Guid(f1d6c816b67e6bb42969110e1f680674) Importer(815301076,1909f56bfc062723c751e8b465ee728b)
Start importing Assets/Script/PlayerController.cs using Guid(f1d6c816b67e6bb42969110e1f680674) Importer(815301076,1909f56bfc062723c751e8b465ee728b)  -> (artifact id: 'ebefbeb0b7650fff83c397b2d6b46500') in 0.014020 seconds
  Import took 0.019133 seconds .

========================================================================
Received Import Request.
  Time since last request: 0.663202 seconds.
  path: Assets/Script/Movement3D.cs
  artifactKey: Guid(fb7fa188b4365624ea2d7ff52d7a68ab) Importer(815301076,1909f56bfc062723c751e8b465ee728b)
Start importing Assets/Script/Movement3D.cs using Guid(fb7fa188b4365624ea2d7ff52d7a68ab) Importer(815301076,1909f56bfc062723c751e8b465ee728b)  -> (artifact id: '3b46f0c21a605932d2f65bc45d733f75') in 0.010631 seconds
  Import took 0.017236 seconds .

========================================================================
Received Import Request.
  Time since last request: 0.000883 seconds.
  path: Assets/Script/Movement3D.cs
  artifactKey: Guid(fb7fa188b4365624ea2d7ff52d7a68ab) Importer(815301076,1909f56bfc062723c751e8b465ee728b)
Start importing Assets/Script/Movement3D.cs using Guid(fb7fa188b4365624ea2d7ff52d7a68ab) Importer(815301076,1909f56bfc062723c751e8b465ee728b)  -> (artifact id: '3b46f0c21a605932d2f65bc45d733f75') in 0.018381 seconds
  Import took 0.023243 seconds .

========================================================================
Received Prepare
Registering precompiled user dll's ...
Registered in 0.015529 seconds.
Begin MonoManager ReloadAssembly
Native extension for WindowsStandalone target not found
Refreshing native plugins compatible for Editor in 0.41 ms, found 2 plugins.
Preloading 0 native plugins for Editor in 0.00 ms.
Mono: successfully reloaded assembly
- Completed reload, in  1.522 seconds
Platform modules already initialized, skipping
Refreshing native plugins compatible for Editor in 0.40 ms, found 2 plugins.
Preloading 0 native plugins for Editor in 0.00 ms.
Unloading 1383 Unused Serialized files (Serialized files now loaded: 0)
System memory in use before: 67.3 MB.
System memory in use after: 67.4 MB.

Unloading 14 unused Assets to reduce memory usage. Loaded Objects now: 1836.
Total: 2.347800 ms (FindLiveObjects: 0.186100 ms CreateObjectMapping: 0.085500 ms MarkObjects: 2.002100 ms  DeleteObjects: 0.072100 ms)

========================================================================
Received Prepare
Registering precompiled user dll's ...
Registered in 0.010742 seconds.
Begin MonoManager ReloadAssembly
Native extension for WindowsStandalone target not found
Refreshing native plugins compatible for Editor in 0.40 ms, found 2 plugins.
Preloading 0 native plugins for Editor in 0.00 ms.
Mono: successfully reloaded assembly
- Completed reload, in  1.498 seconds
Platform modules already initialized, skipping
Refreshing native plugins compatible for Editor in 0.41 ms, found 2 plugins.
Preloading 0 native plugins for Editor in 0.00 ms.
Unloading 1383 Unused Serialized files (Serialized files now loaded: 0)
System memory in use before: 67.3 MB.
System memory in use after: 67.4 MB.

Unloading 14 unused Assets to reduce memory usage. Loaded Objects now: 1839.
Total: 2.510700 ms (FindLiveObjects: 0.147000 ms CreateObjectMapping: 0.062700 ms MarkObjects: 2.218700 ms  DeleteObjects: 0.080600 ms)

========================================================================
Received Prepare
Registering precompiled user dll's ...
Registered in 0.010793 seconds.
Begin MonoManager ReloadAssembly
Native extension for WindowsStandalone target not found
Refreshing native plugins compatible for Editor in 0.41 ms, found 2 plugins.
Preloading 0 native plugins for Editor in 0.00 ms.
Mono: successfully reloaded assembly
- Completed reload, in  1.558 seconds
Platform modules already initialized, skipping
Refreshing native plugins compatible for Editor in 0.41 ms, found 2 plugins.
Preloading 0 native plugins for Editor in 0.00 ms.
Unloading 1383 Unused Serialized files (Serialized files now loaded: 0)
System memory in use before: 67.3 MB.
System memory in use after: 67.4 MB.

Unloading 14 unused Assets to reduce memory usage. Loaded Objects now: 1842.
Total: 4.497300 ms (FindLiveObjects: 0.173100 ms CreateObjectMapping: 0.066900 ms MarkObjects: 3.200400 ms  DeleteObjects: 1.054900 ms)

========================================================================
Received Prepare
Registering precompiled user dll's ...
Registered in 0.012094 seconds.
Begin MonoManager ReloadAssembly
Native extension for WindowsStandalone target not found
Refreshing native plugins compatible for Editor in 0.41 ms, found 2 plugins.
Preloading 0 native plugins for Editor in 0.00 ms.
Mono: successfully reloaded assembly
- Completed reload, in  1.511 seconds
Platform modules already initialized, skipping
Refreshing native plugins compatible for Editor in 0.41 ms, found 2 plugins.
Preloading 0 native plugins for Editor in 0.00 ms.
Unloading 1383 Unused Serialized files (Serialized files now loaded: 0)
System memory in use before: 67.3 MB.
System memory in use after: 67.4 MB.

Unloading 14 unused Assets to reduce memory usage. Loaded Objects now: 1845.
Total: 2.828600 ms (FindLiveObjects: 0.157600 ms CreateObjectMapping: 0.067400 ms MarkObjects: 2.529200 ms  DeleteObjects: 0.072400 ms)

========================================================================
Received Prepare
Registering precompiled user dll's ...
Registered in 0.015280 seconds.
Begin MonoManager ReloadAssembly
Native extension for WindowsStandalone target not found
Refreshing native plugins compatible for Editor in 0.42 ms, found 2 plugins.
Preloading 0 native plugins for Editor in 0.00 ms.
Mono: successfully reloaded assembly
- Completed reload, in  1.601 seconds
Platform modules already initialized, skipping
Refreshing native plugins compatible for Editor in 0.41 ms, found 2 plugins.
Preloading 0 native plugins for Editor in 0.00 ms.
Unloading 1383 Unused Serialized files (Serialized files now loaded: 0)
System memory in use before: 67.3 MB.
System memory in use after: 67.4 MB.

Unloading 14 unused Assets to reduce memory usage. Loaded Objects now: 1848.
Total: 2.342500 ms (FindLiveObjects: 0.186600 ms CreateObjectMapping: 0.064000 ms MarkObjects: 2.018400 ms  DeleteObjects: 0.072200 ms)

========================================================================
Received Prepare
Registering precompiled user dll's ...
Registered in 0.008570 seconds.
Begin MonoManager ReloadAssembly
Native extension for WindowsStandalone target not found
Refreshing native plugins compatible for Editor in 0.41 ms, found 2 plugins.
Preloading 0 native plugins for Editor in 0.00 ms.
Mono: successfully reloaded assembly
- Completed reload, in  1.519 seconds
Platform modules already initialized, skipping
Refreshing native plugins compatible for Editor in 0.41 ms, found 2 plugins.
Preloading 0 native plugins for Editor in 0.00 ms.
Unloading 1383 Unused Serialized files (Serialized files now loaded: 0)
System memory in use before: 67.3 MB.
System memory in use after: 67.4 MB.

Unloading 14 unused Assets to reduce memory usage. Loaded Objects now: 1851.
Total: 2.242000 ms (FindLiveObjects: 0.180800 ms CreateObjectMapping: 0.061800 ms MarkObjects: 1.917500 ms  DeleteObjects: 0.080200 ms)

========================================================================
Received Prepare
Registering precompiled user dll's ...
Registered in 0.009520 seconds.
Begin MonoManager ReloadAssembly
Native extension for WindowsStandalone target not found
Refreshing native plugins compatible for Editor in 0.48 ms, found 2 plugins.
Preloading 0 native plugins for Editor in 0.00 ms.
Mono: successfully reloaded assembly
- Completed reload, in  1.644 seconds
Platform modules already initialized, skipping
Refreshing native plugins compatible for Editor in 0.44 ms, found 2 plugins.
Preloading 0 native plugins for Editor in 0.00 ms.
Unloading 1383 Unused Serialized files (Serialized files now loaded: 0)
System memory in use before: 67.3 MB.
System memory in use after: 67.4 MB.

Unloading 14 unused Assets to reduce memory usage. Loaded Objects now: 1854.
Total: 2.724500 ms (FindLiveObjects: 0.199200 ms CreateObjectMapping: 0.071300 ms MarkObjects: 2.364000 ms  DeleteObjects: 0.088100 ms)

========================================================================
Received Prepare
Registering precompiled user dll's ...
Registered in 0.009575 seconds.
Begin MonoManager ReloadAssembly
Native extension for WindowsStandalone target not found
Refreshing native plugins compatible for Editor in 0.41 ms, found 2 plugins.
Preloading 0 native plugins for Editor in 0.00 ms.
Mono: successfully reloaded assembly
- Completed reload, in  1.679 seconds
Platform modules already initialized, skipping
Refreshing native plugins compatible for Editor in 0.45 ms, found 2 plugins.
Preloading 0 native plugins for Editor in 0.00 ms.
Unloading 1383 Unused Serialized files (Serialized files now loaded: 0)
System memory in use before: 67.3 MB.
System memory in use after: 67.4 MB.

Unloading 14 unused Assets to reduce memory usage. Loaded Objects now: 1857.
Total: 2.208700 ms (FindLiveObjects: 0.155500 ms CreateObjectMapping: 0.063000 ms MarkObjects: 1.912300 ms  DeleteObjects: 0.076400 ms)

========================================================================
Received Prepare
Registering precompiled user dll's ...
Registered in 0.008368 seconds.
Begin MonoManager ReloadAssembly
Native extension for WindowsStandalone target not found
Refreshing native plugins compatible for Editor in 0.80 ms, found 2 plugins.
Preloading 0 native plugins for Editor in 0.00 ms.
Mono: successfully reloaded assembly
- Completed reload, in  1.729 seconds
Platform modules already initialized, skipping
Refreshing native plugins compatible for Editor in 0.41 ms, found 2 plugins.
Preloading 0 native plugins for Editor in 0.00 ms.
Unloading 1383 Unused Serialized files (Serialized files now loaded: 0)
System memory in use before: 67.3 MB.
System memory in use after: 67.4 MB.

Unloading 14 unused Assets to reduce memory usage. Loaded Objects now: 1860.
Total: 2.202700 ms (FindLiveObjects: 0.162200 ms CreateObjectMapping: 0.070500 ms MarkObjects: 1.902300 ms  DeleteObjects: 0.066100 ms)

========================================================================
Received Prepare
Registering precompiled user dll's ...
Registered in 0.014034 seconds.
Begin MonoManager ReloadAssembly
Native extension for WindowsStandalone target not found
Refreshing native plugins compatible for Editor in 0.54 ms, found 2 plugins.
Preloading 0 native plugins for Editor in 0.00 ms.
Mono: successfully reloaded assembly
- Completed reload, in  1.599 seconds
Platform modules already initialized, skipping
Refreshing native plugins compatible for Editor in 0.40 ms, found 2 plugins.
Preloading 0 native plugins for Editor in 0.00 ms.
Unloading 1383 Unused Serialized files (Serialized files now loaded: 0)
System memory in use before: 67.3 MB.
System memory in use after: 67.4 MB.

Unloading 14 unused Assets to reduce memory usage. Loaded Objects now: 1863.
Total: 2.298200 ms (FindLiveObjects: 0.174900 ms CreateObjectMapping: 0.067300 ms MarkObjects: 1.975900 ms  DeleteObjects: 0.078200 ms)

========================================================================
Received Import Request.
  Time since last request: 1538.782130 seconds.
  path: Assets/Script/CameraController.cs
  artifactKey: Guid(32827637859a0c4438eef714dcab94f5) Importer(815301076,1909f56bfc062723c751e8b465ee728b)
Start importing Assets/Script/CameraController.cs using Guid(32827637859a0c4438eef714dcab94f5) Importer(815301076,1909f56bfc062723c751e8b465ee728b)  -> (artifact id: 'f890bb180132cc9e01dda91cb65bc9de') in 0.085730 seconds
  Import took 0.090730 seconds .

========================================================================
Received Prepare
Registering precompiled user dll's ...
Registered in 0.009184 seconds.
Begin MonoManager ReloadAssembly
Native extension for WindowsStandalone target not found
Refreshing native plugins compatible for Editor in 0.44 ms, found 2 plugins.
Preloading 0 native plugins for Editor in 0.00 ms.
Mono: successfully reloaded assembly
- Completed reload, in  1.852 seconds
Platform modules already initialized, skipping
Refreshing native plugins compatible for Editor in 0.41 ms, found 2 plugins.
Preloading 0 native plugins for Editor in 0.00 ms.
Unloading 1384 Unused Serialized files (Serialized files now loaded: 0)
System memory in use before: 67.4 MB.
System memory in use after: 67.4 MB.

Unloading 14 unused Assets to reduce memory usage. Loaded Objects now: 1867.
Total: 2.296900 ms (FindLiveObjects: 0.161400 ms CreateObjectMapping: 0.061300 ms MarkObjects: 1.995200 ms  DeleteObjects: 0.077600 ms)

========================================================================
Received Prepare
Registering precompiled user dll's ...
Registered in 0.011390 seconds.
Begin MonoManager ReloadAssembly
Native extension for WindowsStandalone target not found
Refreshing native plugins compatible for Editor in 0.42 ms, found 2 plugins.
Preloading 0 native plugins for Editor in 0.00 ms.
Mono: successfully reloaded assembly
- Completed reload, in  1.473 seconds
Platform modules already initialized, skipping
Refreshing native plugins compatible for Editor in 0.42 ms, found 2 plugins.
Preloading 0 native plugins for Editor in 0.00 ms.
Unloading 1384 Unused Serialized files (Serialized files now loaded: 0)
System memory in use before: 67.4 MB.
System memory in use after: 67.5 MB.

Unloading 14 unused Assets to reduce memory usage. Loaded Objects now: 1870.
Total: 6.531800 ms (FindLiveObjects: 0.206700 ms CreateObjectMapping: 0.060800 ms MarkObjects: 6.170400 ms  DeleteObjects: 0.090800 ms)

========================================================================
Received Import Request.
  Time since last request: 499.736400 seconds.
  path: Assets/Script/CameraController.cs
  artifactKey: Guid(32827637859a0c4438eef714dcab94f5) Importer(815301076,1909f56bfc062723c751e8b465ee728b)
Start importing Assets/Script/CameraController.cs using Guid(32827637859a0c4438eef714dcab94f5) Importer(815301076,1909f56bfc062723c751e8b465ee728b)  -> (artifact id: 'fa756bc35ccb1cc472f7a204a8b20d61') in 0.018205 seconds
  Import took 0.022873 seconds .

========================================================================
Received Prepare
Registering precompiled user dll's ...
Registered in 0.017465 seconds.
Begin MonoManager ReloadAssembly
Native extension for WindowsStandalone target not found
Refreshing native plugins compatible for Editor in 0.47 ms, found 2 plugins.
Preloading 0 native plugins for Editor in 0.00 ms.
Mono: successfully reloaded assembly
- Completed reload, in  1.502 seconds
Platform modules already initialized, skipping
Refreshing native plugins compatible for Editor in 0.40 ms, found 2 plugins.
Preloading 0 native plugins for Editor in 0.00 ms.
Unloading 1384 Unused Serialized files (Serialized files now loaded: 0)
System memory in use before: 67.4 MB.
System memory in use after: 67.5 MB.

Unloading 14 unused Assets to reduce memory usage. Loaded Objects now: 1873.
Total: 2.319600 ms (FindLiveObjects: 0.161900 ms CreateObjectMapping: 0.064800 ms MarkObjects: 2.002900 ms  DeleteObjects: 0.088500 ms)

========================================================================
Received Import Request.
  Time since last request: 782.892852 seconds.
  path: Assets/Script/CameraController.cs
  artifactKey: Guid(32827637859a0c4438eef714dcab94f5) Importer(815301076,1909f56bfc062723c751e8b465ee728b)
Start importing Assets/Script/CameraController.cs using Guid(32827637859a0c4438eef714dcab94f5) Importer(815301076,1909f56bfc062723c751e8b465ee728b)  -> (artifact id: '3435494260074e12980d773c2d2f93c7') in 0.015528 seconds
  Import took 0.019951 seconds .

========================================================================
Received Import Request.
  Time since last request: 0.047914 seconds.
  path: Assets/Script/CameraController.cs
  artifactKey: Guid(32827637859a0c4438eef714dcab94f5) Importer(815301076,1909f56bfc062723c751e8b465ee728b)
Start importing Assets/Script/CameraController.cs using Guid(32827637859a0c4438eef714dcab94f5) Importer(815301076,1909f56bfc062723c751e8b465ee728b)  -> (artifact id: '3435494260074e12980d773c2d2f93c7') in 0.017297 seconds
  Import took 0.020843 seconds .

========================================================================
Received Prepare
Registering precompiled user dll's ...
Registered in 0.009458 seconds.
Begin MonoManager ReloadAssembly
Native extension for WindowsStandalone target not found
Refreshing native plugins compatible for Editor in 0.52 ms, found 2 plugins.
Preloading 0 native plugins for Editor in 0.00 ms.
Mono: successfully reloaded assembly
- Completed reload, in  2.007 seconds
Platform modules already initialized, skipping
Refreshing native plugins compatible for Editor in 0.54 ms, found 2 plugins.
Preloading 0 native plugins for Editor in 0.00 ms.
Unloading 1384 Unused Serialized files (Serialized files now loaded: 0)
System memory in use before: 67.4 MB.
System memory in use after: 67.5 MB.

Unloading 14 unused Assets to reduce memory usage. Loaded Objects now: 1876.
Total: 2.757200 ms (FindLiveObjects: 0.174000 ms CreateObjectMapping: 0.064400 ms MarkObjects: 2.451300 ms  DeleteObjects: 0.065500 ms)

========================================================================
Received Prepare
Registering precompiled user dll's ...
Registered in 0.009379 seconds.
Begin MonoManager ReloadAssembly
Native extension for WindowsStandalone target not found
Refreshing native plugins compatible for Editor in 0.41 ms, found 2 plugins.
Preloading 0 native plugins for Editor in 0.00 ms.
Mono: successfully reloaded assembly
- Completed reload, in  1.505 seconds
Platform modules already initialized, skipping
Refreshing native plugins compatible for Editor in 0.46 ms, found 2 plugins.
Preloading 0 native plugins for Editor in 0.00 ms.
Unloading 1384 Unused Serialized files (Serialized files now loaded: 0)
System memory in use before: 67.4 MB.
System memory in use after: 67.5 MB.

Unloading 14 unused Assets to reduce memory usage. Loaded Objects now: 1879.
Total: 2.223400 ms (FindLiveObjects: 0.171100 ms CreateObjectMapping: 0.067900 ms MarkObjects: 1.905800 ms  DeleteObjects: 0.077200 ms)

========================================================================
Received Prepare
Registering precompiled user dll's ...
Registered in 0.014824 seconds.
Begin MonoManager ReloadAssembly
Native extension for WindowsStandalone target not found
Refreshing native plugins compatible for Editor in 0.43 ms, found 2 plugins.
Preloading 0 native plugins for Editor in 0.00 ms.
Mono: successfully reloaded assembly
- Completed reload, in  2.162 seconds
Platform modules already initialized, skipping
Refreshing native plugins compatible for Editor in 0.45 ms, found 2 plugins.
Preloading 0 native plugins for Editor in 0.00 ms.
Unloading 1384 Unused Serialized files (Serialized files now loaded: 0)
System memory in use before: 67.4 MB.
System memory in use after: 67.5 MB.

Unloading 14 unused Assets to reduce memory usage. Loaded Objects now: 1882.
Total: 6.895500 ms (FindLiveObjects: 0.172300 ms CreateObjectMapping: 0.067400 ms MarkObjects: 6.584300 ms  DeleteObjects: 0.069600 ms)

AssetImportWorkerClient::OnTransportError - code=2 error=End of file
