Using pre-set license
Built from '2020.3/staging' branch; Version is '2020.3.10f1 (297d780c91bc) revision 2719096'; Using compiler version '192528614'; Build Type 'Release'
OS: 'Windows 10 Pro; OS build 19042.1052; Version 2009; 64bit' Language: 'ko' Physical Memory: 4076 MB
BatchMode: 1, IsHumanControllingUs: 0, StartBugReporterOnCrash: 0, Is64bit: 1, IsPro: 0

 COMMAND LINE ARGUMENTS:
C:\Program Files\Unity\Hub\Editor\2020.3.10f1\Editor\Unity.exe
-adb2
-batchMode
-noUpm
-name
AssetImportWorker0
-projectPath
C:/Users/admin/Documents/GitHub/Unity/self_education(21.06.17)
-logFile
Logs/AssetImportWorker0.log
-srvPort
64239
Successfully changed project path to: C:/Users/admin/Documents/GitHub/Unity/self_education(21.06.17)
C:/Users/admin/Documents/GitHub/Unity/self_education(21.06.17)
Using Asset Import Pipeline V2.
Refreshing native plugins compatible for Editor in 47.94 ms, found 2 plugins.
Preloading 0 native plugins for Editor in 0.00 ms.
Initialize engine version: 2020.3.10f1 (297d780c91bc)
[Subsystems] Discovering subsystems at path C:/Program Files/Unity/Hub/Editor/2020.3.10f1/Editor/Data/Resources/UnitySubsystems
[Subsystems] Discovering subsystems at path C:/Users/admin/Documents/GitHub/Unity/self_education(21.06.17)/Assets
GfxDevice: creating device client; threaded=0
Direct3D:
    Version:  Direct3D 11.0 [level 11.0]
    Renderer: NVIDIA GeForce GTS 450 (ID=0x1245)
    Vendor:   
    VRAM:     979 MB
    Driver:   23.21.13.8813
Initialize mono
Mono path[0] = 'C:/Program Files/Unity/Hub/Editor/2020.3.10f1/Editor/Data/Managed'
Mono path[1] = 'C:/Program Files/Unity/Hub/Editor/2020.3.10f1/Editor/Data/MonoBleedingEdge/lib/mono/unityjit'
Mono config path = 'C:/Program Files/Unity/Hub/Editor/2020.3.10f1/Editor/Data/MonoBleedingEdge/etc'
Using monoOptions --debugger-agent=transport=dt_socket,embedding=1,server=y,suspend=n,address=127.0.0.1:56628
Begin MonoManager ReloadAssembly
Registering precompiled unity dll's ...
Register platform support module: C:/Program Files/Unity/Hub/Editor/2020.3.10f1/Editor/Data/PlaybackEngines/WindowsStandaloneSupport/UnityEditor.WindowsStandalone.Extensions.dll
Registered in 0.004645 seconds.
Native extension for WindowsStandalone target not found
Refreshing native plugins compatible for Editor in 91.95 ms, found 2 plugins.
Preloading 0 native plugins for Editor in 0.00 ms.
Mono: successfully reloaded assembly
- Completed reload, in  4.666 seconds
Platform modules already initialized, skipping
Registering precompiled user dll's ...
Registered in 0.011303 seconds.
Begin MonoManager ReloadAssembly
Native extension for WindowsStandalone target not found
Refreshing native plugins compatible for Editor in 0.77 ms, found 2 plugins.
Preloading 0 native plugins for Editor in 0.00 ms.
Mono: successfully reloaded assembly
- Completed reload, in  1.933 seconds
Platform modules already initialized, skipping
========================================================================
Worker process is ready to serve import requests
Launched and connected shader compiler UnityShaderCompiler.exe after 0.13 seconds
Refreshing native plugins compatible for Editor in 0.42 ms, found 2 plugins.
Preloading 0 native plugins for Editor in 0.00 ms.
Unloading 1386 Unused Serialized files (Serialized files now loaded: 0)
System memory in use before: 67.3 MB.
System memory in use after: 67.3 MB.

Unloading 19 unused Assets to reduce memory usage. Loaded Objects now: 1819.
Total: 2.477300 ms (FindLiveObjects: 0.192900 ms CreateObjectMapping: 0.066200 ms MarkObjects: 2.098600 ms  DeleteObjects: 0.117900 ms)

========================================================================
Received Import Request.
  path: Assets/Prefabs
  artifactKey: Guid(98867a5d84362e54798c6bd569149990) Importer(815301076,1909f56bfc062723c751e8b465ee728b)
Start importing Assets/Prefabs using Guid(98867a5d84362e54798c6bd569149990) Importer(815301076,1909f56bfc062723c751e8b465ee728b)  -> (artifact id: 'da07e97cab9551e6bc28b058c48cb644') in 0.014891 seconds
  Import took 0.019188 seconds .

========================================================================
Received Import Request.
  Time since last request: 418.706294 seconds.
  path: Assets/Scenes/SampleScene/NavMesh.asset
  artifactKey: Guid(5174551f52cb29c449359ab0faf0fe94) Importer(815301076,1909f56bfc062723c751e8b465ee728b)
Start importing Assets/Scenes/SampleScene/NavMesh.asset using Guid(5174551f52cb29c449359ab0faf0fe94) Importer(815301076,1909f56bfc062723c751e8b465ee728b)  -> (artifact id: '99f0f51832a3b34d389e5905277a6453') in 0.101400 seconds
  Import took 0.107713 seconds .

========================================================================
Received Import Request.
  Time since last request: 267.844849 seconds.
  path: Assets/Materials
  artifactKey: Guid(3bd44cd77ec850d4a8dd21f69c8e6875) Importer(815301076,1909f56bfc062723c751e8b465ee728b)
Start importing Assets/Materials using Guid(3bd44cd77ec850d4a8dd21f69c8e6875) Importer(815301076,1909f56bfc062723c751e8b465ee728b)  -> (artifact id: '5deb5762d04032d56b3caf44e5da34d3') in 0.020508 seconds
  Import took 0.025756 seconds .

========================================================================
Received Import Request.
  Time since last request: 156.145390 seconds.
  path: Assets/Script
  artifactKey: Guid(1540fe69da1902e46a2b3960e25df24d) Importer(815301076,1909f56bfc062723c751e8b465ee728b)
Start importing Assets/Script using Guid(1540fe69da1902e46a2b3960e25df24d) Importer(815301076,1909f56bfc062723c751e8b465ee728b)  -> (artifact id: '5458b1aec249a3bd2d93c8feba970cc3') in 0.011721 seconds
  Import took 0.015958 seconds .

========================================================================
Received Import Request.
  Time since last request: 13.061458 seconds.
  path: Assets/Script/Movement3d.cs
  artifactKey: Guid(4bfb85bb078ebd148b7ad0c3721795e0) Importer(815301076,1909f56bfc062723c751e8b465ee728b)
Start importing Assets/Script/Movement3d.cs using Guid(4bfb85bb078ebd148b7ad0c3721795e0) Importer(815301076,1909f56bfc062723c751e8b465ee728b)  -> (artifact id: 'fceaeb0ed55133fdcfe5cb6edbdc0c27') in 0.042419 seconds
  Import took 0.046641 seconds .

========================================================================
Received Prepare
Registering precompiled user dll's ...
Registered in 0.008847 seconds.
Begin MonoManager ReloadAssembly
Native extension for WindowsStandalone target not found
Refreshing native plugins compatible for Editor in 0.43 ms, found 2 plugins.
Preloading 0 native plugins for Editor in 0.00 ms.
Mono: successfully reloaded assembly
- Completed reload, in  1.505 seconds
Platform modules already initialized, skipping
Refreshing native plugins compatible for Editor in 0.42 ms, found 2 plugins.
Preloading 0 native plugins for Editor in 0.00 ms.
Unloading 1381 Unused Serialized files (Serialized files now loaded: 0)
System memory in use before: 67.2 MB.
System memory in use after: 67.3 MB.

Unloading 14 unused Assets to reduce memory usage. Loaded Objects now: 1822.
Total: 2.308500 ms (FindLiveObjects: 0.165200 ms CreateObjectMapping: 0.065300 ms MarkObjects: 1.995500 ms  DeleteObjects: 0.080900 ms)

========================================================================
Received Prepare
Registering precompiled user dll's ...
Registered in 0.008545 seconds.
Begin MonoManager ReloadAssembly
Native extension for WindowsStandalone target not found
Refreshing native plugins compatible for Editor in 0.49 ms, found 2 plugins.
Preloading 0 native plugins for Editor in 0.00 ms.
Mono: successfully reloaded assembly
- Completed reload, in  1.441 seconds
Platform modules already initialized, skipping
Refreshing native plugins compatible for Editor in 0.43 ms, found 2 plugins.
Preloading 0 native plugins for Editor in 0.00 ms.
Unloading 1381 Unused Serialized files (Serialized files now loaded: 0)
System memory in use before: 67.2 MB.
System memory in use after: 67.3 MB.

Unloading 14 unused Assets to reduce memory usage. Loaded Objects now: 1825.
Total: 2.214400 ms (FindLiveObjects: 0.166800 ms CreateObjectMapping: 0.065400 ms MarkObjects: 1.915600 ms  DeleteObjects: 0.065000 ms)

========================================================================
Received Import Request.
  Time since last request: 21.427358 seconds.
  path: Assets/Script/Movement3D.cs
  artifactKey: Guid(4bfb85bb078ebd148b7ad0c3721795e0) Importer(815301076,1909f56bfc062723c751e8b465ee728b)
Start importing Assets/Script/Movement3D.cs using Guid(4bfb85bb078ebd148b7ad0c3721795e0) Importer(815301076,1909f56bfc062723c751e8b465ee728b)  -> (artifact id: '65bb66563ef22363787bfd14043ab265') in 0.017891 seconds
  Import took 0.023082 seconds .

========================================================================
Received Prepare
Registering precompiled user dll's ...
Registered in 0.008261 seconds.
Begin MonoManager ReloadAssembly
Native extension for WindowsStandalone target not found
Refreshing native plugins compatible for Editor in 1.42 ms, found 2 plugins.
Preloading 0 native plugins for Editor in 0.00 ms.
Mono: successfully reloaded assembly
- Completed reload, in  1.628 seconds
Platform modules already initialized, skipping
Refreshing native plugins compatible for Editor in 0.40 ms, found 2 plugins.
Preloading 0 native plugins for Editor in 0.00 ms.
Unloading 1382 Unused Serialized files (Serialized files now loaded: 0)
System memory in use before: 67.3 MB.
System memory in use after: 67.4 MB.

Unloading 14 unused Assets to reduce memory usage. Loaded Objects now: 1829.
Total: 2.457900 ms (FindLiveObjects: 0.179900 ms CreateObjectMapping: 0.065000 ms MarkObjects: 2.131900 ms  DeleteObjects: 0.079000 ms)

========================================================================
Received Prepare
Registering precompiled user dll's ...
Registered in 0.016648 seconds.
Begin MonoManager ReloadAssembly
Native extension for WindowsStandalone target not found
Refreshing native plugins compatible for Editor in 0.47 ms, found 2 plugins.
Preloading 0 native plugins for Editor in 0.00 ms.
Mono: successfully reloaded assembly
- Completed reload, in  2.088 seconds
Platform modules already initialized, skipping
Refreshing native plugins compatible for Editor in 0.41 ms, found 2 plugins.
Preloading 0 native plugins for Editor in 0.00 ms.
Unloading 1382 Unused Serialized files (Serialized files now loaded: 0)
System memory in use before: 67.3 MB.
System memory in use after: 67.4 MB.

Unloading 14 unused Assets to reduce memory usage. Loaded Objects now: 1832.
Total: 2.825800 ms (FindLiveObjects: 0.171800 ms CreateObjectMapping: 0.062700 ms MarkObjects: 2.429000 ms  DeleteObjects: 0.160500 ms)

========================================================================
Received Import Request.
  Time since last request: 1565.043387 seconds.
  path: Assets/Script/Movement3D.cs
  artifactKey: Guid(4bfb85bb078ebd148b7ad0c3721795e0) Importer(815301076,1909f56bfc062723c751e8b465ee728b)
Start importing Assets/Script/Movement3D.cs using Guid(4bfb85bb078ebd148b7ad0c3721795e0) Importer(815301076,1909f56bfc062723c751e8b465ee728b)  -> (artifact id: 'a6bcceffae8dc941dd1136421751c6ec') in 0.012256 seconds
  Import took 0.017156 seconds .

========================================================================
Received Import Request.
  Time since last request: 17.423611 seconds.
  path: Assets/Script/PlayerController.cs
  artifactKey: Guid(784a4bcd99a8f1c43addab0334c93520) Importer(815301076,1909f56bfc062723c751e8b465ee728b)
Start importing Assets/Script/PlayerController.cs using Guid(784a4bcd99a8f1c43addab0334c93520) Importer(815301076,1909f56bfc062723c751e8b465ee728b)  -> (artifact id: '45b908b9ab7cdb966a62d97e51999a07') in 0.019001 seconds
  Import took 0.023359 seconds .

========================================================================
Received Import Request.
  Time since last request: 0.002844 seconds.
  path: Assets/Script/PlayerController.cs
  artifactKey: Guid(784a4bcd99a8f1c43addab0334c93520) Importer(815301076,1909f56bfc062723c751e8b465ee728b)
Start importing Assets/Script/PlayerController.cs using Guid(784a4bcd99a8f1c43addab0334c93520) Importer(815301076,1909f56bfc062723c751e8b465ee728b)  -> (artifact id: '45b908b9ab7cdb966a62d97e51999a07') in 0.015849 seconds
  Import took 0.020331 seconds .

========================================================================
Received Prepare
Registering precompiled user dll's ...
Registered in 0.016484 seconds.
Begin MonoManager ReloadAssembly
Native extension for WindowsStandalone target not found
Refreshing native plugins compatible for Editor in 0.40 ms, found 2 plugins.
Preloading 0 native plugins for Editor in 0.00 ms.
Mono: successfully reloaded assembly
- Completed reload, in  1.617 seconds
Platform modules already initialized, skipping
Refreshing native plugins compatible for Editor in 0.61 ms, found 2 plugins.
Preloading 0 native plugins for Editor in 0.00 ms.
Unloading 1383 Unused Serialized files (Serialized files now loaded: 0)
System memory in use before: 67.3 MB.
System memory in use after: 67.4 MB.

Unloading 14 unused Assets to reduce memory usage. Loaded Objects now: 1836.
Total: 2.269500 ms (FindLiveObjects: 0.152400 ms CreateObjectMapping: 0.062400 ms MarkObjects: 1.972200 ms  DeleteObjects: 0.081200 ms)

========================================================================
Received Prepare
Registering precompiled user dll's ...
Registered in 0.027918 seconds.
Begin MonoManager ReloadAssembly
Native extension for WindowsStandalone target not found
Refreshing native plugins compatible for Editor in 0.46 ms, found 2 plugins.
Preloading 0 native plugins for Editor in 0.00 ms.
Mono: successfully reloaded assembly
- Completed reload, in  1.756 seconds
Platform modules already initialized, skipping
Refreshing native plugins compatible for Editor in 0.49 ms, found 2 plugins.
Preloading 0 native plugins for Editor in 0.00 ms.
Unloading 1383 Unused Serialized files (Serialized files now loaded: 0)
System memory in use before: 67.3 MB.
System memory in use after: 67.4 MB.

Unloading 14 unused Assets to reduce memory usage. Loaded Objects now: 1839.
Total: 3.832400 ms (FindLiveObjects: 0.156900 ms CreateObjectMapping: 0.067700 ms MarkObjects: 3.514200 ms  DeleteObjects: 0.091200 ms)

========================================================================
Received Import Request.
  Time since last request: 525.845718 seconds.
  path: Assets/Script/PlayerController.cs
  artifactKey: Guid(784a4bcd99a8f1c43addab0334c93520) Importer(815301076,1909f56bfc062723c751e8b465ee728b)
Start importing Assets/Script/PlayerController.cs using Guid(784a4bcd99a8f1c43addab0334c93520) Importer(815301076,1909f56bfc062723c751e8b465ee728b)  -> (artifact id: '787a0b1bf1c6821aa7ad9b7089420854') in 0.008484 seconds
  Import took 0.012495 seconds .

========================================================================
Received Prepare
Registering precompiled user dll's ...
Registered in 0.008653 seconds.
Begin MonoManager ReloadAssembly
Native extension for WindowsStandalone target not found
Refreshing native plugins compatible for Editor in 0.44 ms, found 2 plugins.
Preloading 0 native plugins for Editor in 0.00 ms.
Mono: successfully reloaded assembly
- Completed reload, in  1.680 seconds
Platform modules already initialized, skipping
Refreshing native plugins compatible for Editor in 0.64 ms, found 2 plugins.
Preloading 0 native plugins for Editor in 0.00 ms.
Unloading 1383 Unused Serialized files (Serialized files now loaded: 0)
System memory in use before: 67.3 MB.
System memory in use after: 67.4 MB.

Unloading 14 unused Assets to reduce memory usage. Loaded Objects now: 1842.
Total: 4.217800 ms (FindLiveObjects: 0.171100 ms CreateObjectMapping: 0.064200 ms MarkObjects: 3.206500 ms  DeleteObjects: 0.774100 ms)

========================================================================
Received Prepare
Registering precompiled user dll's ...
Registered in 0.008577 seconds.
Begin MonoManager ReloadAssembly
Native extension for WindowsStandalone target not found
Refreshing native plugins compatible for Editor in 0.44 ms, found 2 plugins.
Preloading 0 native plugins for Editor in 0.00 ms.
Mono: successfully reloaded assembly
- Completed reload, in  1.479 seconds
Platform modules already initialized, skipping
Refreshing native plugins compatible for Editor in 0.68 ms, found 2 plugins.
Preloading 0 native plugins for Editor in 0.00 ms.
Unloading 1383 Unused Serialized files (Serialized files now loaded: 0)
System memory in use before: 67.3 MB.
System memory in use after: 67.4 MB.

Unloading 14 unused Assets to reduce memory usage. Loaded Objects now: 1845.
Total: 2.279500 ms (FindLiveObjects: 0.171200 ms CreateObjectMapping: 0.066300 ms MarkObjects: 1.963400 ms  DeleteObjects: 0.076900 ms)

AssetImportWorkerClient::OnTransportError - code=2 error=End of file
