Using pre-set license
Built from '2020.3/staging' branch; Version is '2020.3.10f1 (297d780c91bc) revision 2719096'; Using compiler version '192528614'; Build Type 'Release'
OS: 'Windows 10 Pro; OS build 19042.1052; Version 2009; 64bit' Language: 'ko' Physical Memory: 4076 MB
BatchMode: 1, IsHumanControllingUs: 0, StartBugReporterOnCrash: 0, Is64bit: 1, IsPro: 0

 COMMAND LINE ARGUMENTS:
C:\Program Files\Unity\Hub\Editor\2020.3.10f1\Editor\Unity.exe
-adb2
-batchMode
-noUpm
-name
AssetImportWorker0
-projectPath
C:/Users/admin/Documents/GitHub/Unity/RollABall
-logFile
Logs/AssetImportWorker0.log
-srvPort
62478
Successfully changed project path to: C:/Users/admin/Documents/GitHub/Unity/RollABall
C:/Users/admin/Documents/GitHub/Unity/RollABall
Using Asset Import Pipeline V2.
Refreshing native plugins compatible for Editor in 46.17 ms, found 2 plugins.
Preloading 0 native plugins for Editor in 0.00 ms.
Initialize engine version: 2020.3.10f1 (297d780c91bc)
[Subsystems] Discovering subsystems at path C:/Program Files/Unity/Hub/Editor/2020.3.10f1/Editor/Data/Resources/UnitySubsystems
[Subsystems] Discovering subsystems at path C:/Users/admin/Documents/GitHub/Unity/RollABall/Assets
GfxDevice: creating device client; threaded=0
Direct3D:
    Version:  Direct3D 11.0 [level 11.0]
    Renderer: NVIDIA GeForce GTS 450 (ID=0x1245)
    Vendor:   
    VRAM:     979 MB
    Driver:   23.21.13.8813
Initialize mono
Mono path[0] = 'C:/Program Files/Unity/Hub/Editor/2020.3.10f1/Editor/Data/Managed'
Mono path[1] = 'C:/Program Files/Unity/Hub/Editor/2020.3.10f1/Editor/Data/MonoBleedingEdge/lib/mono/unityjit'
Mono config path = 'C:/Program Files/Unity/Hub/Editor/2020.3.10f1/Editor/Data/MonoBleedingEdge/etc'
Using monoOptions --debugger-agent=transport=dt_socket,embedding=1,server=y,suspend=n,address=127.0.0.1:56636
Begin MonoManager ReloadAssembly
Registering precompiled unity dll's ...
Register platform support module: C:/Program Files/Unity/Hub/Editor/2020.3.10f1/Editor/Data/PlaybackEngines/WindowsStandaloneSupport/UnityEditor.WindowsStandalone.Extensions.dll
Registered in 0.007461 seconds.
Native extension for WindowsStandalone target not found
Refreshing native plugins compatible for Editor in 40.99 ms, found 2 plugins.
Preloading 0 native plugins for Editor in 0.00 ms.
Mono: successfully reloaded assembly
- Completed reload, in  8.117 seconds
Platform modules already initialized, skipping
Registering precompiled user dll's ...
Registered in 0.026011 seconds.
Begin MonoManager ReloadAssembly
Native extension for WindowsStandalone target not found
Refreshing native plugins compatible for Editor in 0.42 ms, found 2 plugins.
Preloading 0 native plugins for Editor in 0.00 ms.
Mono: successfully reloaded assembly
- Completed reload, in  1.600 seconds
Platform modules already initialized, skipping
========================================================================
Worker process is ready to serve import requests
Launched and connected shader compiler UnityShaderCompiler.exe after 0.13 seconds
Refreshing native plugins compatible for Editor in 0.40 ms, found 2 plugins.
Preloading 0 native plugins for Editor in 0.00 ms.
Unloading 1386 Unused Serialized files (Serialized files now loaded: 0)
System memory in use before: 67.3 MB.
System memory in use after: 67.4 MB.

Unloading 19 unused Assets to reduce memory usage. Loaded Objects now: 1819.
Total: 2.335900 ms (FindLiveObjects: 0.176800 ms CreateObjectMapping: 0.067600 ms MarkObjects: 1.974900 ms  DeleteObjects: 0.114900 ms)

========================================================================
Received Import Request.
  path: Assets/Scenes/New Folder
  artifactKey: Guid(b90639b0577fd754998eadc1093d9a2b) Importer(815301076,1909f56bfc062723c751e8b465ee728b)
Start importing Assets/Scenes/New Folder using Guid(b90639b0577fd754998eadc1093d9a2b) Importer(815301076,1909f56bfc062723c751e8b465ee728b)  -> (artifact id: '0972c0c252c388c86a37158b0609c2e3') in 0.014869 seconds
  Import took 0.018604 seconds .

========================================================================
Received Import Request.
  Time since last request: 27.393387 seconds.
  path: Assets/Scenes/material
  artifactKey: Guid(b90639b0577fd754998eadc1093d9a2b) Importer(815301076,1909f56bfc062723c751e8b465ee728b)
Start importing Assets/Scenes/material using Guid(b90639b0577fd754998eadc1093d9a2b) Importer(815301076,1909f56bfc062723c751e8b465ee728b)  -> (artifact id: '80d9a71ada1ee85fef84e0c6a3b68a1f') in 0.011691 seconds
  Import took 0.015895 seconds .

========================================================================
Received Import Request.
  Time since last request: 271.744714 seconds.
  path: Assets/New Folder
  artifactKey: Guid(b7196d1ca48b84c46b6ea15a382fb289) Importer(815301076,1909f56bfc062723c751e8b465ee728b)
Start importing Assets/New Folder using Guid(b7196d1ca48b84c46b6ea15a382fb289) Importer(815301076,1909f56bfc062723c751e8b465ee728b)  -> (artifact id: '31b6f25856ee85b8593e1c8a292fdf3e') in 0.008217 seconds
  Import took 0.020734 seconds .

========================================================================
Received Import Request.
  Time since last request: 4.683408 seconds.
  path: Assets/Script
  artifactKey: Guid(b7196d1ca48b84c46b6ea15a382fb289) Importer(815301076,1909f56bfc062723c751e8b465ee728b)
Start importing Assets/Script using Guid(b7196d1ca48b84c46b6ea15a382fb289) Importer(815301076,1909f56bfc062723c751e8b465ee728b)  -> (artifact id: '7e98fcdb9b9f25406e79f8a3531cb4d6') in 0.011602 seconds
  Import took 0.015298 seconds .

========================================================================
Received Prepare
Registering precompiled user dll's ...
Registered in 0.016993 seconds.
Begin MonoManager ReloadAssembly
Native extension for WindowsStandalone target not found
Refreshing native plugins compatible for Editor in 0.42 ms, found 2 plugins.
Preloading 0 native plugins for Editor in 0.00 ms.
Mono: successfully reloaded assembly
- Completed reload, in  1.521 seconds
Platform modules already initialized, skipping
Refreshing native plugins compatible for Editor in 0.41 ms, found 2 plugins.
Preloading 0 native plugins for Editor in 0.00 ms.
Unloading 1382 Unused Serialized files (Serialized files now loaded: 0)
System memory in use before: 67.3 MB.
System memory in use after: 67.4 MB.

Unloading 14 unused Assets to reduce memory usage. Loaded Objects now: 1823.
Total: 2.244400 ms (FindLiveObjects: 0.173000 ms CreateObjectMapping: 0.074200 ms MarkObjects: 1.926100 ms  DeleteObjects: 0.069500 ms)

========================================================================
Received Prepare
Registering precompiled user dll's ...
Registered in 0.010197 seconds.
Begin MonoManager ReloadAssembly
Native extension for WindowsStandalone target not found
Refreshing native plugins compatible for Editor in 0.42 ms, found 2 plugins.
Preloading 0 native plugins for Editor in 0.00 ms.
Mono: successfully reloaded assembly
- Completed reload, in  1.558 seconds
Platform modules already initialized, skipping
Refreshing native plugins compatible for Editor in 0.44 ms, found 2 plugins.
Preloading 0 native plugins for Editor in 0.00 ms.
Unloading 1382 Unused Serialized files (Serialized files now loaded: 0)
System memory in use before: 67.3 MB.
System memory in use after: 67.4 MB.

Unloading 14 unused Assets to reduce memory usage. Loaded Objects now: 1826.
Total: 2.395200 ms (FindLiveObjects: 0.183500 ms CreateObjectMapping: 0.079200 ms MarkObjects: 2.057900 ms  DeleteObjects: 0.072700 ms)

========================================================================
Received Import Request.
  Time since last request: 103.572706 seconds.
  path: Assets/Script/PlayerCtrl.cs
  artifactKey: Guid(0d54e0acbf3311546b60ee9fb042e8c5) Importer(815301076,1909f56bfc062723c751e8b465ee728b)
Start importing Assets/Script/PlayerCtrl.cs using Guid(0d54e0acbf3311546b60ee9fb042e8c5) Importer(815301076,1909f56bfc062723c751e8b465ee728b)  -> (artifact id: '88404b6d32ecfb1a1b4edece3d44bab1') in 0.083294 seconds
  Import took 0.087267 seconds .

========================================================================
Received Prepare
Registering precompiled user dll's ...
Registered in 0.083682 seconds.
Begin MonoManager ReloadAssembly
Native extension for WindowsStandalone target not found
Refreshing native plugins compatible for Editor in 0.45 ms, found 2 plugins.
Preloading 0 native plugins for Editor in 0.00 ms.
Mono: successfully reloaded assembly
- Completed reload, in  2.227 seconds
Platform modules already initialized, skipping
Refreshing native plugins compatible for Editor in 0.41 ms, found 2 plugins.
Preloading 0 native plugins for Editor in 0.00 ms.
Unloading 1382 Unused Serialized files (Serialized files now loaded: 0)
System memory in use before: 67.4 MB.
System memory in use after: 67.4 MB.

Unloading 14 unused Assets to reduce memory usage. Loaded Objects now: 1829.
Total: 14.152600 ms (FindLiveObjects: 0.980400 ms CreateObjectMapping: 0.064500 ms MarkObjects: 12.450800 ms  DeleteObjects: 0.654800 ms)

========================================================================
Received Prepare
Registering precompiled user dll's ...
Registered in 0.019004 seconds.
Begin MonoManager ReloadAssembly
Native extension for WindowsStandalone target not found
Refreshing native plugins compatible for Editor in 0.41 ms, found 2 plugins.
Preloading 0 native plugins for Editor in 0.00 ms.
Mono: successfully reloaded assembly
- Completed reload, in  1.579 seconds
Platform modules already initialized, skipping
Refreshing native plugins compatible for Editor in 0.41 ms, found 2 plugins.
Preloading 0 native plugins for Editor in 0.00 ms.
Unloading 1382 Unused Serialized files (Serialized files now loaded: 0)
System memory in use before: 67.4 MB.
System memory in use after: 67.4 MB.

Unloading 14 unused Assets to reduce memory usage. Loaded Objects now: 1832.
Total: 2.479400 ms (FindLiveObjects: 0.190900 ms CreateObjectMapping: 0.081200 ms MarkObjects: 2.130600 ms  DeleteObjects: 0.075200 ms)

========================================================================
Received Prepare
Registering precompiled user dll's ...
Registered in 0.033785 seconds.
Begin MonoManager ReloadAssembly
Native extension for WindowsStandalone target not found
Refreshing native plugins compatible for Editor in 0.42 ms, found 2 plugins.
Preloading 0 native plugins for Editor in 0.00 ms.
Mono: successfully reloaded assembly
- Completed reload, in  1.548 seconds
Platform modules already initialized, skipping
Refreshing native plugins compatible for Editor in 0.43 ms, found 2 plugins.
Preloading 0 native plugins for Editor in 0.00 ms.
Unloading 1382 Unused Serialized files (Serialized files now loaded: 0)
System memory in use before: 67.4 MB.
System memory in use after: 67.5 MB.

Unloading 14 unused Assets to reduce memory usage. Loaded Objects now: 1835.
Total: 3.905000 ms (FindLiveObjects: 0.169300 ms CreateObjectMapping: 0.064500 ms MarkObjects: 3.452900 ms  DeleteObjects: 0.216300 ms)

========================================================================
Received Import Request.
  Time since last request: 715.889572 seconds.
  path: Assets/Script/CameraCtrl.cs
  artifactKey: Guid(d8d7172b95e8dad43a361f51e39559e3) Importer(815301076,1909f56bfc062723c751e8b465ee728b)
Start importing Assets/Script/CameraCtrl.cs using Guid(d8d7172b95e8dad43a361f51e39559e3) Importer(815301076,1909f56bfc062723c751e8b465ee728b)  -> (artifact id: 'd5b734a8efb776b0bbaf15f9d17da9cd') in 0.032462 seconds
  Import took 0.040000 seconds .

========================================================================
Received Prepare
Registering precompiled user dll's ...
Registered in 0.037780 seconds.
Begin MonoManager ReloadAssembly
Native extension for WindowsStandalone target not found
Refreshing native plugins compatible for Editor in 0.43 ms, found 2 plugins.
Preloading 0 native plugins for Editor in 0.00 ms.
Mono: successfully reloaded assembly
- Completed reload, in  1.841 seconds
Platform modules already initialized, skipping
Refreshing native plugins compatible for Editor in 0.41 ms, found 2 plugins.
Preloading 0 native plugins for Editor in 0.00 ms.
Unloading 1383 Unused Serialized files (Serialized files now loaded: 0)
System memory in use before: 67.4 MB.
System memory in use after: 67.5 MB.

Unloading 14 unused Assets to reduce memory usage. Loaded Objects now: 1839.
Total: 2.173500 ms (FindLiveObjects: 0.162900 ms CreateObjectMapping: 0.063500 ms MarkObjects: 1.858900 ms  DeleteObjects: 0.086400 ms)

========================================================================
Received Prepare
Registering precompiled user dll's ...
Registered in 0.018675 seconds.
Begin MonoManager ReloadAssembly
Native extension for WindowsStandalone target not found
Refreshing native plugins compatible for Editor in 0.46 ms, found 2 plugins.
Preloading 0 native plugins for Editor in 0.00 ms.
Mono: successfully reloaded assembly
- Completed reload, in  1.647 seconds
Platform modules already initialized, skipping
Refreshing native plugins compatible for Editor in 0.42 ms, found 2 plugins.
Preloading 0 native plugins for Editor in 0.00 ms.
Unloading 1383 Unused Serialized files (Serialized files now loaded: 0)
System memory in use before: 67.4 MB.
System memory in use after: 67.5 MB.

Unloading 14 unused Assets to reduce memory usage. Loaded Objects now: 1842.
Total: 2.906700 ms (FindLiveObjects: 0.174300 ms CreateObjectMapping: 0.065500 ms MarkObjects: 1.975800 ms  DeleteObjects: 0.688700 ms)

========================================================================
Received Import Request.
  Time since last request: 126.260005 seconds.
  path: Assets/Script/CameraCtrl.cs
  artifactKey: Guid(d8d7172b95e8dad43a361f51e39559e3) Importer(815301076,1909f56bfc062723c751e8b465ee728b)
Start importing Assets/Script/CameraCtrl.cs using Guid(d8d7172b95e8dad43a361f51e39559e3) Importer(815301076,1909f56bfc062723c751e8b465ee728b)  -> (artifact id: '58eea155848866aff3154463b6c2f80b') in 0.014223 seconds
  Import took 0.018761 seconds .

========================================================================
Received Import Request.
  Time since last request: 1.590639 seconds.
  path: Assets/Script/PlayerCtrl.cs
  artifactKey: Guid(0d54e0acbf3311546b60ee9fb042e8c5) Importer(815301076,1909f56bfc062723c751e8b465ee728b)
Start importing Assets/Script/PlayerCtrl.cs using Guid(0d54e0acbf3311546b60ee9fb042e8c5) Importer(815301076,1909f56bfc062723c751e8b465ee728b)  -> (artifact id: '8105ef53ebaeee6083ecc5d64bae6cd7') in 0.011600 seconds
  Import took 0.016226 seconds .

========================================================================
Received Prepare
Registering precompiled user dll's ...
Registered in 0.010526 seconds.
Begin MonoManager ReloadAssembly
Native extension for WindowsStandalone target not found
Refreshing native plugins compatible for Editor in 0.43 ms, found 2 plugins.
Preloading 0 native plugins for Editor in 0.00 ms.
Mono: successfully reloaded assembly
- Completed reload, in  1.534 seconds
Platform modules already initialized, skipping
Refreshing native plugins compatible for Editor in 0.43 ms, found 2 plugins.
Preloading 0 native plugins for Editor in 0.00 ms.
Unloading 1383 Unused Serialized files (Serialized files now loaded: 0)
System memory in use before: 67.4 MB.
System memory in use after: 67.5 MB.

Unloading 14 unused Assets to reduce memory usage. Loaded Objects now: 1845.
Total: 2.178300 ms (FindLiveObjects: 0.169100 ms CreateObjectMapping: 0.064800 ms MarkObjects: 1.871200 ms  DeleteObjects: 0.071700 ms)

========================================================================
Received Prepare
Registering precompiled user dll's ...
Registered in 0.010598 seconds.
Begin MonoManager ReloadAssembly
Native extension for WindowsStandalone target not found
Refreshing native plugins compatible for Editor in 0.43 ms, found 2 plugins.
Preloading 0 native plugins for Editor in 0.00 ms.
Mono: successfully reloaded assembly
- Completed reload, in  1.552 seconds
Platform modules already initialized, skipping
Refreshing native plugins compatible for Editor in 0.44 ms, found 2 plugins.
Preloading 0 native plugins for Editor in 0.00 ms.
Unloading 1383 Unused Serialized files (Serialized files now loaded: 0)
System memory in use before: 67.4 MB.
System memory in use after: 67.5 MB.

Unloading 14 unused Assets to reduce memory usage. Loaded Objects now: 1848.
Total: 3.038900 ms (FindLiveObjects: 0.165000 ms CreateObjectMapping: 0.066900 ms MarkObjects: 2.506300 ms  DeleteObjects: 0.297700 ms)

========================================================================
Received Prepare
Registering precompiled user dll's ...
Registered in 0.012520 seconds.
Begin MonoManager ReloadAssembly
Native extension for WindowsStandalone target not found
Refreshing native plugins compatible for Editor in 0.47 ms, found 2 plugins.
Preloading 0 native plugins for Editor in 0.00 ms.
Mono: successfully reloaded assembly
- Completed reload, in  2.251 seconds
Platform modules already initialized, skipping
Refreshing native plugins compatible for Editor in 0.48 ms, found 2 plugins.
Preloading 0 native plugins for Editor in 0.00 ms.
Unloading 1383 Unused Serialized files (Serialized files now loaded: 0)
System memory in use before: 67.4 MB.
System memory in use after: 67.5 MB.

Unloading 14 unused Assets to reduce memory usage. Loaded Objects now: 1851.
Total: 2.643200 ms (FindLiveObjects: 0.232400 ms CreateObjectMapping: 0.070900 ms MarkObjects: 2.265900 ms  DeleteObjects: 0.072100 ms)

========================================================================
Received Prepare
Registering precompiled user dll's ...
Registered in 0.014805 seconds.
Begin MonoManager ReloadAssembly
Native extension for WindowsStandalone target not found
Refreshing native plugins compatible for Editor in 0.42 ms, found 2 plugins.
Preloading 0 native plugins for Editor in 0.00 ms.
Mono: successfully reloaded assembly
- Completed reload, in  1.627 seconds
Platform modules already initialized, skipping
Refreshing native plugins compatible for Editor in 0.44 ms, found 2 plugins.
Preloading 0 native plugins for Editor in 0.00 ms.
Unloading 1384 Unused Serialized files (Serialized files now loaded: 0)
System memory in use before: 67.5 MB.
System memory in use after: 67.5 MB.

Unloading 14 unused Assets to reduce memory usage. Loaded Objects now: 1855.
Total: 2.246200 ms (FindLiveObjects: 0.153800 ms CreateObjectMapping: 0.064500 ms MarkObjects: 1.945200 ms  DeleteObjects: 0.081300 ms)

========================================================================
Received Import Request.
  Time since last request: 553.110195 seconds.
  path: Assets/Script/Rotater.cs
  artifactKey: Guid(9ab546e3f1ca0844198833570ff3e547) Importer(815301076,1909f56bfc062723c751e8b465ee728b)
Start importing Assets/Script/Rotater.cs using Guid(9ab546e3f1ca0844198833570ff3e547) Importer(815301076,1909f56bfc062723c751e8b465ee728b)  -> (artifact id: '590b7d0ff5ce4f34eadf0c2b010c71df') in 0.015185 seconds
  Import took 0.019024 seconds .

========================================================================
Received Prepare
Registering precompiled user dll's ...
Registered in 0.009754 seconds.
Begin MonoManager ReloadAssembly
Native extension for WindowsStandalone target not found
Refreshing native plugins compatible for Editor in 0.41 ms, found 2 plugins.
Preloading 0 native plugins for Editor in 0.00 ms.
Mono: successfully reloaded assembly
- Completed reload, in  1.545 seconds
Platform modules already initialized, skipping
Refreshing native plugins compatible for Editor in 0.41 ms, found 2 plugins.
Preloading 0 native plugins for Editor in 0.00 ms.
Unloading 1383 Unused Serialized files (Serialized files now loaded: 0)
System memory in use before: 67.4 MB.
System memory in use after: 67.5 MB.

Unloading 15 unused Assets to reduce memory usage. Loaded Objects now: 1857.
Total: 2.439300 ms (FindLiveObjects: 0.162000 ms CreateObjectMapping: 0.064500 ms MarkObjects: 2.123100 ms  DeleteObjects: 0.088000 ms)

========================================================================
Received Import Request.
  Time since last request: 14.738158 seconds.
  path: Assets/Script/Rotator.cs
  artifactKey: Guid(ebb9df0df8237104eb2029fbddb13365) Importer(815301076,1909f56bfc062723c751e8b465ee728b)
Start importing Assets/Script/Rotator.cs using Guid(ebb9df0df8237104eb2029fbddb13365) Importer(815301076,1909f56bfc062723c751e8b465ee728b)  -> (artifact id: '7dff7d00fe4ac2c705dd030ffc1d8bc1') in 0.036367 seconds
  Import took 0.041299 seconds .

========================================================================
Received Prepare
Registering precompiled user dll's ...
Registered in 0.011811 seconds.
Begin MonoManager ReloadAssembly
Native extension for WindowsStandalone target not found
Refreshing native plugins compatible for Editor in 0.53 ms, found 2 plugins.
Preloading 0 native plugins for Editor in 0.00 ms.
Mono: successfully reloaded assembly
- Completed reload, in  2.122 seconds
Platform modules already initialized, skipping
Refreshing native plugins compatible for Editor in 0.46 ms, found 2 plugins.
Preloading 0 native plugins for Editor in 0.00 ms.
Unloading 1384 Unused Serialized files (Serialized files now loaded: 0)
System memory in use before: 67.5 MB.
System memory in use after: 67.5 MB.

Unloading 14 unused Assets to reduce memory usage. Loaded Objects now: 1861.
Total: 2.334800 ms (FindLiveObjects: 0.166900 ms CreateObjectMapping: 0.064300 ms MarkObjects: 2.025100 ms  DeleteObjects: 0.076800 ms)

========================================================================
Received Prepare
Registering precompiled user dll's ...
Registered in 0.015695 seconds.
Begin MonoManager ReloadAssembly
Native extension for WindowsStandalone target not found
Refreshing native plugins compatible for Editor in 0.70 ms, found 2 plugins.
Preloading 0 native plugins for Editor in 0.00 ms.
Mono: successfully reloaded assembly
- Completed reload, in  1.623 seconds
Platform modules already initialized, skipping
Refreshing native plugins compatible for Editor in 0.54 ms, found 2 plugins.
Preloading 0 native plugins for Editor in 0.00 ms.
Unloading 1384 Unused Serialized files (Serialized files now loaded: 0)
System memory in use before: 67.5 MB.
System memory in use after: 67.5 MB.

Unloading 14 unused Assets to reduce memory usage. Loaded Objects now: 1864.
Total: 2.263700 ms (FindLiveObjects: 0.185400 ms CreateObjectMapping: 0.066700 ms MarkObjects: 1.926400 ms  DeleteObjects: 0.083400 ms)

========================================================================
Received Import Request.
  Time since last request: 132.854731 seconds.
  path: Assets/Script/Rotator.cs
  artifactKey: Guid(ebb9df0df8237104eb2029fbddb13365) Importer(815301076,1909f56bfc062723c751e8b465ee728b)
Start importing Assets/Script/Rotator.cs using Guid(ebb9df0df8237104eb2029fbddb13365) Importer(815301076,1909f56bfc062723c751e8b465ee728b)  -> (artifact id: 'c7bdf44555581f509c5168a0a0495e94') in 0.010659 seconds
  Import took 0.014997 seconds .

========================================================================
Received Prepare
Registering precompiled user dll's ...
Registered in 0.010263 seconds.
Begin MonoManager ReloadAssembly
Native extension for WindowsStandalone target not found
Refreshing native plugins compatible for Editor in 0.41 ms, found 2 plugins.
Preloading 0 native plugins for Editor in 0.00 ms.
Mono: successfully reloaded assembly
- Completed reload, in  1.484 seconds
Platform modules already initialized, skipping
Refreshing native plugins compatible for Editor in 0.42 ms, found 2 plugins.
Preloading 0 native plugins for Editor in 0.00 ms.
Unloading 1384 Unused Serialized files (Serialized files now loaded: 0)
System memory in use before: 67.5 MB.
System memory in use after: 67.6 MB.

Unloading 14 unused Assets to reduce memory usage. Loaded Objects now: 1867.
Total: 2.339800 ms (FindLiveObjects: 0.174900 ms CreateObjectMapping: 0.067400 ms MarkObjects: 2.028100 ms  DeleteObjects: 0.067800 ms)

========================================================================
Received Prepare
Registering precompiled user dll's ...
Registered in 0.010715 seconds.
Begin MonoManager ReloadAssembly
Native extension for WindowsStandalone target not found
Refreshing native plugins compatible for Editor in 0.53 ms, found 2 plugins.
Preloading 0 native plugins for Editor in 0.00 ms.
Mono: successfully reloaded assembly
- Completed reload, in  1.514 seconds
Platform modules already initialized, skipping
Refreshing native plugins compatible for Editor in 0.42 ms, found 2 plugins.
Preloading 0 native plugins for Editor in 0.00 ms.
Unloading 1384 Unused Serialized files (Serialized files now loaded: 0)
System memory in use before: 67.5 MB.
System memory in use after: 67.6 MB.

Unloading 14 unused Assets to reduce memory usage. Loaded Objects now: 1870.
Total: 2.296900 ms (FindLiveObjects: 0.158200 ms CreateObjectMapping: 0.063200 ms MarkObjects: 2.006000 ms  DeleteObjects: 0.068000 ms)

========================================================================
Received Import Request.
  Time since last request: 52.934008 seconds.
  path: Assets
  artifactKey: Guid(00000000000000001000000000000000) Importer(815301076,1909f56bfc062723c751e8b465ee728b)
Start importing Assets using Guid(00000000000000001000000000000000) Importer(815301076,1909f56bfc062723c751e8b465ee728b)  -> (artifact id: '42d402b061de3733987d63b9cc3b64de') in 0.019670 seconds
  Import took 0.024423 seconds .

========================================================================
Received Import Request.
  Time since last request: 27.350222 seconds.
  path: Assets/Prefabs
  artifactKey: Guid(9f596e3f0c32ade4cae49492d98b98c2) Importer(815301076,1909f56bfc062723c751e8b465ee728b)
Start importing Assets/Prefabs using Guid(9f596e3f0c32ade4cae49492d98b98c2) Importer(815301076,1909f56bfc062723c751e8b465ee728b)  -> (artifact id: '40d4aa8d2ceb96bcd8c3616a9dc48aea') in 0.021143 seconds
  Import took 0.029091 seconds .

========================================================================
Received Import Request.
  Time since last request: 5.159030 seconds.
  path: Assets/Prefabs/Pick Up.prefab
  artifactKey: Guid(3f53cb8f773112a42b250fbfc3342713) Importer(815301076,1909f56bfc062723c751e8b465ee728b)
Start importing Assets/Prefabs/Pick Up.prefab using Guid(3f53cb8f773112a42b250fbfc3342713) Importer(815301076,1909f56bfc062723c751e8b465ee728b)  -> (artifact id: '287604e7b8896f7f05306eaa88b5881e') in 0.344863 seconds
  Import took 0.348456 seconds .

========================================================================
Received Prepare
Registering precompiled user dll's ...
Registered in 0.014347 seconds.
Begin MonoManager ReloadAssembly
Native extension for WindowsStandalone target not found
Refreshing native plugins compatible for Editor in 0.42 ms, found 2 plugins.
Preloading 0 native plugins for Editor in 0.00 ms.
Mono: successfully reloaded assembly
- Completed reload, in  1.475 seconds
Platform modules already initialized, skipping
Refreshing native plugins compatible for Editor in 0.44 ms, found 2 plugins.
Preloading 0 native plugins for Editor in 0.00 ms.
Unloading 1384 Unused Serialized files (Serialized files now loaded: 0)
System memory in use before: 70.6 MB.
System memory in use after: 70.7 MB.

Unloading 15 unused Assets to reduce memory usage. Loaded Objects now: 1881.
Total: 2.334800 ms (FindLiveObjects: 0.158300 ms CreateObjectMapping: 0.065900 ms MarkObjects: 2.018900 ms  DeleteObjects: 0.090200 ms)

========================================================================
Received Prepare
Registering precompiled user dll's ...
Registered in 0.011146 seconds.
Begin MonoManager ReloadAssembly
Native extension for WindowsStandalone target not found
Refreshing native plugins compatible for Editor in 0.42 ms, found 2 plugins.
Preloading 0 native plugins for Editor in 0.00 ms.
Mono: successfully reloaded assembly
- Completed reload, in  1.465 seconds
Platform modules already initialized, skipping
Refreshing native plugins compatible for Editor in 0.46 ms, found 2 plugins.
Preloading 0 native plugins for Editor in 0.00 ms.
Unloading 1384 Unused Serialized files (Serialized files now loaded: 0)
System memory in use before: 70.6 MB.
System memory in use after: 70.7 MB.

Unloading 14 unused Assets to reduce memory usage. Loaded Objects now: 1884.
Total: 2.977000 ms (FindLiveObjects: 0.177100 ms CreateObjectMapping: 0.126100 ms MarkObjects: 2.594500 ms  DeleteObjects: 0.077600 ms)

========================================================================
Received Prepare
Registering precompiled user dll's ...
Registered in 0.017149 seconds.
Begin MonoManager ReloadAssembly
Native extension for WindowsStandalone target not found
Refreshing native plugins compatible for Editor in 0.45 ms, found 2 plugins.
Preloading 0 native plugins for Editor in 0.00 ms.
Mono: successfully reloaded assembly
- Completed reload, in  1.578 seconds
Platform modules already initialized, skipping
Refreshing native plugins compatible for Editor in 0.41 ms, found 2 plugins.
Preloading 0 native plugins for Editor in 0.00 ms.
Unloading 1384 Unused Serialized files (Serialized files now loaded: 0)
System memory in use before: 70.6 MB.
System memory in use after: 70.7 MB.

Unloading 14 unused Assets to reduce memory usage. Loaded Objects now: 1887.
Total: 2.328100 ms (FindLiveObjects: 0.176700 ms CreateObjectMapping: 0.064900 ms MarkObjects: 2.010800 ms  DeleteObjects: 0.074200 ms)

========================================================================
Received Import Request.
  Time since last request: 1538.004175 seconds.
  path: ProjectSettings/TagManager.asset
  artifactKey: Guid(00000000000000003000000000000000) Importer(815301076,1909f56bfc062723c751e8b465ee728b)
Start importing ProjectSettings/TagManager.asset using Guid(00000000000000003000000000000000) Importer(815301076,1909f56bfc062723c751e8b465ee728b)  -> (artifact id: 'ce6a35c3cddc746e7501c0bd0ed6d4ce') in 0.037232 seconds
  Import took 0.042592 seconds .

========================================================================
Received Import Request.
  Time since last request: 36.915739 seconds.
  path: Assets/Prefabs/Pick Up.prefab
  artifactKey: Guid(3f53cb8f773112a42b250fbfc3342713) Importer(815301076,1909f56bfc062723c751e8b465ee728b)
Start importing Assets/Prefabs/Pick Up.prefab using Guid(3f53cb8f773112a42b250fbfc3342713) Importer(815301076,1909f56bfc062723c751e8b465ee728b)  -> (artifact id: '8abf21343ed492d3d342380bc670563e') in 0.103686 seconds
  Import took 0.107888 seconds .

========================================================================
Received Import Request.
  Time since last request: 7.548493 seconds.
  path: Assets/Prefabs/Pick Up.prefab
  artifactKey: Guid(3f53cb8f773112a42b250fbfc3342713) Importer(815301076,1909f56bfc062723c751e8b465ee728b)
Start importing Assets/Prefabs/Pick Up.prefab using Guid(3f53cb8f773112a42b250fbfc3342713) Importer(815301076,1909f56bfc062723c751e8b465ee728b)  -> (artifact id: '69d08296e03faae48c1056484fc5144b') in 0.034943 seconds
  Import took 0.039178 seconds .

========================================================================
Received Prepare
Registering precompiled user dll's ...
Registered in 0.013063 seconds.
Begin MonoManager ReloadAssembly
Native extension for WindowsStandalone target not found
Refreshing native plugins compatible for Editor in 0.52 ms, found 2 plugins.
Preloading 0 native plugins for Editor in 0.00 ms.
Mono: successfully reloaded assembly
- Completed reload, in  1.566 seconds
Platform modules already initialized, skipping
Refreshing native plugins compatible for Editor in 0.44 ms, found 2 plugins.
Preloading 0 native plugins for Editor in 0.00 ms.
Unloading 1384 Unused Serialized files (Serialized files now loaded: 0)
System memory in use before: 70.6 MB.
System memory in use after: 70.7 MB.

Unloading 15 unused Assets to reduce memory usage. Loaded Objects now: 1891.
Total: 2.444100 ms (FindLiveObjects: 0.187800 ms CreateObjectMapping: 0.067700 ms MarkObjects: 2.112200 ms  DeleteObjects: 0.074900 ms)

========================================================================
Received Import Request.
  Time since last request: 180.745007 seconds.
  path: Assets/Prefabs/Pick Up.prefab
  artifactKey: Guid(3f53cb8f773112a42b250fbfc3342713) Importer(815301076,1909f56bfc062723c751e8b465ee728b)
Start importing Assets/Prefabs/Pick Up.prefab using Guid(3f53cb8f773112a42b250fbfc3342713) Importer(815301076,1909f56bfc062723c751e8b465ee728b)  -> (artifact id: '48daeb049e54ba82cbd6f9289bb3aaea') in 0.095299 seconds
  Import took 0.100050 seconds .

========================================================================
Received Prepare
Registering precompiled user dll's ...
Registered in 0.010439 seconds.
Begin MonoManager ReloadAssembly
Native extension for WindowsStandalone target not found
Refreshing native plugins compatible for Editor in 0.41 ms, found 2 plugins.
Preloading 0 native plugins for Editor in 0.00 ms.
Mono: successfully reloaded assembly
- Completed reload, in  1.670 seconds
Platform modules already initialized, skipping
Refreshing native plugins compatible for Editor in 0.42 ms, found 2 plugins.
Preloading 0 native plugins for Editor in 0.00 ms.
Unloading 1384 Unused Serialized files (Serialized files now loaded: 0)
System memory in use before: 70.7 MB.
System memory in use after: 70.7 MB.

Unloading 14 unused Assets to reduce memory usage. Loaded Objects now: 1895.
Total: 2.428500 ms (FindLiveObjects: 0.163400 ms CreateObjectMapping: 0.064100 ms MarkObjects: 2.115300 ms  DeleteObjects: 0.084100 ms)

========================================================================
Received Import Request.
  Time since last request: 132.018873 seconds.
  path: Assets/Prefabs/Pick Up.prefab
  artifactKey: Guid(3f53cb8f773112a42b250fbfc3342713) Importer(815301076,1909f56bfc062723c751e8b465ee728b)
Start importing Assets/Prefabs/Pick Up.prefab using Guid(3f53cb8f773112a42b250fbfc3342713) Importer(815301076,1909f56bfc062723c751e8b465ee728b)  -> (artifact id: '68f4e4d7e0cc732e4a8faa8bce858300') in 0.112335 seconds
  Import took 0.122527 seconds .

========================================================================
Received Import Request.
  Time since last request: 2.036470 seconds.
  path: Assets/Prefabs/Pick Up.prefab
  artifactKey: Guid(3f53cb8f773112a42b250fbfc3342713) Importer(815301076,1909f56bfc062723c751e8b465ee728b)
Start importing Assets/Prefabs/Pick Up.prefab using Guid(3f53cb8f773112a42b250fbfc3342713) Importer(815301076,1909f56bfc062723c751e8b465ee728b)  -> (artifact id: '62ae726e567e19a47ec973d41445c725') in 0.030733 seconds
  Import took 0.034900 seconds .

========================================================================
Received Prepare
Registering precompiled user dll's ...
Registered in 0.012651 seconds.
Begin MonoManager ReloadAssembly
Native extension for WindowsStandalone target not found
Refreshing native plugins compatible for Editor in 0.42 ms, found 2 plugins.
Preloading 0 native plugins for Editor in 0.00 ms.
Mono: successfully reloaded assembly
- Completed reload, in  1.591 seconds
Platform modules already initialized, skipping
Refreshing native plugins compatible for Editor in 0.42 ms, found 2 plugins.
Preloading 0 native plugins for Editor in 0.00 ms.
Unloading 1384 Unused Serialized files (Serialized files now loaded: 0)
System memory in use before: 70.7 MB.
System memory in use after: 70.8 MB.

Unloading 14 unused Assets to reduce memory usage. Loaded Objects now: 1899.
Total: 4.572800 ms (FindLiveObjects: 0.232300 ms CreateObjectMapping: 0.174600 ms MarkObjects: 4.077200 ms  DeleteObjects: 0.086900 ms)

========================================================================
Received Prepare
Registering precompiled user dll's ...
Registered in 0.019326 seconds.
Begin MonoManager ReloadAssembly
Native extension for WindowsStandalone target not found
Refreshing native plugins compatible for Editor in 0.42 ms, found 2 plugins.
Preloading 0 native plugins for Editor in 0.00 ms.
Mono: successfully reloaded assembly
- Completed reload, in  1.647 seconds
Platform modules already initialized, skipping
Refreshing native plugins compatible for Editor in 0.41 ms, found 2 plugins.
Preloading 0 native plugins for Editor in 0.00 ms.
Unloading 1384 Unused Serialized files (Serialized files now loaded: 0)
System memory in use before: 70.7 MB.
System memory in use after: 70.8 MB.

Unloading 14 unused Assets to reduce memory usage. Loaded Objects now: 1902.
Total: 2.343000 ms (FindLiveObjects: 0.220000 ms CreateObjectMapping: 0.067100 ms MarkObjects: 1.953900 ms  DeleteObjects: 0.100400 ms)

========================================================================
Received Prepare
Registering precompiled user dll's ...
Registered in 0.012766 seconds.
Begin MonoManager ReloadAssembly
Native extension for WindowsStandalone target not found
Refreshing native plugins compatible for Editor in 0.43 ms, found 2 plugins.
Preloading 0 native plugins for Editor in 0.00 ms.
Mono: successfully reloaded assembly
- Completed reload, in  1.779 seconds
Platform modules already initialized, skipping
Refreshing native plugins compatible for Editor in 0.46 ms, found 2 plugins.
Preloading 0 native plugins for Editor in 0.00 ms.
Unloading 1384 Unused Serialized files (Serialized files now loaded: 0)
System memory in use before: 70.7 MB.
System memory in use after: 70.8 MB.

Unloading 14 unused Assets to reduce memory usage. Loaded Objects now: 1905.
Total: 2.791800 ms (FindLiveObjects: 0.160100 ms CreateObjectMapping: 0.064100 ms MarkObjects: 2.490200 ms  DeleteObjects: 0.075400 ms)

========================================================================
Received Prepare
Registering precompiled user dll's ...
Registered in 0.013809 seconds.
Begin MonoManager ReloadAssembly
Native extension for WindowsStandalone target not found
Refreshing native plugins compatible for Editor in 0.42 ms, found 2 plugins.
Preloading 0 native plugins for Editor in 0.00 ms.
Mono: successfully reloaded assembly
- Completed reload, in  1.685 seconds
Platform modules already initialized, skipping
Refreshing native plugins compatible for Editor in 0.44 ms, found 2 plugins.
Preloading 0 native plugins for Editor in 0.00 ms.
Unloading 1384 Unused Serialized files (Serialized files now loaded: 0)
System memory in use before: 70.7 MB.
System memory in use after: 70.8 MB.

Unloading 14 unused Assets to reduce memory usage. Loaded Objects now: 1908.
Total: 2.331500 ms (FindLiveObjects: 0.171700 ms CreateObjectMapping: 0.067700 ms MarkObjects: 2.018800 ms  DeleteObjects: 0.071500 ms)

========================================================================
Received Prepare
Registering precompiled user dll's ...
Registered in 0.009811 seconds.
Begin MonoManager ReloadAssembly
Native extension for WindowsStandalone target not found
Refreshing native plugins compatible for Editor in 0.45 ms, found 2 plugins.
Preloading 0 native plugins for Editor in 0.00 ms.
Mono: successfully reloaded assembly
- Completed reload, in  1.571 seconds
Platform modules already initialized, skipping
Refreshing native plugins compatible for Editor in 0.42 ms, found 2 plugins.
Preloading 0 native plugins for Editor in 0.00 ms.
Unloading 1384 Unused Serialized files (Serialized files now loaded: 0)
System memory in use before: 70.7 MB.
System memory in use after: 70.8 MB.

Unloading 14 unused Assets to reduce memory usage. Loaded Objects now: 1911.
Total: 2.278500 ms (FindLiveObjects: 0.171000 ms CreateObjectMapping: 0.063500 ms MarkObjects: 1.959000 ms  DeleteObjects: 0.083500 ms)

========================================================================
Received Prepare
Registering precompiled user dll's ...
Registered in 0.008917 seconds.
Begin MonoManager ReloadAssembly
Native extension for WindowsStandalone target not found
Refreshing native plugins compatible for Editor in 0.44 ms, found 2 plugins.
Preloading 0 native plugins for Editor in 0.00 ms.
Mono: successfully reloaded assembly
- Completed reload, in  1.521 seconds
Platform modules already initialized, skipping
Refreshing native plugins compatible for Editor in 0.41 ms, found 2 plugins.
Preloading 0 native plugins for Editor in 0.00 ms.
Unloading 1384 Unused Serialized files (Serialized files now loaded: 0)
System memory in use before: 70.7 MB.
System memory in use after: 70.8 MB.

Unloading 14 unused Assets to reduce memory usage. Loaded Objects now: 1914.
Total: 2.273700 ms (FindLiveObjects: 0.183500 ms CreateObjectMapping: 0.060100 ms MarkObjects: 1.947600 ms  DeleteObjects: 0.081000 ms)

========================================================================
Received Prepare
Refreshing native plugins compatible for Editor in 91.58 ms, found 2 plugins.
Preloading 0 native plugins for Editor in 0.00 ms.
Unloading 12 Unused Serialized files (Serialized files now loaded: 0)
System memory in use before: 43.5 MB.
System memory in use after: 43.6 MB.

Unloading 12 unused Assets to reduce memory usage. Loaded Objects now: 1914.
Total: 2.824600 ms (FindLiveObjects: 0.232100 ms CreateObjectMapping: 0.066500 ms MarkObjects: 2.447800 ms  DeleteObjects: 0.076300 ms)

========================================================================
Received Prepare
Registering precompiled user dll's ...
Registered in 0.017657 seconds.
Begin MonoManager ReloadAssembly
Native extension for WindowsStandalone target not found
Refreshing native plugins compatible for Editor in 0.42 ms, found 2 plugins.
Preloading 0 native plugins for Editor in 0.00 ms.
Mono: successfully reloaded assembly
- Completed reload, in  1.538 seconds
Platform modules already initialized, skipping
Refreshing native plugins compatible for Editor in 0.41 ms, found 2 plugins.
Preloading 0 native plugins for Editor in 0.00 ms.
Unloading 1384 Unused Serialized files (Serialized files now loaded: 0)
System memory in use before: 70.8 MB.
System memory in use after: 70.8 MB.

Unloading 14 unused Assets to reduce memory usage. Loaded Objects now: 1917.
Total: 2.243300 ms (FindLiveObjects: 0.168800 ms CreateObjectMapping: 0.063900 ms MarkObjects: 1.940000 ms  DeleteObjects: 0.069000 ms)

========================================================================
Received Prepare
Registering precompiled user dll's ...
Registered in 0.017887 seconds.
Begin MonoManager ReloadAssembly
Native extension for WindowsStandalone target not found
Refreshing native plugins compatible for Editor in 0.66 ms, found 2 plugins.
Preloading 0 native plugins for Editor in 0.00 ms.
Mono: successfully reloaded assembly
- Completed reload, in  1.874 seconds
Platform modules already initialized, skipping
Refreshing native plugins compatible for Editor in 0.41 ms, found 2 plugins.
Preloading 0 native plugins for Editor in 0.00 ms.
Unloading 1384 Unused Serialized files (Serialized files now loaded: 0)
System memory in use before: 70.8 MB.
System memory in use after: 70.8 MB.

Unloading 14 unused Assets to reduce memory usage. Loaded Objects now: 1920.
Total: 14.333900 ms (FindLiveObjects: 1.086400 ms CreateObjectMapping: 0.069300 ms MarkObjects: 12.392900 ms  DeleteObjects: 0.782800 ms)

========================================================================
Received Prepare
Registering precompiled user dll's ...
Registered in 0.020420 seconds.
Begin MonoManager ReloadAssembly
Native extension for WindowsStandalone target not found
Refreshing native plugins compatible for Editor in 0.67 ms, found 2 plugins.
Preloading 0 native plugins for Editor in 0.00 ms.
Mono: successfully reloaded assembly
- Completed reload, in  1.557 seconds
Platform modules already initialized, skipping
Refreshing native plugins compatible for Editor in 0.52 ms, found 2 plugins.
Preloading 0 native plugins for Editor in 0.00 ms.
Unloading 1384 Unused Serialized files (Serialized files now loaded: 0)
System memory in use before: 70.8 MB.
System memory in use after: 70.8 MB.

Unloading 14 unused Assets to reduce memory usage. Loaded Objects now: 1923.
Total: 4.374500 ms (FindLiveObjects: 0.175700 ms CreateObjectMapping: 0.066000 ms MarkObjects: 3.848500 ms  DeleteObjects: 0.282000 ms)

========================================================================
Received Prepare
Registering precompiled user dll's ...
Registered in 0.008505 seconds.
Begin MonoManager ReloadAssembly
Native extension for WindowsStandalone target not found
Refreshing native plugins compatible for Editor in 0.48 ms, found 2 plugins.
Preloading 0 native plugins for Editor in 0.00 ms.
Mono: successfully reloaded assembly
- Completed reload, in  1.427 seconds
Platform modules already initialized, skipping
Refreshing native plugins compatible for Editor in 0.46 ms, found 2 plugins.
Preloading 0 native plugins for Editor in 0.00 ms.
Unloading 1384 Unused Serialized files (Serialized files now loaded: 0)
System memory in use before: 70.8 MB.
System memory in use after: 70.8 MB.

Unloading 14 unused Assets to reduce memory usage. Loaded Objects now: 1926.
Total: 2.580600 ms (FindLiveObjects: 0.163700 ms CreateObjectMapping: 0.064500 ms MarkObjects: 1.928100 ms  DeleteObjects: 0.422500 ms)

========================================================================
Received Prepare
Registering precompiled user dll's ...
Registered in 0.011045 seconds.
Begin MonoManager ReloadAssembly
Native extension for WindowsStandalone target not found
Refreshing native plugins compatible for Editor in 0.42 ms, found 2 plugins.
Preloading 0 native plugins for Editor in 0.00 ms.
Mono: successfully reloaded assembly
- Completed reload, in  1.446 seconds
Platform modules already initialized, skipping
Refreshing native plugins compatible for Editor in 0.64 ms, found 2 plugins.
Preloading 0 native plugins for Editor in 0.00 ms.
Unloading 1384 Unused Serialized files (Serialized files now loaded: 0)
System memory in use before: 70.8 MB.
System memory in use after: 70.9 MB.

Unloading 14 unused Assets to reduce memory usage. Loaded Objects now: 1929.
Total: 2.396900 ms (FindLiveObjects: 0.165300 ms CreateObjectMapping: 0.064400 ms MarkObjects: 2.083200 ms  DeleteObjects: 0.082500 ms)

========================================================================
Received Prepare
Registering precompiled user dll's ...
Registered in 0.009508 seconds.
Begin MonoManager ReloadAssembly
Native extension for WindowsStandalone target not found
Refreshing native plugins compatible for Editor in 0.42 ms, found 2 plugins.
Preloading 0 native plugins for Editor in 0.00 ms.
Mono: successfully reloaded assembly
- Completed reload, in  1.458 seconds
Platform modules already initialized, skipping
Refreshing native plugins compatible for Editor in 0.41 ms, found 2 plugins.
Preloading 0 native plugins for Editor in 0.00 ms.
Unloading 1384 Unused Serialized files (Serialized files now loaded: 0)
System memory in use before: 70.8 MB.
System memory in use after: 70.9 MB.

Unloading 14 unused Assets to reduce memory usage. Loaded Objects now: 1932.
Total: 3.000400 ms (FindLiveObjects: 0.164200 ms CreateObjectMapping: 0.063700 ms MarkObjects: 2.010400 ms  DeleteObjects: 0.760100 ms)

========================================================================
Received Prepare
Registering precompiled user dll's ...
Registered in 0.008534 seconds.
Begin MonoManager ReloadAssembly
Native extension for WindowsStandalone target not found
Refreshing native plugins compatible for Editor in 0.46 ms, found 2 plugins.
Preloading 0 native plugins for Editor in 0.00 ms.
Mono: successfully reloaded assembly
- Completed reload, in  1.529 seconds
Platform modules already initialized, skipping
Refreshing native plugins compatible for Editor in 0.42 ms, found 2 plugins.
Preloading 0 native plugins for Editor in 0.00 ms.
Unloading 1384 Unused Serialized files (Serialized files now loaded: 0)
System memory in use before: 70.8 MB.
System memory in use after: 70.9 MB.

Unloading 14 unused Assets to reduce memory usage. Loaded Objects now: 1935.
Total: 3.007200 ms (FindLiveObjects: 0.177100 ms CreateObjectMapping: 0.065200 ms MarkObjects: 2.680500 ms  DeleteObjects: 0.082500 ms)

========================================================================
Received Prepare
Registering precompiled user dll's ...
Registered in 0.028262 seconds.
Begin MonoManager ReloadAssembly
Native extension for WindowsStandalone target not found
Refreshing native plugins compatible for Editor in 0.42 ms, found 2 plugins.
Preloading 0 native plugins for Editor in 0.00 ms.
Mono: successfully reloaded assembly
- Completed reload, in  1.530 seconds
Platform modules already initialized, skipping
Refreshing native plugins compatible for Editor in 0.42 ms, found 2 plugins.
Preloading 0 native plugins for Editor in 0.00 ms.
Unloading 1384 Unused Serialized files (Serialized files now loaded: 0)
System memory in use before: 70.8 MB.
System memory in use after: 70.9 MB.

Unloading 14 unused Assets to reduce memory usage. Loaded Objects now: 1938.
Total: 2.285600 ms (FindLiveObjects: 0.160100 ms CreateObjectMapping: 0.063100 ms MarkObjects: 1.980700 ms  DeleteObjects: 0.080000 ms)

========================================================================
Received Prepare
Registering precompiled user dll's ...
Registered in 0.010177 seconds.
Begin MonoManager ReloadAssembly
Native extension for WindowsStandalone target not found
Refreshing native plugins compatible for Editor in 0.45 ms, found 2 plugins.
Preloading 0 native plugins for Editor in 0.00 ms.
Mono: successfully reloaded assembly
- Completed reload, in  1.533 seconds
Platform modules already initialized, skipping
Refreshing native plugins compatible for Editor in 0.42 ms, found 2 plugins.
Preloading 0 native plugins for Editor in 0.00 ms.
Unloading 1384 Unused Serialized files (Serialized files now loaded: 0)
System memory in use before: 70.8 MB.
System memory in use after: 70.9 MB.

Unloading 14 unused Assets to reduce memory usage. Loaded Objects now: 1941.
Total: 2.323000 ms (FindLiveObjects: 0.177200 ms CreateObjectMapping: 0.066100 ms MarkObjects: 2.006400 ms  DeleteObjects: 0.071800 ms)

========================================================================
Received Prepare
Registering precompiled user dll's ...
Registered in 0.008996 seconds.
Begin MonoManager ReloadAssembly
Native extension for WindowsStandalone target not found
Refreshing native plugins compatible for Editor in 0.44 ms, found 2 plugins.
Preloading 0 native plugins for Editor in 0.00 ms.
Mono: successfully reloaded assembly
- Completed reload, in  1.494 seconds
Platform modules already initialized, skipping
Refreshing native plugins compatible for Editor in 0.43 ms, found 2 plugins.
Preloading 0 native plugins for Editor in 0.00 ms.
Unloading 1384 Unused Serialized files (Serialized files now loaded: 0)
System memory in use before: 70.8 MB.
System memory in use after: 70.9 MB.

Unloading 14 unused Assets to reduce memory usage. Loaded Objects now: 1944.
Total: 2.323000 ms (FindLiveObjects: 0.174500 ms CreateObjectMapping: 0.066700 ms MarkObjects: 2.010400 ms  DeleteObjects: 0.069900 ms)

========================================================================
Received Prepare
Registering precompiled user dll's ...
Registered in 0.008620 seconds.
Begin MonoManager ReloadAssembly
Native extension for WindowsStandalone target not found
Refreshing native plugins compatible for Editor in 0.42 ms, found 2 plugins.
Preloading 0 native plugins for Editor in 0.00 ms.
Mono: successfully reloaded assembly
- Completed reload, in  1.443 seconds
Platform modules already initialized, skipping
Refreshing native plugins compatible for Editor in 0.42 ms, found 2 plugins.
Preloading 0 native plugins for Editor in 0.00 ms.
Unloading 1384 Unused Serialized files (Serialized files now loaded: 0)
System memory in use before: 70.8 MB.
System memory in use after: 70.9 MB.

Unloading 14 unused Assets to reduce memory usage. Loaded Objects now: 1947.
Total: 2.241100 ms (FindLiveObjects: 0.161700 ms CreateObjectMapping: 0.063600 ms MarkObjects: 1.936400 ms  DeleteObjects: 0.078000 ms)

========================================================================
Received Prepare
Registering precompiled user dll's ...
Registered in 0.009824 seconds.
Begin MonoManager ReloadAssembly
Native extension for WindowsStandalone target not found
Refreshing native plugins compatible for Editor in 0.44 ms, found 2 plugins.
Preloading 0 native plugins for Editor in 0.00 ms.
Mono: successfully reloaded assembly
- Completed reload, in  1.499 seconds
Platform modules already initialized, skipping
Refreshing native plugins compatible for Editor in 0.42 ms, found 2 plugins.
Preloading 0 native plugins for Editor in 0.00 ms.
Unloading 1384 Unused Serialized files (Serialized files now loaded: 0)
System memory in use before: 70.8 MB.
System memory in use after: 70.9 MB.

Unloading 14 unused Assets to reduce memory usage. Loaded Objects now: 1950.
Total: 2.520800 ms (FindLiveObjects: 0.180800 ms CreateObjectMapping: 0.067600 ms MarkObjects: 2.190800 ms  DeleteObjects: 0.079700 ms)

========================================================================
Received Prepare
Registering precompiled user dll's ...
Registered in 0.008771 seconds.
Begin MonoManager ReloadAssembly
Native extension for WindowsStandalone target not found
Refreshing native plugins compatible for Editor in 0.43 ms, found 2 plugins.
Preloading 0 native plugins for Editor in 0.00 ms.
Mono: successfully reloaded assembly
- Completed reload, in  1.497 seconds
Platform modules already initialized, skipping
Refreshing native plugins compatible for Editor in 0.42 ms, found 2 plugins.
Preloading 0 native plugins for Editor in 0.00 ms.
Unloading 1384 Unused Serialized files (Serialized files now loaded: 0)
System memory in use before: 70.8 MB.
System memory in use after: 70.9 MB.

Unloading 14 unused Assets to reduce memory usage. Loaded Objects now: 1953.
Total: 2.309900 ms (FindLiveObjects: 0.174400 ms CreateObjectMapping: 0.065400 ms MarkObjects: 1.985800 ms  DeleteObjects: 0.082900 ms)

========================================================================
Received Prepare
Registering precompiled user dll's ...
Registered in 0.016949 seconds.
Begin MonoManager ReloadAssembly
Native extension for WindowsStandalone target not found
Refreshing native plugins compatible for Editor in 0.45 ms, found 2 plugins.
Preloading 0 native plugins for Editor in 0.00 ms.
Mono: successfully reloaded assembly
- Completed reload, in  1.505 seconds
Platform modules already initialized, skipping
Refreshing native plugins compatible for Editor in 0.42 ms, found 2 plugins.
Preloading 0 native plugins for Editor in 0.00 ms.
Unloading 1384 Unused Serialized files (Serialized files now loaded: 0)
System memory in use before: 70.8 MB.
System memory in use after: 70.9 MB.

Unloading 14 unused Assets to reduce memory usage. Loaded Objects now: 1956.
Total: 2.305400 ms (FindLiveObjects: 0.174000 ms CreateObjectMapping: 0.064900 ms MarkObjects: 1.984800 ms  DeleteObjects: 0.080200 ms)

========================================================================
Received Prepare
Registering precompiled user dll's ...
Registered in 0.009978 seconds.
Begin MonoManager ReloadAssembly
Native extension for WindowsStandalone target not found
Refreshing native plugins compatible for Editor in 0.43 ms, found 2 plugins.
Preloading 0 native plugins for Editor in 0.00 ms.
Mono: successfully reloaded assembly
- Completed reload, in  1.499 seconds
Platform modules already initialized, skipping
Refreshing native plugins compatible for Editor in 0.42 ms, found 2 plugins.
Preloading 0 native plugins for Editor in 0.00 ms.
Unloading 1384 Unused Serialized files (Serialized files now loaded: 0)
System memory in use before: 70.8 MB.
System memory in use after: 70.9 MB.

Unloading 14 unused Assets to reduce memory usage. Loaded Objects now: 1959.
Total: 2.458600 ms (FindLiveObjects: 0.191700 ms CreateObjectMapping: 0.067900 ms MarkObjects: 2.113400 ms  DeleteObjects: 0.083400 ms)

========================================================================
Received Prepare
Registering precompiled user dll's ...
Registered in 0.026225 seconds.
Begin MonoManager ReloadAssembly
Native extension for WindowsStandalone target not found
Refreshing native plugins compatible for Editor in 0.44 ms, found 2 plugins.
Preloading 0 native plugins for Editor in 0.00 ms.
Mono: successfully reloaded assembly
- Completed reload, in  2.090 seconds
Platform modules already initialized, skipping
Refreshing native plugins compatible for Editor in 0.42 ms, found 2 plugins.
Preloading 0 native plugins for Editor in 0.00 ms.
Unloading 1384 Unused Serialized files (Serialized files now loaded: 0)
System memory in use before: 70.8 MB.
System memory in use after: 70.9 MB.

Unloading 14 unused Assets to reduce memory usage. Loaded Objects now: 1962.
Total: 2.649700 ms (FindLiveObjects: 0.312400 ms CreateObjectMapping: 0.117600 ms MarkObjects: 2.137900 ms  DeleteObjects: 0.080000 ms)

========================================================================
Received Prepare
Registering precompiled user dll's ...
Registered in 0.012596 seconds.
Begin MonoManager ReloadAssembly
Native extension for WindowsStandalone target not found
Refreshing native plugins compatible for Editor in 0.43 ms, found 2 plugins.
Preloading 0 native plugins for Editor in 0.00 ms.
Mono: successfully reloaded assembly
- Completed reload, in  1.446 seconds
Platform modules already initialized, skipping
Refreshing native plugins compatible for Editor in 0.51 ms, found 2 plugins.
Preloading 0 native plugins for Editor in 0.00 ms.
Unloading 1384 Unused Serialized files (Serialized files now loaded: 0)
System memory in use before: 70.8 MB.
System memory in use after: 70.9 MB.

Unloading 14 unused Assets to reduce memory usage. Loaded Objects now: 1965.
Total: 2.294300 ms (FindLiveObjects: 0.185200 ms CreateObjectMapping: 0.066900 ms MarkObjects: 1.962400 ms  DeleteObjects: 0.078100 ms)

========================================================================
Received Prepare
Registering precompiled user dll's ...
Registered in 0.019963 seconds.
Begin MonoManager ReloadAssembly
Native extension for WindowsStandalone target not found
Refreshing native plugins compatible for Editor in 0.43 ms, found 2 plugins.
Preloading 0 native plugins for Editor in 0.00 ms.
Mono: successfully reloaded assembly
- Completed reload, in  1.557 seconds
Platform modules already initialized, skipping
Refreshing native plugins compatible for Editor in 0.58 ms, found 2 plugins.
Preloading 0 native plugins for Editor in 0.00 ms.
Unloading 1384 Unused Serialized files (Serialized files now loaded: 0)
System memory in use before: 70.8 MB.
System memory in use after: 70.9 MB.

Unloading 14 unused Assets to reduce memory usage. Loaded Objects now: 1968.
Total: 2.339300 ms (FindLiveObjects: 0.184800 ms CreateObjectMapping: 0.066700 ms MarkObjects: 2.001700 ms  DeleteObjects: 0.084500 ms)

========================================================================
Received Import Request.
  Time since last request: 10044.977113 seconds.
  path: Assets/Scenes
  artifactKey: Guid(611bddbd556d36b4b847e3c27ffb6ebc) Importer(815301076,1909f56bfc062723c751e8b465ee728b)
Start importing Assets/Scenes using Guid(611bddbd556d36b4b847e3c27ffb6ebc) Importer(815301076,1909f56bfc062723c751e8b465ee728b)  -> (artifact id: '0d3dfc0fe1b6b4dcf8b5320f38915c25') in 0.027147 seconds
  Import took 0.034130 seconds .

========================================================================
Received Import Request.
  Time since last request: 12.116061 seconds.
  path: Assets/Script/ExitCtrl.cs
  artifactKey: Guid(2feb7d336aacccd40b01429191ae9c34) Importer(815301076,1909f56bfc062723c751e8b465ee728b)
Start importing Assets/Script/ExitCtrl.cs using Guid(2feb7d336aacccd40b01429191ae9c34) Importer(815301076,1909f56bfc062723c751e8b465ee728b)  -> (artifact id: 'd6f38e4bb7f1d28122e92ba4af47eb50') in 0.034646 seconds
  Import took 0.041119 seconds .

========================================================================
Received Prepare
Registering precompiled user dll's ...
Registered in 0.009138 seconds.
Begin MonoManager ReloadAssembly
Native extension for WindowsStandalone target not found
Refreshing native plugins compatible for Editor in 0.46 ms, found 2 plugins.
Preloading 0 native plugins for Editor in 0.00 ms.
Mono: successfully reloaded assembly
- Completed reload, in  2.062 seconds
Platform modules already initialized, skipping
Refreshing native plugins compatible for Editor in 0.42 ms, found 2 plugins.
Preloading 0 native plugins for Editor in 0.00 ms.
Unloading 1385 Unused Serialized files (Serialized files now loaded: 0)
System memory in use before: 70.9 MB.
System memory in use after: 71.0 MB.

Unloading 14 unused Assets to reduce memory usage. Loaded Objects now: 1972.
Total: 2.248700 ms (FindLiveObjects: 0.179500 ms CreateObjectMapping: 0.065100 ms MarkObjects: 1.932100 ms  DeleteObjects: 0.070400 ms)

========================================================================
Received Prepare
Registering precompiled user dll's ...
Registered in 0.018803 seconds.
Begin MonoManager ReloadAssembly
Native extension for WindowsStandalone target not found
Refreshing native plugins compatible for Editor in 0.48 ms, found 2 plugins.
Preloading 0 native plugins for Editor in 0.00 ms.
Mono: successfully reloaded assembly
- Completed reload, in  1.456 seconds
Platform modules already initialized, skipping
Refreshing native plugins compatible for Editor in 0.45 ms, found 2 plugins.
Preloading 0 native plugins for Editor in 0.00 ms.
Unloading 1385 Unused Serialized files (Serialized files now loaded: 0)
System memory in use before: 70.9 MB.
System memory in use after: 71.0 MB.

Unloading 14 unused Assets to reduce memory usage. Loaded Objects now: 1975.
Total: 2.526500 ms (FindLiveObjects: 0.206600 ms CreateObjectMapping: 0.066600 ms MarkObjects: 2.166900 ms  DeleteObjects: 0.084700 ms)

========================================================================
Received Import Request.
  Time since last request: 224.741498 seconds.
  path: Assets/Script/ExitCtrl.cs
  artifactKey: Guid(2feb7d336aacccd40b01429191ae9c34) Importer(815301076,1909f56bfc062723c751e8b465ee728b)
Start importing Assets/Script/ExitCtrl.cs using Guid(2feb7d336aacccd40b01429191ae9c34) Importer(815301076,1909f56bfc062723c751e8b465ee728b)  -> (artifact id: '6ad709377d1d1b86d9315f271619b32c') in 0.012615 seconds
  Import took 0.016948 seconds .

========================================================================
Received Prepare
Registering precompiled user dll's ...
Registered in 0.008728 seconds.
Begin MonoManager ReloadAssembly
Native extension for WindowsStandalone target not found
Refreshing native plugins compatible for Editor in 0.57 ms, found 2 plugins.
Preloading 0 native plugins for Editor in 0.00 ms.
Mono: successfully reloaded assembly
- Completed reload, in  1.602 seconds
Platform modules already initialized, skipping
Refreshing native plugins compatible for Editor in 0.41 ms, found 2 plugins.
Preloading 0 native plugins for Editor in 0.00 ms.
Unloading 1385 Unused Serialized files (Serialized files now loaded: 0)
System memory in use before: 70.9 MB.
System memory in use after: 71.0 MB.

Unloading 14 unused Assets to reduce memory usage. Loaded Objects now: 1978.
Total: 2.326000 ms (FindLiveObjects: 0.200400 ms CreateObjectMapping: 0.083900 ms MarkObjects: 1.961900 ms  DeleteObjects: 0.078400 ms)

========================================================================
Received Prepare
Registering precompiled user dll's ...
Registered in 0.009049 seconds.
Begin MonoManager ReloadAssembly
Native extension for WindowsStandalone target not found
Refreshing native plugins compatible for Editor in 0.43 ms, found 2 plugins.
Preloading 0 native plugins for Editor in 0.00 ms.
Mono: successfully reloaded assembly
- Completed reload, in  1.413 seconds
Platform modules already initialized, skipping
Refreshing native plugins compatible for Editor in 0.42 ms, found 2 plugins.
Preloading 0 native plugins for Editor in 0.00 ms.
Unloading 1385 Unused Serialized files (Serialized files now loaded: 0)
System memory in use before: 70.9 MB.
System memory in use after: 71.0 MB.

Unloading 14 unused Assets to reduce memory usage. Loaded Objects now: 1981.
Total: 2.356300 ms (FindLiveObjects: 0.208400 ms CreateObjectMapping: 0.083200 ms MarkObjects: 1.985400 ms  DeleteObjects: 0.077400 ms)

========================================================================
Received Prepare
Registering precompiled user dll's ...
Registered in 0.015048 seconds.
Begin MonoManager ReloadAssembly
Native extension for WindowsStandalone target not found
Refreshing native plugins compatible for Editor in 0.46 ms, found 2 plugins.
Preloading 0 native plugins for Editor in 0.00 ms.
Mono: successfully reloaded assembly
- Completed reload, in  1.493 seconds
Platform modules already initialized, skipping
Refreshing native plugins compatible for Editor in 0.42 ms, found 2 plugins.
Preloading 0 native plugins for Editor in 0.00 ms.
Unloading 1385 Unused Serialized files (Serialized files now loaded: 0)
System memory in use before: 70.9 MB.
System memory in use after: 71.0 MB.

Unloading 14 unused Assets to reduce memory usage. Loaded Objects now: 1984.
Total: 2.423800 ms (FindLiveObjects: 0.182500 ms CreateObjectMapping: 0.065000 ms MarkObjects: 2.096400 ms  DeleteObjects: 0.078400 ms)

========================================================================
Received Prepare
Registering precompiled user dll's ...
Registered in 0.023602 seconds.
Begin MonoManager ReloadAssembly
Native extension for WindowsStandalone target not found
Refreshing native plugins compatible for Editor in 0.42 ms, found 2 plugins.
Preloading 0 native plugins for Editor in 0.00 ms.
Mono: successfully reloaded assembly
- Completed reload, in  1.473 seconds
Platform modules already initialized, skipping
Refreshing native plugins compatible for Editor in 0.43 ms, found 2 plugins.
Preloading 0 native plugins for Editor in 0.00 ms.
Unloading 1385 Unused Serialized files (Serialized files now loaded: 0)
System memory in use before: 70.9 MB.
System memory in use after: 71.0 MB.

Unloading 14 unused Assets to reduce memory usage. Loaded Objects now: 1987.
Total: 2.841900 ms (FindLiveObjects: 0.172600 ms CreateObjectMapping: 0.064800 ms MarkObjects: 2.025800 ms  DeleteObjects: 0.576900 ms)

========================================================================
Received Prepare
Registering precompiled user dll's ...
Registered in 0.008809 seconds.
Begin MonoManager ReloadAssembly
Native extension for WindowsStandalone target not found
Refreshing native plugins compatible for Editor in 0.42 ms, found 2 plugins.
Preloading 0 native plugins for Editor in 0.00 ms.
Mono: successfully reloaded assembly
- Completed reload, in  1.556 seconds
Platform modules already initialized, skipping
Refreshing native plugins compatible for Editor in 0.41 ms, found 2 plugins.
Preloading 0 native plugins for Editor in 0.00 ms.
Unloading 1385 Unused Serialized files (Serialized files now loaded: 0)
System memory in use before: 70.9 MB.
System memory in use after: 71.0 MB.

Unloading 14 unused Assets to reduce memory usage. Loaded Objects now: 1990.
Total: 2.339700 ms (FindLiveObjects: 0.176700 ms CreateObjectMapping: 0.065300 ms MarkObjects: 2.018200 ms  DeleteObjects: 0.077900 ms)

========================================================================
Received Prepare
Refreshing native plugins compatible for Editor in 6.04 ms, found 2 plugins.
Preloading 0 native plugins for Editor in 0.00 ms.
Unloading 12 Unused Serialized files (Serialized files now loaded: 0)
System memory in use before: 43.7 MB.
System memory in use after: 43.8 MB.

Unloading 12 unused Assets to reduce memory usage. Loaded Objects now: 1990.
Total: 2.975000 ms (FindLiveObjects: 0.213800 ms CreateObjectMapping: 0.064500 ms MarkObjects: 2.619400 ms  DeleteObjects: 0.075500 ms)

========================================================================
Received Import Request.
  Time since last request: 1337.589986 seconds.
  path: Assets/Scenes/start.unity
  artifactKey: Guid(3194b41224b700645918f703e83c46e6) Importer(815301076,1909f56bfc062723c751e8b465ee728b)
Start importing Assets/Scenes/start.unity using Guid(3194b41224b700645918f703e83c46e6) Importer(815301076,1909f56bfc062723c751e8b465ee728b)  -> (artifact id: '8be2af2d1b17f24b5083afb3f9e5242b') in 0.735686 seconds
  Import took 0.740881 seconds .

========================================================================
Received Import Request.
  Time since last request: 13.962412 seconds.
  path: Assets/Scenes/SampleScene.unity
  artifactKey: Guid(9fc0d4010bbf28b4594072e72b8655ab) Importer(815301076,1909f56bfc062723c751e8b465ee728b)
Start importing Assets/Scenes/SampleScene.unity using Guid(9fc0d4010bbf28b4594072e72b8655ab) Importer(815301076,1909f56bfc062723c751e8b465ee728b)  -> (artifact id: '217259462499de76614e5704ce7ae4f5') in 0.017099 seconds
  Import took 0.020869 seconds .

========================================================================
Received Import Request.
  Time since last request: 5.059793 seconds.
  path: Assets/Scenes/1stage.unity
  artifactKey: Guid(9fc0d4010bbf28b4594072e72b8655ab) Importer(815301076,1909f56bfc062723c751e8b465ee728b)
Start importing Assets/Scenes/1stage.unity using Guid(9fc0d4010bbf28b4594072e72b8655ab) Importer(815301076,1909f56bfc062723c751e8b465ee728b)  -> (artifact id: 'cb35c21584db76c4adc48a156869b70b') in 0.015387 seconds
  Import took 0.019724 seconds .

========================================================================
Received Import Request.
  Time since last request: 393.878278 seconds.
  path: Assets/Script/StartGameButton.cs
  artifactKey: Guid(4270b562f10ed5d4285b49b400b0dc93) Importer(815301076,1909f56bfc062723c751e8b465ee728b)
Start importing Assets/Script/StartGameButton.cs using Guid(4270b562f10ed5d4285b49b400b0dc93) Importer(815301076,1909f56bfc062723c751e8b465ee728b)  -> (artifact id: '65d37100233a62e39182de132427b169') in 0.028882 seconds
  Import took 0.033353 seconds .

========================================================================
Received Prepare
Registering precompiled user dll's ...
Registered in 0.054573 seconds.
Begin MonoManager ReloadAssembly
Native extension for WindowsStandalone target not found
Refreshing native plugins compatible for Editor in 0.42 ms, found 2 plugins.
Preloading 0 native plugins for Editor in 0.00 ms.
Mono: successfully reloaded assembly
- Completed reload, in  2.166 seconds
Platform modules already initialized, skipping
Refreshing native plugins compatible for Editor in 0.43 ms, found 2 plugins.
Preloading 0 native plugins for Editor in 0.00 ms.
Unloading 1386 Unused Serialized files (Serialized files now loaded: 0)
System memory in use before: 70.9 MB.
System memory in use after: 71.0 MB.

Unloading 14 unused Assets to reduce memory usage. Loaded Objects now: 1994.
Total: 2.453500 ms (FindLiveObjects: 0.183900 ms CreateObjectMapping: 0.071400 ms MarkObjects: 2.101100 ms  DeleteObjects: 0.095500 ms)

========================================================================
Received Prepare
Registering precompiled user dll's ...
Registered in 0.010243 seconds.
Begin MonoManager ReloadAssembly
Native extension for WindowsStandalone target not found
Refreshing native plugins compatible for Editor in 0.42 ms, found 2 plugins.
Preloading 0 native plugins for Editor in 0.00 ms.
Mono: successfully reloaded assembly
- Completed reload, in  1.444 seconds
Platform modules already initialized, skipping
Refreshing native plugins compatible for Editor in 1.29 ms, found 2 plugins.
Preloading 0 native plugins for Editor in 0.00 ms.
Unloading 1386 Unused Serialized files (Serialized files now loaded: 0)
System memory in use before: 71.0 MB.
System memory in use after: 71.0 MB.

Unloading 14 unused Assets to reduce memory usage. Loaded Objects now: 1997.
Total: 2.400500 ms (FindLiveObjects: 0.174000 ms CreateObjectMapping: 0.064000 ms MarkObjects: 2.076500 ms  DeleteObjects: 0.084300 ms)

========================================================================
Received Import Request.
  Time since last request: 255.446145 seconds.
  path: Assets/Script/StartGameButton.cs
  artifactKey: Guid(4270b562f10ed5d4285b49b400b0dc93) Importer(815301076,1909f56bfc062723c751e8b465ee728b)
Start importing Assets/Script/StartGameButton.cs using Guid(4270b562f10ed5d4285b49b400b0dc93) Importer(815301076,1909f56bfc062723c751e8b465ee728b)  -> (artifact id: 'c6f8444b1d12676d902c47233ba6a14f') in 0.009279 seconds
  Import took 0.013928 seconds .

========================================================================
Received Import Request.
  Time since last request: 209.049731 seconds.
  path: Assets/Script/ExitCtrl.cs
  artifactKey: Guid(2feb7d336aacccd40b01429191ae9c34) Importer(815301076,1909f56bfc062723c751e8b465ee728b)
Start importing Assets/Script/ExitCtrl.cs using Guid(2feb7d336aacccd40b01429191ae9c34) Importer(815301076,1909f56bfc062723c751e8b465ee728b)  -> (artifact id: '232d7e118ccd423589c1ae38368e5698') in 0.016116 seconds
  Import took 0.020239 seconds .

========================================================================
Received Prepare
Registering precompiled user dll's ...
Registered in 0.010739 seconds.
Begin MonoManager ReloadAssembly
Native extension for WindowsStandalone target not found
Refreshing native plugins compatible for Editor in 0.42 ms, found 2 plugins.
Preloading 0 native plugins for Editor in 0.00 ms.
Mono: successfully reloaded assembly
- Completed reload, in  1.484 seconds
Platform modules already initialized, skipping
Refreshing native plugins compatible for Editor in 0.41 ms, found 2 plugins.
Preloading 0 native plugins for Editor in 0.00 ms.
Unloading 1386 Unused Serialized files (Serialized files now loaded: 0)
System memory in use before: 71.0 MB.
System memory in use after: 71.0 MB.

Unloading 14 unused Assets to reduce memory usage. Loaded Objects now: 2000.
Total: 2.330200 ms (FindLiveObjects: 0.191900 ms CreateObjectMapping: 0.065200 ms MarkObjects: 1.998900 ms  DeleteObjects: 0.072700 ms)

========================================================================
Received Prepare
Refreshing native plugins compatible for Editor in 6.45 ms, found 2 plugins.
Preloading 0 native plugins for Editor in 0.00 ms.
Unloading 12 Unused Serialized files (Serialized files now loaded: 0)
System memory in use before: 43.8 MB.
System memory in use after: 43.8 MB.

Unloading 12 unused Assets to reduce memory usage. Loaded Objects now: 2000.
Total: 2.593200 ms (FindLiveObjects: 0.200700 ms CreateObjectMapping: 0.063800 ms MarkObjects: 2.254500 ms  DeleteObjects: 0.072600 ms)

========================================================================
Received Prepare
Registering precompiled user dll's ...
Registered in 0.017174 seconds.
Begin MonoManager ReloadAssembly
Native extension for WindowsStandalone target not found
Refreshing native plugins compatible for Editor in 0.44 ms, found 2 plugins.
Preloading 0 native plugins for Editor in 0.00 ms.
Mono: successfully reloaded assembly
- Completed reload, in  1.456 seconds
Platform modules already initialized, skipping
Refreshing native plugins compatible for Editor in 0.41 ms, found 2 plugins.
Preloading 0 native plugins for Editor in 0.00 ms.
Unloading 1386 Unused Serialized files (Serialized files now loaded: 0)
System memory in use before: 71.0 MB.
System memory in use after: 71.0 MB.

Unloading 14 unused Assets to reduce memory usage. Loaded Objects now: 2003.
Total: 2.439800 ms (FindLiveObjects: 0.175400 ms CreateObjectMapping: 0.067800 ms MarkObjects: 1.959500 ms  DeleteObjects: 0.235500 ms)

========================================================================
Received Import Request.
  Time since last request: 284.140014 seconds.
  path: Assets/Script/ExitGameButton.cs
  artifactKey: Guid(d7854a38fa7620c4ba5d1958e0fb15a0) Importer(815301076,1909f56bfc062723c751e8b465ee728b)
Start importing Assets/Script/ExitGameButton.cs using Guid(d7854a38fa7620c4ba5d1958e0fb15a0) Importer(815301076,1909f56bfc062723c751e8b465ee728b)  -> (artifact id: 'bcaad7820b2e6aec88bef058d6cdd695') in 0.036192 seconds
  Import took 0.040477 seconds .

========================================================================
Received Prepare
Registering precompiled user dll's ...
Registered in 0.009980 seconds.
Begin MonoManager ReloadAssembly
Native extension for WindowsStandalone target not found
Refreshing native plugins compatible for Editor in 0.42 ms, found 2 plugins.
Preloading 0 native plugins for Editor in 0.00 ms.
Mono: successfully reloaded assembly
- Completed reload, in  1.764 seconds
Platform modules already initialized, skipping
Refreshing native plugins compatible for Editor in 0.42 ms, found 2 plugins.
Preloading 0 native plugins for Editor in 0.00 ms.
Unloading 1387 Unused Serialized files (Serialized files now loaded: 0)
System memory in use before: 71.0 MB.
System memory in use after: 71.1 MB.

Unloading 14 unused Assets to reduce memory usage. Loaded Objects now: 2007.
Total: 3.239100 ms (FindLiveObjects: 0.183800 ms CreateObjectMapping: 0.066600 ms MarkObjects: 2.904800 ms  DeleteObjects: 0.081800 ms)

========================================================================
Received Prepare
Registering precompiled user dll's ...
Registered in 0.010266 seconds.
Begin MonoManager ReloadAssembly
Native extension for WindowsStandalone target not found
Refreshing native plugins compatible for Editor in 0.41 ms, found 2 plugins.
Preloading 0 native plugins for Editor in 0.00 ms.
Mono: successfully reloaded assembly
- Completed reload, in  1.563 seconds
Platform modules already initialized, skipping
Refreshing native plugins compatible for Editor in 0.41 ms, found 2 plugins.
Preloading 0 native plugins for Editor in 0.00 ms.
Unloading 1387 Unused Serialized files (Serialized files now loaded: 0)
System memory in use before: 71.0 MB.
System memory in use after: 71.1 MB.

Unloading 14 unused Assets to reduce memory usage. Loaded Objects now: 2010.
Total: 2.332400 ms (FindLiveObjects: 0.182100 ms CreateObjectMapping: 0.063200 ms MarkObjects: 2.011000 ms  DeleteObjects: 0.074600 ms)

========================================================================
Received Import Request.
  Time since last request: 77.628833 seconds.
  path: Assets/Script/ExitGameButton.cs
  artifactKey: Guid(d7854a38fa7620c4ba5d1958e0fb15a0) Importer(815301076,1909f56bfc062723c751e8b465ee728b)
Start importing Assets/Script/ExitGameButton.cs using Guid(d7854a38fa7620c4ba5d1958e0fb15a0) Importer(815301076,1909f56bfc062723c751e8b465ee728b)  -> (artifact id: '84f69d504498dcf388e042e550213e47') in 0.007706 seconds
  Import took 0.010991 seconds .

========================================================================
Received Prepare
Registering precompiled user dll's ...
Registered in 0.018241 seconds.
Begin MonoManager ReloadAssembly
Native extension for WindowsStandalone target not found
Refreshing native plugins compatible for Editor in 0.43 ms, found 2 plugins.
Preloading 0 native plugins for Editor in 0.00 ms.
Mono: successfully reloaded assembly
- Completed reload, in  1.654 seconds
Platform modules already initialized, skipping
Refreshing native plugins compatible for Editor in 0.43 ms, found 2 plugins.
Preloading 0 native plugins for Editor in 0.00 ms.
Unloading 1387 Unused Serialized files (Serialized files now loaded: 0)
System memory in use before: 71.0 MB.
System memory in use after: 71.1 MB.

Unloading 14 unused Assets to reduce memory usage. Loaded Objects now: 2013.
Total: 2.426700 ms (FindLiveObjects: 0.181200 ms CreateObjectMapping: 0.065500 ms MarkObjects: 2.099600 ms  DeleteObjects: 0.079000 ms)

========================================================================
Received Prepare
Registering precompiled user dll's ...
Registered in 0.009860 seconds.
Begin MonoManager ReloadAssembly
Native extension for WindowsStandalone target not found
Refreshing native plugins compatible for Editor in 0.43 ms, found 2 plugins.
Preloading 0 native plugins for Editor in 0.00 ms.
Mono: successfully reloaded assembly
- Completed reload, in  1.702 seconds
Platform modules already initialized, skipping
Refreshing native plugins compatible for Editor in 0.42 ms, found 2 plugins.
Preloading 0 native plugins for Editor in 0.00 ms.
Unloading 1387 Unused Serialized files (Serialized files now loaded: 0)
System memory in use before: 71.0 MB.
System memory in use after: 71.1 MB.

Unloading 14 unused Assets to reduce memory usage. Loaded Objects now: 2016.
Total: 2.396200 ms (FindLiveObjects: 0.187100 ms CreateObjectMapping: 0.066100 ms MarkObjects: 2.073900 ms  DeleteObjects: 0.067700 ms)

========================================================================
Received Prepare
Registering precompiled user dll's ...
Registered in 0.009112 seconds.
Begin MonoManager ReloadAssembly
Native extension for WindowsStandalone target not found
Refreshing native plugins compatible for Editor in 0.43 ms, found 2 plugins.
Preloading 0 native plugins for Editor in 0.00 ms.
Mono: successfully reloaded assembly
- Completed reload, in  1.519 seconds
Platform modules already initialized, skipping
Refreshing native plugins compatible for Editor in 0.45 ms, found 2 plugins.
Preloading 0 native plugins for Editor in 0.00 ms.
Unloading 1387 Unused Serialized files (Serialized files now loaded: 0)
System memory in use before: 71.0 MB.
System memory in use after: 71.1 MB.

Unloading 14 unused Assets to reduce memory usage. Loaded Objects now: 2019.
Total: 2.320100 ms (FindLiveObjects: 0.209700 ms CreateObjectMapping: 0.062200 ms MarkObjects: 1.971800 ms  DeleteObjects: 0.074800 ms)

========================================================================
Received Import Request.
  Time since last request: 563.459174 seconds.
  path: Assets/04.Images
  artifactKey: Guid(767a36cc55b889243a2edf35a92b7271) Importer(815301076,1909f56bfc062723c751e8b465ee728b)
Start importing Assets/04.Images using Guid(767a36cc55b889243a2edf35a92b7271) Importer(815301076,1909f56bfc062723c751e8b465ee728b)  -> (artifact id: 'f66e1f4c22c0aedcace8945618ac320e') in 0.020536 seconds
  Import took 0.026230 seconds .

========================================================================
Received Import Request.
  Time since last request: 33.205719 seconds.
  path: Assets/05.Models
  artifactKey: Guid(f02970a3362428f46bf03031394f5d5c) Importer(815301076,1909f56bfc062723c751e8b465ee728b)
Start importing Assets/05.Models using Guid(f02970a3362428f46bf03031394f5d5c) Importer(815301076,1909f56bfc062723c751e8b465ee728b)  -> (artifact id: '092ea8cb0c57de3373a4a1dd005b4f89') in 0.026939 seconds
  Import took 0.034399 seconds .

========================================================================
Received Import Request.
  Time since last request: 9.248174 seconds.
  path: Assets/06.Sounds
  artifactKey: Guid(3b1d47233a9ea9d499be00847a212297) Importer(815301076,1909f56bfc062723c751e8b465ee728b)
Start importing Assets/06.Sounds using Guid(3b1d47233a9ea9d499be00847a212297) Importer(815301076,1909f56bfc062723c751e8b465ee728b)  -> (artifact id: '48f6b66b94f13e021cf38b1865b3fc75') in 0.020612 seconds
  Import took 0.024904 seconds .

========================================================================
Received Import Request.
  Time since last request: 12.973199 seconds.
  path: Assets/07.Animations
  artifactKey: Guid(7add3bf784dd4d845946c999fb988602) Importer(815301076,1909f56bfc062723c751e8b465ee728b)
Start importing Assets/07.Animations using Guid(7add3bf784dd4d845946c999fb988602) Importer(815301076,1909f56bfc062723c751e8b465ee728b)  -> (artifact id: '9f32e78cfd7e644fe549592aac1174e3') in 0.019418 seconds
  Import took 0.058209 seconds .

========================================================================
Received Import Request.
  Time since last request: 18.075051 seconds.
  path: Assets/Menu
  artifactKey: Guid(c174a62f99a11b74daf4c7cd448f1c82) Importer(815301076,1909f56bfc062723c751e8b465ee728b)
Start importing Assets/Menu using Guid(c174a62f99a11b74daf4c7cd448f1c82) Importer(815301076,1909f56bfc062723c751e8b465ee728b)  -> (artifact id: '2ea1b5715cd9d6ccacf1946642e289b3') in 0.016413 seconds
  Import took 0.020327 seconds .

========================================================================
Received Import Request.
  Time since last request: 31.256213 seconds.
  path: Assets/01.Scenes
  artifactKey: Guid(611bddbd556d36b4b847e3c27ffb6ebc) Importer(815301076,1909f56bfc062723c751e8b465ee728b)
Start importing Assets/01.Scenes using Guid(611bddbd556d36b4b847e3c27ffb6ebc) Importer(815301076,1909f56bfc062723c751e8b465ee728b)  -> (artifact id: '56bd1730fa3a565ee155ac252274beee') in 0.021367 seconds
  Import took 0.026063 seconds .

========================================================================
Received Import Request.
  Time since last request: 14.856855 seconds.
  path: Assets/01.Scenes/2stage.unity
  artifactKey: Guid(460f68bf17904fb48a72b6c72147b020) Importer(815301076,1909f56bfc062723c751e8b465ee728b)
Start importing Assets/01.Scenes/2stage.unity using Guid(460f68bf17904fb48a72b6c72147b020) Importer(815301076,1909f56bfc062723c751e8b465ee728b)  -> (artifact id: '789918accd658fa3d7d7f04e91366653') in 0.293835 seconds
  Import took 0.298308 seconds .

========================================================================
Received Import Request.
  Time since last request: 19.343093 seconds.
  path: Assets/01.Scenes/3stage.unity
  artifactKey: Guid(1c3f7c4b7fb55b1408d9bfe267de2e63) Importer(815301076,1909f56bfc062723c751e8b465ee728b)
Start importing Assets/01.Scenes/3stage.unity using Guid(1c3f7c4b7fb55b1408d9bfe267de2e63) Importer(815301076,1909f56bfc062723c751e8b465ee728b)  -> (artifact id: '901433e07f402563bf404732994e7478') in 0.018428 seconds
  Import took 0.022341 seconds .

========================================================================
Received Import Request.
  Time since last request: 62.561591 seconds.
  path: Assets/05.Models/Canvas.prefab
  artifactKey: Guid(3faae87c78726e74a89c75aea0b80f72) Importer(815301076,1909f56bfc062723c751e8b465ee728b)
Start importing Assets/05.Models/Canvas.prefab using Guid(3faae87c78726e74a89c75aea0b80f72) Importer(815301076,1909f56bfc062723c751e8b465ee728b)  -> (artifact id: '5a6c7ffc735951e48c532084e0d5fe4e') in 0.100619 seconds
  Import took 0.104539 seconds .

========================================================================
Received Import Request.
  Time since last request: 3.893800 seconds.
  path: Assets/05.Models/Player.prefab
  artifactKey: Guid(321fc279bf9747041b2006d152538ec3) Importer(815301076,1909f56bfc062723c751e8b465ee728b)
Start importing Assets/05.Models/Player.prefab using Guid(321fc279bf9747041b2006d152538ec3) Importer(815301076,1909f56bfc062723c751e8b465ee728b)  -> (artifact id: '1dc936fead989b891b0dd1872d89614e') in 0.147106 seconds
  Import took 0.152143 seconds .

========================================================================
Received Import Request.
  Time since last request: 64.238200 seconds.
  path: Assets/05.Models/Field.prefab
  artifactKey: Guid(e2509b414df659d4e949f338849f70ed) Importer(815301076,1909f56bfc062723c751e8b465ee728b)
Start importing Assets/05.Models/Field.prefab using Guid(e2509b414df659d4e949f338849f70ed) Importer(815301076,1909f56bfc062723c751e8b465ee728b)  -> (artifact id: '604db130d59aa7e05caea328f4939807') in 0.076326 seconds
  Import took 0.080429 seconds .

========================================================================
Received Import Request.
  Time since last request: 274.564637 seconds.
  path: Assets/03.Prefabs/West Wall.prefab
  artifactKey: Guid(5429a7c93c2ea334dbeda7d040e1ab65) Importer(815301076,1909f56bfc062723c751e8b465ee728b)
Start importing Assets/03.Prefabs/West Wall.prefab using Guid(5429a7c93c2ea334dbeda7d040e1ab65) Importer(815301076,1909f56bfc062723c751e8b465ee728b)  -> (artifact id: 'e6f4d60decaac820683d8b9e9b7d47a4') in 0.051062 seconds
  Import took 0.055975 seconds .

========================================================================
Received Import Request.
  Time since last request: 0.001050 seconds.
  path: Assets/03.Prefabs/West Wall.prefab
  artifactKey: Guid(5429a7c93c2ea334dbeda7d040e1ab65) Importer(815301076,1909f56bfc062723c751e8b465ee728b)
Start importing Assets/03.Prefabs/West Wall.prefab using Guid(5429a7c93c2ea334dbeda7d040e1ab65) Importer(815301076,1909f56bfc062723c751e8b465ee728b)  -> (artifact id: 'e6f4d60decaac820683d8b9e9b7d47a4') in 0.034796 seconds
  Import took 0.039994 seconds .

========================================================================
Received Import Request.
  Time since last request: 6.563267 seconds.
  path: Assets/03.Prefabs/West Wall.prefab
  artifactKey: Guid(5429a7c93c2ea334dbeda7d040e1ab65) Importer(815301076,1909f56bfc062723c751e8b465ee728b)
Start importing Assets/03.Prefabs/West Wall.prefab using Guid(5429a7c93c2ea334dbeda7d040e1ab65) Importer(815301076,1909f56bfc062723c751e8b465ee728b)  -> (artifact id: 'dc47f5dfc3ffbd70d45ebe5ec8e48697') in 0.029525 seconds
  Import took 0.035243 seconds .

========================================================================
Received Import Request.
  Time since last request: 0.000611 seconds.
  path: Assets/03.Prefabs/West Wall.prefab
  artifactKey: Guid(5429a7c93c2ea334dbeda7d040e1ab65) Importer(815301076,1909f56bfc062723c751e8b465ee728b)
Start importing Assets/03.Prefabs/West Wall.prefab using Guid(5429a7c93c2ea334dbeda7d040e1ab65) Importer(815301076,1909f56bfc062723c751e8b465ee728b)  -> (artifact id: 'dc47f5dfc3ffbd70d45ebe5ec8e48697') in 0.037456 seconds
  Import took 0.041721 seconds .

========================================================================
Received Import Request.
  Time since last request: 0.761216 seconds.
  path: Assets/03.Prefabs/West Wall.prefab
  artifactKey: Guid(5429a7c93c2ea334dbeda7d040e1ab65) Importer(815301076,1909f56bfc062723c751e8b465ee728b)
Start importing Assets/03.Prefabs/West Wall.prefab using Guid(5429a7c93c2ea334dbeda7d040e1ab65) Importer(815301076,1909f56bfc062723c751e8b465ee728b)  -> (artifact id: '345e682c30498e12754de2f84fad21a8') in 0.025595 seconds
  Import took 0.030533 seconds .

AssetImportWorkerClient::OnTransportError - code=2 error=End of file
