Using pre-set license
Built from '2020.3/staging' branch; Version is '2020.3.10f1 (297d780c91bc) revision 2719096'; Using compiler version '192528614'; Build Type 'Release'
OS: 'Windows 10 Pro; OS build 19042.1052; Version 2009; 64bit' Language: 'ko' Physical Memory: 4076 MB
BatchMode: 1, IsHumanControllingUs: 0, StartBugReporterOnCrash: 0, Is64bit: 1, IsPro: 0

 COMMAND LINE ARGUMENTS:
C:\Program Files\Unity\Hub\Editor\2020.3.10f1\Editor\Unity.exe
-adb2
-batchMode
-noUpm
-name
AssetImportWorker0
-projectPath
C:/Users/admin/Documents/GitHub/Unity/RollABall
-logFile
Logs/AssetImportWorker0.log
-srvPort
63401
Successfully changed project path to: C:/Users/admin/Documents/GitHub/Unity/RollABall
C:/Users/admin/Documents/GitHub/Unity/RollABall
Using Asset Import Pipeline V2.
Refreshing native plugins compatible for Editor in 46.43 ms, found 2 plugins.
Preloading 0 native plugins for Editor in 0.00 ms.
Initialize engine version: 2020.3.10f1 (297d780c91bc)
[Subsystems] Discovering subsystems at path C:/Program Files/Unity/Hub/Editor/2020.3.10f1/Editor/Data/Resources/UnitySubsystems
[Subsystems] Discovering subsystems at path C:/Users/admin/Documents/GitHub/Unity/RollABall/Assets
GfxDevice: creating device client; threaded=0
Direct3D:
    Version:  Direct3D 11.0 [level 11.0]
    Renderer: NVIDIA GeForce GTS 450 (ID=0x1245)
    Vendor:   
    VRAM:     979 MB
    Driver:   23.21.13.8813
Initialize mono
Mono path[0] = 'C:/Program Files/Unity/Hub/Editor/2020.3.10f1/Editor/Data/Managed'
Mono path[1] = 'C:/Program Files/Unity/Hub/Editor/2020.3.10f1/Editor/Data/MonoBleedingEdge/lib/mono/unityjit'
Mono config path = 'C:/Program Files/Unity/Hub/Editor/2020.3.10f1/Editor/Data/MonoBleedingEdge/etc'
Using monoOptions --debugger-agent=transport=dt_socket,embedding=1,server=y,suspend=n,address=127.0.0.1:56312
Begin MonoManager ReloadAssembly
Registering precompiled unity dll's ...
Register platform support module: C:/Program Files/Unity/Hub/Editor/2020.3.10f1/Editor/Data/PlaybackEngines/WindowsStandaloneSupport/UnityEditor.WindowsStandalone.Extensions.dll
Registered in 0.005008 seconds.
Native extension for WindowsStandalone target not found
Refreshing native plugins compatible for Editor in 41.70 ms, found 2 plugins.
Preloading 0 native plugins for Editor in 0.00 ms.
Mono: successfully reloaded assembly
- Completed reload, in  3.655 seconds
Platform modules already initialized, skipping
Registering precompiled user dll's ...
Registered in 0.008588 seconds.
Begin MonoManager ReloadAssembly
Native extension for WindowsStandalone target not found
Refreshing native plugins compatible for Editor in 0.49 ms, found 2 plugins.
Preloading 0 native plugins for Editor in 0.00 ms.
Mono: successfully reloaded assembly
- Completed reload, in  1.573 seconds
Platform modules already initialized, skipping
========================================================================
Worker process is ready to serve import requests
Launched and connected shader compiler UnityShaderCompiler.exe after 0.09 seconds
Refreshing native plugins compatible for Editor in 0.43 ms, found 2 plugins.
Preloading 0 native plugins for Editor in 0.00 ms.
Unloading 1392 Unused Serialized files (Serialized files now loaded: 0)
System memory in use before: 67.6 MB.
System memory in use after: 67.6 MB.

Unloading 19 unused Assets to reduce memory usage. Loaded Objects now: 1826.
Total: 2.310900 ms (FindLiveObjects: 0.169200 ms CreateObjectMapping: 0.066000 ms MarkObjects: 1.958700 ms  DeleteObjects: 0.115400 ms)

========================================================================
Received Import Request.
  path: Assets/03.Prefabs/Walls.prefab
  artifactKey: Guid(87b1ea4ea9598e9418c0739a9422798c) Importer(815301076,1909f56bfc062723c751e8b465ee728b)
Start importing Assets/03.Prefabs/Walls.prefab using Guid(87b1ea4ea9598e9418c0739a9422798c) Importer(815301076,1909f56bfc062723c751e8b465ee728b)  -> (artifact id: 'a0b8a66c412cf93a416443d0d78368ac') in 0.176605 seconds
  Import took 0.181199 seconds .

========================================================================
Received Import Request.
  Time since last request: 434.291281 seconds.
  path: Assets/01.Scenes/1stage.unity
  artifactKey: Guid(9fc0d4010bbf28b4594072e72b8655ab) Importer(815301076,1909f56bfc062723c751e8b465ee728b)
Start importing Assets/01.Scenes/1stage.unity using Guid(9fc0d4010bbf28b4594072e72b8655ab) Importer(815301076,1909f56bfc062723c751e8b465ee728b)  -> (artifact id: '38c75a1cb0c4344237da389c50d70c5d') in 0.015797 seconds
  Import took 0.020637 seconds .

========================================================================
Received Import Request.
  Time since last request: 24.865218 seconds.
  path: Assets/05.Models/Player.prefab
  artifactKey: Guid(321fc279bf9747041b2006d152538ec3) Importer(815301076,1909f56bfc062723c751e8b465ee728b)
Start importing Assets/05.Models/Player.prefab using Guid(321fc279bf9747041b2006d152538ec3) Importer(815301076,1909f56bfc062723c751e8b465ee728b)  -> (artifact id: 'af1f081b5c945d9d4b75ce43b5b78735') in 0.028941 seconds
  Import took 0.032964 seconds .

========================================================================
Received Import Request.
  Time since last request: 49.619321 seconds.
  path: Assets/05.Models/Field.prefab
  artifactKey: Guid(e2509b414df659d4e949f338849f70ed) Importer(815301076,1909f56bfc062723c751e8b465ee728b)
Start importing Assets/05.Models/Field.prefab using Guid(e2509b414df659d4e949f338849f70ed) Importer(815301076,1909f56bfc062723c751e8b465ee728b)  -> (artifact id: 'bac051181c374702a8cfbc6251815a5c') in 0.030884 seconds
  Import took 0.035154 seconds .

========================================================================
Received Import Request.
  Time since last request: 5.030998 seconds.
  path: Assets/05.Models/Canvas.prefab
  artifactKey: Guid(3faae87c78726e74a89c75aea0b80f72) Importer(815301076,1909f56bfc062723c751e8b465ee728b)
Start importing Assets/05.Models/Canvas.prefab using Guid(3faae87c78726e74a89c75aea0b80f72) Importer(815301076,1909f56bfc062723c751e8b465ee728b)  -> (artifact id: '4c7f5a6142c2a2f49d969ad8c1665f30') in 0.050296 seconds
  Import took 0.054562 seconds .

========================================================================
Received Import Request.
  Time since last request: 0.012886 seconds.
  path: Assets/05.Models/Canvas.prefab
  artifactKey: Guid(3faae87c78726e74a89c75aea0b80f72) Importer(815301076,1909f56bfc062723c751e8b465ee728b)
Start importing Assets/05.Models/Canvas.prefab using Guid(3faae87c78726e74a89c75aea0b80f72) Importer(815301076,1909f56bfc062723c751e8b465ee728b)  -> (artifact id: '4c7f5a6142c2a2f49d969ad8c1665f30') in 0.015094 seconds
  Import took 0.019702 seconds .

========================================================================
Received Import Request.
  Time since last request: 35.080991 seconds.
  path: Assets/05.Models/Field.prefab
  artifactKey: Guid(e2509b414df659d4e949f338849f70ed) Importer(815301076,1909f56bfc062723c751e8b465ee728b)
Start importing Assets/05.Models/Field.prefab using Guid(e2509b414df659d4e949f338849f70ed) Importer(815301076,1909f56bfc062723c751e8b465ee728b)  -> (artifact id: '651a53ef6345b183d4b92938f9c29a73') in 0.031291 seconds
  Import took 0.036660 seconds .

========================================================================
Received Import Request.
  Time since last request: 39.924642 seconds.
  path: Assets/05.Models/Field.prefab
  artifactKey: Guid(e2509b414df659d4e949f338849f70ed) Importer(815301076,1909f56bfc062723c751e8b465ee728b)
Start importing Assets/05.Models/Field.prefab using Guid(e2509b414df659d4e949f338849f70ed) Importer(815301076,1909f56bfc062723c751e8b465ee728b)  -> (artifact id: 'b9630c9c706b44a9289db104ab3888de') in 0.030368 seconds
  Import took 0.034469 seconds .

========================================================================
Received Import Request.
  Time since last request: 9.139743 seconds.
  path: Assets/05.Models/Canvas 1.prefab
  artifactKey: Guid(c4d7d94ba7116694583528fb4c13bf56) Importer(815301076,1909f56bfc062723c751e8b465ee728b)
Start importing Assets/05.Models/Canvas 1.prefab using Guid(c4d7d94ba7116694583528fb4c13bf56) Importer(815301076,1909f56bfc062723c751e8b465ee728b)  -> (artifact id: '342aceab0f8fd83d220690619b6a2831') in 0.014194 seconds
  Import took 0.018135 seconds .

========================================================================
Received Import Request.
  Time since last request: 23.541414 seconds.
  path: Assets/05.Models/Canvas 1.prefab
  artifactKey: Guid(c4d7d94ba7116694583528fb4c13bf56) Importer(815301076,1909f56bfc062723c751e8b465ee728b)
Start importing Assets/05.Models/Canvas 1.prefab using Guid(c4d7d94ba7116694583528fb4c13bf56) Importer(815301076,1909f56bfc062723c751e8b465ee728b)  -> (artifact id: '3686d94992494f6d66e88dd88ff5588e') in 0.012877 seconds
  Import took 0.016902 seconds .

========================================================================
Received Import Request.
  Time since last request: 6.383235 seconds.
  path: Assets/05.Models/Canvas.prefab
  artifactKey: Guid(c4d7d94ba7116694583528fb4c13bf56) Importer(815301076,1909f56bfc062723c751e8b465ee728b)
Start importing Assets/05.Models/Canvas.prefab using Guid(c4d7d94ba7116694583528fb4c13bf56) Importer(815301076,1909f56bfc062723c751e8b465ee728b)  -> (artifact id: '21c84d113fbf87c7f99193d70dc87c58') in 0.013424 seconds
  Import took 0.017438 seconds .

========================================================================
Received Import Request.
  Time since last request: 25.250459 seconds.
  path: Assets/01.Scenes/2stage.unity
  artifactKey: Guid(460f68bf17904fb48a72b6c72147b020) Importer(815301076,1909f56bfc062723c751e8b465ee728b)
Start importing Assets/01.Scenes/2stage.unity using Guid(460f68bf17904fb48a72b6c72147b020) Importer(815301076,1909f56bfc062723c751e8b465ee728b)  -> (artifact id: '0f579d905e423dbe9f52ff7e8c073cc1') in 0.014784 seconds
  Import took 0.018568 seconds .

========================================================================
Received Import Request.
  Time since last request: 55.481268 seconds.
  path: Assets/01.Scenes/1stage.unity
  artifactKey: Guid(9fc0d4010bbf28b4594072e72b8655ab) Importer(815301076,1909f56bfc062723c751e8b465ee728b)
Start importing Assets/01.Scenes/1stage.unity using Guid(9fc0d4010bbf28b4594072e72b8655ab) Importer(815301076,1909f56bfc062723c751e8b465ee728b)  -> (artifact id: '3d0f4b4fa7abf448f87a00be2cdd09e7') in 0.008264 seconds
  Import took 0.014075 seconds .

========================================================================
Received Import Request.
  Time since last request: 12.289582 seconds.
  path: Assets/05.Models/Directional Light.prefab
  artifactKey: Guid(271a63c7b46300444993043d9e412f1d) Importer(815301076,1909f56bfc062723c751e8b465ee728b)
Start importing Assets/05.Models/Directional Light.prefab using Guid(271a63c7b46300444993043d9e412f1d) Importer(815301076,1909f56bfc062723c751e8b465ee728b)  -> (artifact id: '33d278953fbc5f1b4147575b5f8aec52') in 0.018895 seconds
  Import took 0.022777 seconds .

========================================================================
Received Import Request.
  Time since last request: 3.325155 seconds.
  path: Assets/05.Models/Main Camera.prefab
  artifactKey: Guid(88b1c64743bdbbf49a61e736d261f1ef) Importer(815301076,1909f56bfc062723c751e8b465ee728b)
Start importing Assets/05.Models/Main Camera.prefab using Guid(88b1c64743bdbbf49a61e736d261f1ef) Importer(815301076,1909f56bfc062723c751e8b465ee728b)  -> (artifact id: 'f3625a12891cbc80254da77f2a0b4961') in 0.015836 seconds
  Import took 0.020605 seconds .

========================================================================
Received Import Request.
  Time since last request: 8.953459 seconds.
  path: Assets/01.Scenes/2stage.unity
  artifactKey: Guid(460f68bf17904fb48a72b6c72147b020) Importer(815301076,1909f56bfc062723c751e8b465ee728b)
Start importing Assets/01.Scenes/2stage.unity using Guid(460f68bf17904fb48a72b6c72147b020) Importer(815301076,1909f56bfc062723c751e8b465ee728b)  -> (artifact id: 'f2630d9ae4b053f07a44f1317460464d') in 0.014194 seconds
  Import took 0.018007 seconds .

========================================================================
Received Prepare
Registering precompiled user dll's ...
Registered in 0.035535 seconds.
Begin MonoManager ReloadAssembly
Native extension for WindowsStandalone target not found
Refreshing native plugins compatible for Editor in 0.71 ms, found 2 plugins.
Preloading 0 native plugins for Editor in 0.00 ms.
Mono: successfully reloaded assembly
- Completed reload, in  7.090 seconds
Platform modules already initialized, skipping
Refreshing native plugins compatible for Editor in 0.43 ms, found 2 plugins.
Preloading 0 native plugins for Editor in 0.00 ms.
Unloading 1387 Unused Serialized files (Serialized files now loaded: 0)
System memory in use before: 70.8 MB.
System memory in use after: 70.9 MB.

Unloading 16 unused Assets to reduce memory usage. Loaded Objects now: 1841.
Total: 3.529000 ms (FindLiveObjects: 0.182100 ms CreateObjectMapping: 0.068700 ms MarkObjects: 2.809100 ms  DeleteObjects: 0.466600 ms)

========================================================================
Received Prepare
Registering precompiled user dll's ...
Registered in 0.017623 seconds.
Begin MonoManager ReloadAssembly
Native extension for WindowsStandalone target not found
Refreshing native plugins compatible for Editor in 0.41 ms, found 2 plugins.
Preloading 0 native plugins for Editor in 0.00 ms.
Mono: successfully reloaded assembly
- Completed reload, in  1.487 seconds
Platform modules already initialized, skipping
Refreshing native plugins compatible for Editor in 0.42 ms, found 2 plugins.
Preloading 0 native plugins for Editor in 0.00 ms.
Unloading 1387 Unused Serialized files (Serialized files now loaded: 0)
System memory in use before: 70.8 MB.
System memory in use after: 70.9 MB.

Unloading 14 unused Assets to reduce memory usage. Loaded Objects now: 1844.
Total: 2.295900 ms (FindLiveObjects: 0.166900 ms CreateObjectMapping: 0.065800 ms MarkObjects: 1.988300 ms  DeleteObjects: 0.073400 ms)

========================================================================
Received Import Request.
  Time since last request: 290.942195 seconds.
  path: Assets/03.Prefabs/Quad.prefab
  artifactKey: Guid(f53a6992b21277c43af654f6b8a402f7) Importer(815301076,1909f56bfc062723c751e8b465ee728b)
Start importing Assets/03.Prefabs/Quad.prefab using Guid(f53a6992b21277c43af654f6b8a402f7) Importer(815301076,1909f56bfc062723c751e8b465ee728b)  -> (artifact id: '9bb0ad40b9d26bc90a91d100d91fec57') in 0.164333 seconds
  Import took 0.168885 seconds .

========================================================================
Received Import Request.
  Time since last request: 520.776875 seconds.
  path: Assets/03.Prefabs/Wall.prefab
  artifactKey: Guid(c22e63c1e3b0e9347961e9d512cd7c7e) Importer(815301076,1909f56bfc062723c751e8b465ee728b)
Start importing Assets/03.Prefabs/Wall.prefab using Guid(c22e63c1e3b0e9347961e9d512cd7c7e) Importer(815301076,1909f56bfc062723c751e8b465ee728b)  -> (artifact id: '44745f3cbbd96452b6423bae59f8928f') in 0.047631 seconds
  Import took 0.054199 seconds .

========================================================================
Received Prepare
Registering precompiled user dll's ...
Registered in 0.015704 seconds.
Begin MonoManager ReloadAssembly
Native extension for WindowsStandalone target not found
Refreshing native plugins compatible for Editor in 0.46 ms, found 2 plugins.
Preloading 0 native plugins for Editor in 0.00 ms.
Mono: successfully reloaded assembly
- Completed reload, in  1.544 seconds
Platform modules already initialized, skipping
Refreshing native plugins compatible for Editor in 0.43 ms, found 2 plugins.
Preloading 0 native plugins for Editor in 0.00 ms.
Unloading 1387 Unused Serialized files (Serialized files now loaded: 0)
System memory in use before: 70.9 MB.
System memory in use after: 70.9 MB.

Unloading 15 unused Assets to reduce memory usage. Loaded Objects now: 1849.
Total: 2.457000 ms (FindLiveObjects: 0.200000 ms CreateObjectMapping: 0.079300 ms MarkObjects: 2.082500 ms  DeleteObjects: 0.092500 ms)

========================================================================
Received Prepare
Registering precompiled user dll's ...
Registered in 0.009292 seconds.
Begin MonoManager ReloadAssembly
Native extension for WindowsStandalone target not found
Refreshing native plugins compatible for Editor in 0.43 ms, found 2 plugins.
Preloading 0 native plugins for Editor in 0.00 ms.
Mono: successfully reloaded assembly
- Completed reload, in  1.555 seconds
Platform modules already initialized, skipping
Refreshing native plugins compatible for Editor in 0.43 ms, found 2 plugins.
Preloading 0 native plugins for Editor in 0.00 ms.
Unloading 1387 Unused Serialized files (Serialized files now loaded: 0)
System memory in use before: 70.9 MB.
System memory in use after: 70.9 MB.

Unloading 14 unused Assets to reduce memory usage. Loaded Objects now: 1852.
Total: 3.771300 ms (FindLiveObjects: 0.153600 ms CreateObjectMapping: 0.062200 ms MarkObjects: 3.462600 ms  DeleteObjects: 0.091100 ms)

AssetImportWorkerClient::OnTransportError - code=2 error=End of file
