Using pre-set license
Built from '2020.3/staging' branch; Version is '2020.3.10f1 (297d780c91bc) revision 2719096'; Using compiler version '192528614'; Build Type 'Release'
OS: 'Windows 10 Pro; OS build 19042.1052; Version 2009; 64bit' Language: 'ko' Physical Memory: 4076 MB
BatchMode: 1, IsHumanControllingUs: 0, StartBugReporterOnCrash: 0, Is64bit: 1, IsPro: 0

 COMMAND LINE ARGUMENTS:
C:\Program Files\Unity\Hub\Editor\2020.3.10f1\Editor\Unity.exe
-adb2
-batchMode
-noUpm
-name
AssetImportWorker0
-projectPath
C:/Users/admin/Desktop/practice210623
-logFile
Logs/AssetImportWorker0.log
-srvPort
59953
Successfully changed project path to: C:/Users/admin/Desktop/practice210623
C:/Users/admin/Desktop/practice210623
Using Asset Import Pipeline V2.
Refreshing native plugins compatible for Editor in 53.82 ms, found 2 plugins.
Preloading 0 native plugins for Editor in 0.00 ms.
Initialize engine version: 2020.3.10f1 (297d780c91bc)
[Subsystems] Discovering subsystems at path C:/Program Files/Unity/Hub/Editor/2020.3.10f1/Editor/Data/Resources/UnitySubsystems
[Subsystems] Discovering subsystems at path C:/Users/admin/Desktop/practice210623/Assets
GfxDevice: creating device client; threaded=0
Direct3D:
    Version:  Direct3D 11.0 [level 11.0]
    Renderer: NVIDIA GeForce GTS 450 (ID=0x1245)
    Vendor:   
    VRAM:     979 MB
    Driver:   23.21.13.8813
Initialize mono
Mono path[0] = 'C:/Program Files/Unity/Hub/Editor/2020.3.10f1/Editor/Data/Managed'
Mono path[1] = 'C:/Program Files/Unity/Hub/Editor/2020.3.10f1/Editor/Data/MonoBleedingEdge/lib/mono/unityjit'
Mono config path = 'C:/Program Files/Unity/Hub/Editor/2020.3.10f1/Editor/Data/MonoBleedingEdge/etc'
Using monoOptions --debugger-agent=transport=dt_socket,embedding=1,server=y,suspend=n,address=127.0.0.1:56784
Begin MonoManager ReloadAssembly
Registering precompiled unity dll's ...
Register platform support module: C:/Program Files/Unity/Hub/Editor/2020.3.10f1/Editor/Data/PlaybackEngines/WindowsStandaloneSupport/UnityEditor.WindowsStandalone.Extensions.dll
Registered in 0.007626 seconds.
Native extension for WindowsStandalone target not found
Refreshing native plugins compatible for Editor in 40.57 ms, found 2 plugins.
Preloading 0 native plugins for Editor in 0.00 ms.
Mono: successfully reloaded assembly
- Completed reload, in  9.184 seconds
Platform modules already initialized, skipping
Registering precompiled user dll's ...
Registered in 0.024182 seconds.
Begin MonoManager ReloadAssembly
Native extension for WindowsStandalone target not found
Refreshing native plugins compatible for Editor in 0.41 ms, found 2 plugins.
Preloading 0 native plugins for Editor in 0.00 ms.
Mono: successfully reloaded assembly
- Completed reload, in  1.646 seconds
Platform modules already initialized, skipping
========================================================================
Worker process is ready to serve import requests
Launched and connected shader compiler UnityShaderCompiler.exe after 0.11 seconds
Refreshing native plugins compatible for Editor in 0.46 ms, found 2 plugins.
Preloading 0 native plugins for Editor in 0.00 ms.
Unloading 1386 Unused Serialized files (Serialized files now loaded: 0)
System memory in use before: 67.2 MB.
System memory in use after: 67.3 MB.

Unloading 19 unused Assets to reduce memory usage. Loaded Objects now: 1819.
Total: 2.265200 ms (FindLiveObjects: 0.169600 ms CreateObjectMapping: 0.064400 ms MarkObjects: 1.927700 ms  DeleteObjects: 0.101900 ms)

========================================================================
Received Import Request.
  path: Assets/New Folder/New Folder/New Folder
  artifactKey: Guid(6b5d051d0d0ac6f4dbb4d4a840969ecd) Importer(815301076,1909f56bfc062723c751e8b465ee728b)
Start importing Assets/New Folder/New Folder/New Folder using Guid(6b5d051d0d0ac6f4dbb4d4a840969ecd) Importer(815301076,1909f56bfc062723c751e8b465ee728b)  -> (artifact id: 'd3d713fa320148b60cd22389063e4f76') in 0.014741 seconds
  Import took 0.018790 seconds .

========================================================================
Received Import Request.
  Time since last request: 10.212587 seconds.
  path: Assets/New Folder/New Folder
  artifactKey: Guid(526c1c8c5292ad84288cb2ec9a93b350) Importer(815301076,1909f56bfc062723c751e8b465ee728b)
Start importing Assets/New Folder/New Folder using Guid(526c1c8c5292ad84288cb2ec9a93b350) Importer(815301076,1909f56bfc062723c751e8b465ee728b)  -> (artifact id: '1486fae5e20436b4ea84d41dc3771fe1') in 0.010086 seconds
  Import took 0.014413 seconds .

========================================================================
Received Import Request.
  Time since last request: 6.818865 seconds.
  path: Assets/New Folder/Prefebs
  artifactKey: Guid(526c1c8c5292ad84288cb2ec9a93b350) Importer(815301076,1909f56bfc062723c751e8b465ee728b)
Start importing Assets/New Folder/Prefebs using Guid(526c1c8c5292ad84288cb2ec9a93b350) Importer(815301076,1909f56bfc062723c751e8b465ee728b)  -> (artifact id: 'f184b5dc56d20747dfc4d92ecf7a218c') in 0.016973 seconds
  Import took 0.021208 seconds .

========================================================================
Received Import Request.
  Time since last request: 6.276536 seconds.
  path: Assets
  artifactKey: Guid(00000000000000001000000000000000) Importer(815301076,1909f56bfc062723c751e8b465ee728b)
Start importing Assets using Guid(00000000000000001000000000000000) Importer(815301076,1909f56bfc062723c751e8b465ee728b)  -> (artifact id: '42d402b061de3733987d63b9cc3b64de') in 0.142207 seconds
  Import took 0.147272 seconds .

========================================================================
Received Import Request.
  Time since last request: 1.827936 seconds.
  path: Assets/New Folder
  artifactKey: Guid(cd6f5590b957ed74299a796be14f7e11) Importer(815301076,1909f56bfc062723c751e8b465ee728b)
Start importing Assets/New Folder using Guid(cd6f5590b957ed74299a796be14f7e11) Importer(815301076,1909f56bfc062723c751e8b465ee728b)  -> (artifact id: 'e33f6983e55d9587983189c81daef750') in 0.013473 seconds
  Import took 0.017584 seconds .

========================================================================
Received Import Request.
  Time since last request: 12.329225 seconds.
  path: Assets/Prefebs
  artifactKey: Guid(cd6f5590b957ed74299a796be14f7e11) Importer(815301076,1909f56bfc062723c751e8b465ee728b)
Start importing Assets/Prefebs using Guid(cd6f5590b957ed74299a796be14f7e11) Importer(815301076,1909f56bfc062723c751e8b465ee728b)  -> (artifact id: '212356dbd6e8504ec02734d21913e82a') in 0.016841 seconds
  Import took 0.020882 seconds .

========================================================================
Received Import Request.
  Time since last request: 11.804324 seconds.
  path: Assets/Materal
  artifactKey: Guid(75977a79d03eec8429b0381f9a95d4b3) Importer(815301076,1909f56bfc062723c751e8b465ee728b)
Start importing Assets/Materal using Guid(75977a79d03eec8429b0381f9a95d4b3) Importer(815301076,1909f56bfc062723c751e8b465ee728b)  -> (artifact id: '3393a0bbdd6545b4357b828f5d2c6de1') in 0.012277 seconds
  Import took 0.016507 seconds .

========================================================================
Received Import Request.
  Time since last request: 8.241877 seconds.
  path: Assets/Material
  artifactKey: Guid(75977a79d03eec8429b0381f9a95d4b3) Importer(815301076,1909f56bfc062723c751e8b465ee728b)
Start importing Assets/Material using Guid(75977a79d03eec8429b0381f9a95d4b3) Importer(815301076,1909f56bfc062723c751e8b465ee728b)  -> (artifact id: '1ea7191472e86fc36eff7f616c17cb78') in 0.013424 seconds
  Import took 0.016913 seconds .

========================================================================
Received Import Request.
  Time since last request: 10.363026 seconds.
  path: Assets/Script
  artifactKey: Guid(2401cdac68384d946b9e5db943df29b6) Importer(815301076,1909f56bfc062723c751e8b465ee728b)
Start importing Assets/Script using Guid(2401cdac68384d946b9e5db943df29b6) Importer(815301076,1909f56bfc062723c751e8b465ee728b)  -> (artifact id: 'd8c8e2ee43a860e153d4aa9e1632bcaa') in 0.011858 seconds
  Import took 0.015888 seconds .

========================================================================
Received Import Request.
  Time since last request: 2.067950 seconds.
  path: Assets/Scripts
  artifactKey: Guid(2401cdac68384d946b9e5db943df29b6) Importer(815301076,1909f56bfc062723c751e8b465ee728b)
Start importing Assets/Scripts using Guid(2401cdac68384d946b9e5db943df29b6) Importer(815301076,1909f56bfc062723c751e8b465ee728b)  -> (artifact id: '40d7acbc86635cd3e7d3002914e610b1') in 0.010218 seconds
  Import took 0.013593 seconds .

========================================================================
Received Import Request.
  Time since last request: 131.668551 seconds.
  path: Assets/Prefebs/Wall.prefab
  artifactKey: Guid(83a7040a13eb2134b8aa7d0176c4fcf0) Importer(815301076,1909f56bfc062723c751e8b465ee728b)
Start importing Assets/Prefebs/Wall.prefab using Guid(83a7040a13eb2134b8aa7d0176c4fcf0) Importer(815301076,1909f56bfc062723c751e8b465ee728b)  -> (artifact id: 'a19b03df664b70ab60c83192fdbf6542') in 0.229419 seconds
  Import took 0.234306 seconds .

========================================================================
Received Import Request.
  Time since last request: 584.523984 seconds.
  path: ProjectSettings/TagManager.asset
  artifactKey: Guid(00000000000000003000000000000000) Importer(815301076,1909f56bfc062723c751e8b465ee728b)
Start importing ProjectSettings/TagManager.asset using Guid(00000000000000003000000000000000) Importer(815301076,1909f56bfc062723c751e8b465ee728b)  -> (artifact id: 'ce6a35c3cddc746e7501c0bd0ed6d4ce') in 0.028169 seconds
  Import took 0.034315 seconds .

========================================================================
Received Import Request.
  Time since last request: 152.249023 seconds.
  path: Assets/Scripts/PlayerController.cs
  artifactKey: Guid(1908f11f441080841bf78a5c98f81988) Importer(815301076,1909f56bfc062723c751e8b465ee728b)
Start importing Assets/Scripts/PlayerController.cs using Guid(1908f11f441080841bf78a5c98f81988) Importer(815301076,1909f56bfc062723c751e8b465ee728b)  -> (artifact id: '88dab542864c1194a8f90d989f8fd166') in 0.028890 seconds
  Import took 0.032640 seconds .

========================================================================
Received Import Request.
  Time since last request: 121.993785 seconds.
  path: Assets/Scripts/PlayerController.cs
  artifactKey: Guid(1908f11f441080841bf78a5c98f81988) Importer(815301076,1909f56bfc062723c751e8b465ee728b)
Start importing Assets/Scripts/PlayerController.cs using Guid(1908f11f441080841bf78a5c98f81988) Importer(815301076,1909f56bfc062723c751e8b465ee728b)  -> (artifact id: '6eb58b97f48355660a4820f69c4a92ab') in 0.013241 seconds
  Import took 0.017612 seconds .

========================================================================
Received Prepare
Registering precompiled user dll's ...
Registered in 0.018336 seconds.
Begin MonoManager ReloadAssembly
Native extension for WindowsStandalone target not found
Refreshing native plugins compatible for Editor in 0.42 ms, found 2 plugins.
Preloading 0 native plugins for Editor in 0.00 ms.
Mono: successfully reloaded assembly
- Completed reload, in  2.122 seconds
Platform modules already initialized, skipping
Refreshing native plugins compatible for Editor in 0.41 ms, found 2 plugins.
Preloading 0 native plugins for Editor in 0.00 ms.
Unloading 1382 Unused Serialized files (Serialized files now loaded: 0)
System memory in use before: 70.4 MB.
System memory in use after: 70.4 MB.

Unloading 15 unused Assets to reduce memory usage. Loaded Objects now: 1831.
Total: 4.112400 ms (FindLiveObjects: 0.171700 ms CreateObjectMapping: 0.063400 ms MarkObjects: 3.780700 ms  DeleteObjects: 0.095200 ms)

========================================================================
Received Prepare
Registering precompiled user dll's ...
Registered in 0.020386 seconds.
Begin MonoManager ReloadAssembly
Native extension for WindowsStandalone target not found
Refreshing native plugins compatible for Editor in 0.43 ms, found 2 plugins.
Preloading 0 native plugins for Editor in 0.00 ms.
Mono: successfully reloaded assembly
- Completed reload, in  1.515 seconds
Platform modules already initialized, skipping
Refreshing native plugins compatible for Editor in 0.50 ms, found 2 plugins.
Preloading 0 native plugins for Editor in 0.00 ms.
Unloading 1382 Unused Serialized files (Serialized files now loaded: 0)
System memory in use before: 70.4 MB.
System memory in use after: 70.5 MB.

Unloading 14 unused Assets to reduce memory usage. Loaded Objects now: 1834.
Total: 2.247100 ms (FindLiveObjects: 0.163200 ms CreateObjectMapping: 0.065500 ms MarkObjects: 1.935900 ms  DeleteObjects: 0.080400 ms)

========================================================================
Received Prepare
Registering precompiled user dll's ...
Registered in 0.016723 seconds.
Begin MonoManager ReloadAssembly
Native extension for WindowsStandalone target not found
Refreshing native plugins compatible for Editor in 0.43 ms, found 2 plugins.
Preloading 0 native plugins for Editor in 0.00 ms.
Mono: successfully reloaded assembly
- Completed reload, in  1.481 seconds
Platform modules already initialized, skipping
Refreshing native plugins compatible for Editor in 0.51 ms, found 2 plugins.
Preloading 0 native plugins for Editor in 0.00 ms.
Unloading 1382 Unused Serialized files (Serialized files now loaded: 0)
System memory in use before: 70.4 MB.
System memory in use after: 70.5 MB.

Unloading 14 unused Assets to reduce memory usage. Loaded Objects now: 1837.
Total: 2.302200 ms (FindLiveObjects: 0.186000 ms CreateObjectMapping: 0.065600 ms MarkObjects: 1.966500 ms  DeleteObjects: 0.082600 ms)

========================================================================
Received Prepare
Registering precompiled user dll's ...
Registered in 0.015997 seconds.
Begin MonoManager ReloadAssembly
Native extension for WindowsStandalone target not found
Refreshing native plugins compatible for Editor in 0.42 ms, found 2 plugins.
Preloading 0 native plugins for Editor in 0.00 ms.
Mono: successfully reloaded assembly
- Completed reload, in  1.531 seconds
Platform modules already initialized, skipping
Refreshing native plugins compatible for Editor in 0.44 ms, found 2 plugins.
Preloading 0 native plugins for Editor in 0.00 ms.
Unloading 1382 Unused Serialized files (Serialized files now loaded: 0)
System memory in use before: 70.4 MB.
System memory in use after: 70.5 MB.

Unloading 14 unused Assets to reduce memory usage. Loaded Objects now: 1840.
Total: 2.176400 ms (FindLiveObjects: 0.156400 ms CreateObjectMapping: 0.062400 ms MarkObjects: 1.879300 ms  DeleteObjects: 0.076700 ms)

========================================================================
Received Prepare
Registering precompiled user dll's ...
Registered in 0.011864 seconds.
Begin MonoManager ReloadAssembly
Native extension for WindowsStandalone target not found
Refreshing native plugins compatible for Editor in 0.42 ms, found 2 plugins.
Preloading 0 native plugins for Editor in 0.00 ms.
Mono: successfully reloaded assembly
- Completed reload, in  1.461 seconds
Platform modules already initialized, skipping
Refreshing native plugins compatible for Editor in 0.42 ms, found 2 plugins.
Preloading 0 native plugins for Editor in 0.00 ms.
Unloading 1382 Unused Serialized files (Serialized files now loaded: 0)
System memory in use before: 70.4 MB.
System memory in use after: 70.5 MB.

Unloading 14 unused Assets to reduce memory usage. Loaded Objects now: 1843.
Total: 3.416500 ms (FindLiveObjects: 0.152600 ms CreateObjectMapping: 0.063300 ms MarkObjects: 2.343700 ms  DeleteObjects: 0.855100 ms)

========================================================================
Received Prepare
Registering precompiled user dll's ...
Registered in 0.012044 seconds.
Begin MonoManager ReloadAssembly
Native extension for WindowsStandalone target not found
Refreshing native plugins compatible for Editor in 0.44 ms, found 2 plugins.
Preloading 0 native plugins for Editor in 0.00 ms.
Mono: successfully reloaded assembly
- Completed reload, in  1.456 seconds
Platform modules already initialized, skipping
Refreshing native plugins compatible for Editor in 0.42 ms, found 2 plugins.
Preloading 0 native plugins for Editor in 0.00 ms.
Unloading 1382 Unused Serialized files (Serialized files now loaded: 0)
System memory in use before: 70.4 MB.
System memory in use after: 70.5 MB.

Unloading 14 unused Assets to reduce memory usage. Loaded Objects now: 1846.
Total: 2.320900 ms (FindLiveObjects: 0.148400 ms CreateObjectMapping: 0.066500 ms MarkObjects: 2.007700 ms  DeleteObjects: 0.096800 ms)

========================================================================
Received Prepare
Registering precompiled user dll's ...
Registered in 0.008655 seconds.
Begin MonoManager ReloadAssembly
Native extension for WindowsStandalone target not found
Refreshing native plugins compatible for Editor in 0.42 ms, found 2 plugins.
Preloading 0 native plugins for Editor in 0.00 ms.
Mono: successfully reloaded assembly
- Completed reload, in  1.494 seconds
Platform modules already initialized, skipping
Refreshing native plugins compatible for Editor in 0.43 ms, found 2 plugins.
Preloading 0 native plugins for Editor in 0.00 ms.
Unloading 1382 Unused Serialized files (Serialized files now loaded: 0)
System memory in use before: 70.4 MB.
System memory in use after: 70.5 MB.

Unloading 14 unused Assets to reduce memory usage. Loaded Objects now: 1849.
Total: 3.027000 ms (FindLiveObjects: 0.375200 ms CreateObjectMapping: 0.084400 ms MarkObjects: 2.493600 ms  DeleteObjects: 0.072000 ms)

========================================================================
Received Prepare
Registering precompiled user dll's ...
Registered in 0.009047 seconds.
Begin MonoManager ReloadAssembly
Native extension for WindowsStandalone target not found
Refreshing native plugins compatible for Editor in 0.42 ms, found 2 plugins.
Preloading 0 native plugins for Editor in 0.00 ms.
Mono: successfully reloaded assembly
- Completed reload, in  1.435 seconds
Platform modules already initialized, skipping
Refreshing native plugins compatible for Editor in 0.42 ms, found 2 plugins.
Preloading 0 native plugins for Editor in 0.00 ms.
Unloading 1382 Unused Serialized files (Serialized files now loaded: 0)
System memory in use before: 70.4 MB.
System memory in use after: 70.5 MB.

Unloading 14 unused Assets to reduce memory usage. Loaded Objects now: 1852.
Total: 2.195700 ms (FindLiveObjects: 0.151600 ms CreateObjectMapping: 0.064700 ms MarkObjects: 1.901400 ms  DeleteObjects: 0.076500 ms)

========================================================================
Received Prepare
Registering precompiled user dll's ...
Registered in 0.009152 seconds.
Begin MonoManager ReloadAssembly
Native extension for WindowsStandalone target not found
Refreshing native plugins compatible for Editor in 0.42 ms, found 2 plugins.
Preloading 0 native plugins for Editor in 0.00 ms.
Mono: successfully reloaded assembly
- Completed reload, in  1.557 seconds
Platform modules already initialized, skipping
Refreshing native plugins compatible for Editor in 0.42 ms, found 2 plugins.
Preloading 0 native plugins for Editor in 0.00 ms.
Unloading 1382 Unused Serialized files (Serialized files now loaded: 0)
System memory in use before: 70.5 MB.
System memory in use after: 70.5 MB.

Unloading 14 unused Assets to reduce memory usage. Loaded Objects now: 1855.
Total: 2.312800 ms (FindLiveObjects: 0.155200 ms CreateObjectMapping: 0.064000 ms MarkObjects: 2.015400 ms  DeleteObjects: 0.076600 ms)

========================================================================
Received Import Request.
  Time since last request: 2180.157089 seconds.
  path: Assets/Prefebs/Bullet.prefab
  artifactKey: Guid(d360662b29e009a49a01cd871f6ff019) Importer(815301076,1909f56bfc062723c751e8b465ee728b)
Start importing Assets/Prefebs/Bullet.prefab using Guid(d360662b29e009a49a01cd871f6ff019) Importer(815301076,1909f56bfc062723c751e8b465ee728b)  -> (artifact id: '34fc8c30388fe26cb306c1b5785e14dd') in 0.190832 seconds
  Import took 0.195689 seconds .

========================================================================
Received Import Request.
  Time since last request: 49.101965 seconds.
  path: Assets/Scripts/BulletController.cs
  artifactKey: Guid(a038499e5c6fe814a9c26aaa0bae8790) Importer(815301076,1909f56bfc062723c751e8b465ee728b)
Start importing Assets/Scripts/BulletController.cs using Guid(a038499e5c6fe814a9c26aaa0bae8790) Importer(815301076,1909f56bfc062723c751e8b465ee728b)  -> (artifact id: 'b132174d8dff6bf833191035e1cf30c9') in 0.033288 seconds
  Import took 0.037204 seconds .

========================================================================
Received Import Request.
  Time since last request: 0.001869 seconds.
  path: Assets/Scripts/BulletController.cs
  artifactKey: Guid(a038499e5c6fe814a9c26aaa0bae8790) Importer(815301076,1909f56bfc062723c751e8b465ee728b)
Start importing Assets/Scripts/BulletController.cs using Guid(a038499e5c6fe814a9c26aaa0bae8790) Importer(815301076,1909f56bfc062723c751e8b465ee728b)  -> (artifact id: 'b132174d8dff6bf833191035e1cf30c9') in 0.031713 seconds
  Import took 0.040684 seconds .

========================================================================
Received Prepare
Registering precompiled user dll's ...
Registered in 0.008317 seconds.
Begin MonoManager ReloadAssembly
Native extension for WindowsStandalone target not found
Refreshing native plugins compatible for Editor in 0.57 ms, found 2 plugins.
Preloading 0 native plugins for Editor in 0.00 ms.
Mono: successfully reloaded assembly
- Completed reload, in  1.662 seconds
Platform modules already initialized, skipping
Refreshing native plugins compatible for Editor in 0.42 ms, found 2 plugins.
Preloading 0 native plugins for Editor in 0.00 ms.
Unloading 1383 Unused Serialized files (Serialized files now loaded: 0)
System memory in use before: 70.5 MB.
System memory in use after: 70.6 MB.

Unloading 14 unused Assets to reduce memory usage. Loaded Objects now: 1861.
Total: 2.575900 ms (FindLiveObjects: 0.164400 ms CreateObjectMapping: 0.063700 ms MarkObjects: 2.267800 ms  DeleteObjects: 0.078300 ms)

========================================================================
Received Prepare
Registering precompiled user dll's ...
Registered in 0.019858 seconds.
Begin MonoManager ReloadAssembly
Native extension for WindowsStandalone target not found
Refreshing native plugins compatible for Editor in 0.42 ms, found 2 plugins.
Preloading 0 native plugins for Editor in 0.00 ms.
Mono: successfully reloaded assembly
- Completed reload, in  1.444 seconds
Platform modules already initialized, skipping
Refreshing native plugins compatible for Editor in 0.42 ms, found 2 plugins.
Preloading 0 native plugins for Editor in 0.00 ms.
Unloading 1383 Unused Serialized files (Serialized files now loaded: 0)
System memory in use before: 70.5 MB.
System memory in use after: 70.6 MB.

Unloading 14 unused Assets to reduce memory usage. Loaded Objects now: 1864.
Total: 2.197200 ms (FindLiveObjects: 0.169500 ms CreateObjectMapping: 0.062700 ms MarkObjects: 1.893300 ms  DeleteObjects: 0.070100 ms)

========================================================================
Received Import Request.
  Time since last request: 858.481497 seconds.
  path: Assets/Scripts/BulletController.cs
  artifactKey: Guid(a038499e5c6fe814a9c26aaa0bae8790) Importer(815301076,1909f56bfc062723c751e8b465ee728b)
Start importing Assets/Scripts/BulletController.cs using Guid(a038499e5c6fe814a9c26aaa0bae8790) Importer(815301076,1909f56bfc062723c751e8b465ee728b)  -> (artifact id: '78f5c625311de20ec157316fd2564684') in 0.012731 seconds
  Import took 0.016363 seconds .

========================================================================
Received Prepare
Registering precompiled user dll's ...
Registered in 0.008338 seconds.
Begin MonoManager ReloadAssembly
Native extension for WindowsStandalone target not found
Refreshing native plugins compatible for Editor in 0.43 ms, found 2 plugins.
Preloading 0 native plugins for Editor in 0.00 ms.
Mono: successfully reloaded assembly
- Completed reload, in  1.536 seconds
Platform modules already initialized, skipping
Refreshing native plugins compatible for Editor in 0.44 ms, found 2 plugins.
Preloading 0 native plugins for Editor in 0.00 ms.
Unloading 1383 Unused Serialized files (Serialized files now loaded: 0)
System memory in use before: 70.5 MB.
System memory in use after: 70.6 MB.

Unloading 14 unused Assets to reduce memory usage. Loaded Objects now: 1867.
Total: 2.367500 ms (FindLiveObjects: 0.161500 ms CreateObjectMapping: 0.066200 ms MarkObjects: 2.062200 ms  DeleteObjects: 0.076100 ms)

========================================================================
Received Prepare
Registering precompiled user dll's ...
Registered in 0.009695 seconds.
Begin MonoManager ReloadAssembly
Native extension for WindowsStandalone target not found
Refreshing native plugins compatible for Editor in 0.57 ms, found 2 plugins.
Preloading 0 native plugins for Editor in 0.00 ms.
Mono: successfully reloaded assembly
- Completed reload, in  1.519 seconds
Platform modules already initialized, skipping
Refreshing native plugins compatible for Editor in 0.43 ms, found 2 plugins.
Preloading 0 native plugins for Editor in 0.00 ms.
Unloading 1383 Unused Serialized files (Serialized files now loaded: 0)
System memory in use before: 70.5 MB.
System memory in use after: 70.6 MB.

Unloading 14 unused Assets to reduce memory usage. Loaded Objects now: 1870.
Total: 2.433400 ms (FindLiveObjects: 0.152100 ms CreateObjectMapping: 0.062900 ms MarkObjects: 2.136200 ms  DeleteObjects: 0.080700 ms)

========================================================================
Received Import Request.
  Time since last request: 210.835901 seconds.
  path: Assets/Scripts/BulletSpawnerController.cs
  artifactKey: Guid(7342a0faa590be047913de4adb15a6eb) Importer(815301076,1909f56bfc062723c751e8b465ee728b)
Start importing Assets/Scripts/BulletSpawnerController.cs using Guid(7342a0faa590be047913de4adb15a6eb) Importer(815301076,1909f56bfc062723c751e8b465ee728b)  -> (artifact id: '776a05babd91c54b76bb964bd73f544b') in 0.029777 seconds
  Import took 0.043458 seconds .

========================================================================
Received Prepare
Registering precompiled user dll's ...
Registered in 0.008835 seconds.
Begin MonoManager ReloadAssembly
Native extension for WindowsStandalone target not found
Refreshing native plugins compatible for Editor in 0.42 ms, found 2 plugins.
Preloading 0 native plugins for Editor in 0.00 ms.
Mono: successfully reloaded assembly
- Completed reload, in  1.455 seconds
Platform modules already initialized, skipping
Refreshing native plugins compatible for Editor in 0.42 ms, found 2 plugins.
Preloading 0 native plugins for Editor in 0.00 ms.
Unloading 1383 Unused Serialized files (Serialized files now loaded: 0)
System memory in use before: 70.5 MB.
System memory in use after: 70.6 MB.

Unloading 14 unused Assets to reduce memory usage. Loaded Objects now: 1873.
Total: 2.236500 ms (FindLiveObjects: 0.169600 ms CreateObjectMapping: 0.063400 ms MarkObjects: 1.921500 ms  DeleteObjects: 0.080100 ms)

========================================================================
Received Prepare
Registering precompiled user dll's ...
Registered in 0.008733 seconds.
Begin MonoManager ReloadAssembly
Native extension for WindowsStandalone target not found
Refreshing native plugins compatible for Editor in 0.43 ms, found 2 plugins.
Preloading 0 native plugins for Editor in 0.00 ms.
Mono: successfully reloaded assembly
- Completed reload, in  1.478 seconds
Platform modules already initialized, skipping
Refreshing native plugins compatible for Editor in 0.41 ms, found 2 plugins.
Preloading 0 native plugins for Editor in 0.00 ms.
Unloading 1383 Unused Serialized files (Serialized files now loaded: 0)
System memory in use before: 70.6 MB.
System memory in use after: 70.6 MB.

Unloading 14 unused Assets to reduce memory usage. Loaded Objects now: 1876.
Total: 2.250300 ms (FindLiveObjects: 0.155800 ms CreateObjectMapping: 0.074000 ms MarkObjects: 1.945700 ms  DeleteObjects: 0.073100 ms)

========================================================================
Received Import Request.
  Time since last request: 31.594046 seconds.
  path: Assets/Scripts/BSpawner.cs
  artifactKey: Guid(5f2160dc19074d741a2e3f20093a038b) Importer(815301076,1909f56bfc062723c751e8b465ee728b)
Start importing Assets/Scripts/BSpawner.cs using Guid(5f2160dc19074d741a2e3f20093a038b) Importer(815301076,1909f56bfc062723c751e8b465ee728b)  -> (artifact id: 'd6f6b0b6a72f4f9bf8075be8e7b181cd') in 0.044714 seconds
  Import took 0.051001 seconds .

========================================================================
Received Prepare
Registering precompiled user dll's ...
Registered in 0.008342 seconds.
Begin MonoManager ReloadAssembly
Native extension for WindowsStandalone target not found
Refreshing native plugins compatible for Editor in 0.43 ms, found 2 plugins.
Preloading 0 native plugins for Editor in 0.00 ms.
Mono: successfully reloaded assembly
- Completed reload, in  1.531 seconds
Platform modules already initialized, skipping
Refreshing native plugins compatible for Editor in 0.58 ms, found 2 plugins.
Preloading 0 native plugins for Editor in 0.00 ms.
Unloading 1384 Unused Serialized files (Serialized files now loaded: 0)
System memory in use before: 70.6 MB.
System memory in use after: 70.7 MB.

Unloading 14 unused Assets to reduce memory usage. Loaded Objects now: 1880.
Total: 2.200300 ms (FindLiveObjects: 0.156500 ms CreateObjectMapping: 0.064400 ms MarkObjects: 1.898300 ms  DeleteObjects: 0.079500 ms)

========================================================================
Received Prepare
Registering precompiled user dll's ...
Registered in 0.011940 seconds.
Begin MonoManager ReloadAssembly
Native extension for WindowsStandalone target not found
Refreshing native plugins compatible for Editor in 0.43 ms, found 2 plugins.
Preloading 0 native plugins for Editor in 0.00 ms.
Mono: successfully reloaded assembly
- Completed reload, in  1.442 seconds
Platform modules already initialized, skipping
Refreshing native plugins compatible for Editor in 0.42 ms, found 2 plugins.
Preloading 0 native plugins for Editor in 0.00 ms.
Unloading 1384 Unused Serialized files (Serialized files now loaded: 0)
System memory in use before: 70.6 MB.
System memory in use after: 70.7 MB.

Unloading 14 unused Assets to reduce memory usage. Loaded Objects now: 1883.
Total: 2.246600 ms (FindLiveObjects: 0.164600 ms CreateObjectMapping: 0.061800 ms MarkObjects: 1.940900 ms  DeleteObjects: 0.078000 ms)

========================================================================
Received Import Request.
  Time since last request: 236.295110 seconds.
  path: Assets/Scripts/BSpawner.cs
  artifactKey: Guid(5f2160dc19074d741a2e3f20093a038b) Importer(815301076,1909f56bfc062723c751e8b465ee728b)
Start importing Assets/Scripts/BSpawner.cs using Guid(5f2160dc19074d741a2e3f20093a038b) Importer(815301076,1909f56bfc062723c751e8b465ee728b)  -> (artifact id: '64c5430e9eacc1effa552a9ee6590f65') in 0.011036 seconds
  Import took 0.015052 seconds .

AssetImportWorkerClient::OnTransportError - code=2 error=End of file
