Using pre-set license
Built from '2020.3/staging' branch; Version is '2020.3.10f1 (297d780c91bc) revision 2719096'; Using compiler version '192528614'; Build Type 'Release'
OS: 'Windows 10 Home; OS build 19041.1052; Version 2004; 64bit' Language: 'ko' Physical Memory: 16318 MB
BatchMode: 1, IsHumanControllingUs: 0, StartBugReporterOnCrash: 0, Is64bit: 1, IsPro: 0

 COMMAND LINE ARGUMENTS:
C:\Program Files\Unity\Hub\Editor\2020.3.10f1\Editor\Unity.exe
-adb2
-batchMode
-noUpm
-name
AssetImportWorker0
-projectPath
C:/Users/MIN/Documents/GitHub/Unity/210704
-logFile
Logs/AssetImportWorker0.log
-srvPort
13837
Successfully changed project path to: C:/Users/MIN/Documents/GitHub/Unity/210704
C:/Users/MIN/Documents/GitHub/Unity/210704
Using Asset Import Pipeline V2.
Refreshing native plugins compatible for Editor in 30.01 ms, found 2 plugins.
Preloading 0 native plugins for Editor in 0.00 ms.
Initialize engine version: 2020.3.10f1 (297d780c91bc)
[Subsystems] Discovering subsystems at path C:/Program Files/Unity/Hub/Editor/2020.3.10f1/Editor/Data/Resources/UnitySubsystems
[Subsystems] Discovering subsystems at path C:/Users/MIN/Documents/GitHub/Unity/210704/Assets
GfxDevice: creating device client; threaded=0
Direct3D:
    Version:  Direct3D 11.0 [level 11.1]
    Renderer: NVIDIA GeForce GTX 1660 SUPER (ID=0x21c4)
    Vendor:   
    VRAM:     5991 MB
    Driver:   27.21.14.5671
Initialize mono
Mono path[0] = 'C:/Program Files/Unity/Hub/Editor/2020.3.10f1/Editor/Data/Managed'
Mono path[1] = 'C:/Program Files/Unity/Hub/Editor/2020.3.10f1/Editor/Data/MonoBleedingEdge/lib/mono/unityjit'
Mono config path = 'C:/Program Files/Unity/Hub/Editor/2020.3.10f1/Editor/Data/MonoBleedingEdge/etc'
Using monoOptions --debugger-agent=transport=dt_socket,embedding=1,server=y,suspend=n,address=127.0.0.1:56144
Begin MonoManager ReloadAssembly
Registering precompiled unity dll's ...
Register platform support module: C:/Program Files/Unity/Hub/Editor/2020.3.10f1/Editor/Data/PlaybackEngines/WindowsStandaloneSupport/UnityEditor.WindowsStandalone.Extensions.dll
Registered in 0.005006 seconds.
Native extension for WindowsStandalone target not found
Refreshing native plugins compatible for Editor in 27.18 ms, found 2 plugins.
Preloading 0 native plugins for Editor in 0.00 ms.
Mono: successfully reloaded assembly
- Completed reload, in  1.202 seconds
Platform modules already initialized, skipping
Registering precompiled user dll's ...
Registered in 0.007155 seconds.
Begin MonoManager ReloadAssembly
Native extension for WindowsStandalone target not found
Refreshing native plugins compatible for Editor in 0.33 ms, found 2 plugins.
Preloading 0 native plugins for Editor in 0.00 ms.
Mono: successfully reloaded assembly
- Completed reload, in  0.942 seconds
Platform modules already initialized, skipping
========================================================================
Worker process is ready to serve import requests
Launched and connected shader compiler UnityShaderCompiler.exe after 0.05 seconds
Refreshing native plugins compatible for Editor in 0.33 ms, found 2 plugins.
Preloading 0 native plugins for Editor in 0.00 ms.
Unloading 1386 Unused Serialized files (Serialized files now loaded: 0)
System memory in use before: 67.3 MB.
System memory in use after: 67.3 MB.

Unloading 19 unused Assets to reduce memory usage. Loaded Objects now: 1819.
Total: 1.662700 ms (FindLiveObjects: 0.147300 ms CreateObjectMapping: 0.037100 ms MarkObjects: 1.410700 ms  DeleteObjects: 0.066700 ms)

========================================================================
Received Import Request.
  path: Assets/JJ_Casual RPG Character - 8Ekard v1.1/Models
  artifactKey: Guid(9bb7c97c8979e9345b57e07f62319a4c) Importer(815301076,1909f56bfc062723c751e8b465ee728b)
Start importing Assets/JJ_Casual RPG Character - 8Ekard v1.1/Models using Guid(9bb7c97c8979e9345b57e07f62319a4c) Importer(815301076,1909f56bfc062723c751e8b465ee728b)  -> (artifact id: 'c124388c3f24941d1dca5e8836dad5fc') in 0.017288 seconds
  Import took 0.019581 seconds .

========================================================================
Received Import Request.
  Time since last request: 0.000304 seconds.
  path: Assets/JJ_Casual RPG Character - 8Ekard v1.1
  artifactKey: Guid(b72dd6a0522afb043a446f2a6622c3a8) Importer(815301076,1909f56bfc062723c751e8b465ee728b)
Start importing Assets/JJ_Casual RPG Character - 8Ekard v1.1 using Guid(b72dd6a0522afb043a446f2a6622c3a8) Importer(815301076,1909f56bfc062723c751e8b465ee728b)  -> (artifact id: 'ce1b5eaf1633b8d71aa85666d0b1beda') in 0.014468 seconds
  Import took 0.017254 seconds .

========================================================================
Received Import Request.
  Time since last request: 2.892101 seconds.
  path: Assets/JJ_Casual RPG Character - 8Ekard v1.1/Character_icon/Ekard.png
  artifactKey: Guid(4622ae0f8369c7c4ca9025114aa3baed) Importer(815301076,1909f56bfc062723c751e8b465ee728b)
Start importing Assets/JJ_Casual RPG Character - 8Ekard v1.1/Character_icon/Ekard.png using Guid(4622ae0f8369c7c4ca9025114aa3baed) Importer(815301076,1909f56bfc062723c751e8b465ee728b)  -> (artifact id: 'd5da35d9655d0e344c39e21c7f8fad30') in 0.161899 seconds
  Import took 0.164285 seconds .

========================================================================
Received Import Request.
  Time since last request: 4.490243 seconds.
  path: Assets/JJ_Casual RPG Character - 8Ekard v1.1/Character_icon/Ekard_Skill_01.png
  artifactKey: Guid(5f256795dc4da154d820c9a9262e8048) Importer(815301076,1909f56bfc062723c751e8b465ee728b)
Start importing Assets/JJ_Casual RPG Character - 8Ekard v1.1/Character_icon/Ekard_Skill_01.png using Guid(5f256795dc4da154d820c9a9262e8048) Importer(815301076,1909f56bfc062723c751e8b465ee728b)  -> (artifact id: '9d2393af3e20a17229baf1634a4ed9ef') in 0.030462 seconds
  Import took 0.032767 seconds .

========================================================================
Received Import Request.
  Time since last request: 4.553413 seconds.
  path: Assets/JJ_Casual RPG Character - 8Ekard v1.1/Models/Humanoid
  artifactKey: Guid(37c3335f8be21384e93a6354d8bc8d65) Importer(815301076,1909f56bfc062723c751e8b465ee728b)
Start importing Assets/JJ_Casual RPG Character - 8Ekard v1.1/Models/Humanoid using Guid(37c3335f8be21384e93a6354d8bc8d65) Importer(815301076,1909f56bfc062723c751e8b465ee728b)  -> (artifact id: 'f3e932e80d3e41ef18a878f6d44db4b8') in 0.010353 seconds
  Import took 0.012646 seconds .

========================================================================
Received Import Request.
  Time since last request: 4.012813 seconds.
  path: Assets/JJ_Casual RPG Character - 8Ekard v1.1/Models/Materials
  artifactKey: Guid(172eb1434b1413d499bb669d9c22c852) Importer(815301076,1909f56bfc062723c751e8b465ee728b)
Start importing Assets/JJ_Casual RPG Character - 8Ekard v1.1/Models/Materials using Guid(172eb1434b1413d499bb669d9c22c852) Importer(815301076,1909f56bfc062723c751e8b465ee728b)  -> (artifact id: '3847c48d4f7f2c85a7409c3780a95ab4') in 0.009927 seconds
  Import took 0.012976 seconds .

========================================================================
Received Import Request.
  Time since last request: 0.289758 seconds.
  path: Assets/JJ_Casual RPG Character - 8Ekard v1.1/Models/Textures
  artifactKey: Guid(b8ade35b36cbb7947aa2aeb3b983d953) Importer(815301076,1909f56bfc062723c751e8b465ee728b)
Start importing Assets/JJ_Casual RPG Character - 8Ekard v1.1/Models/Textures using Guid(b8ade35b36cbb7947aa2aeb3b983d953) Importer(815301076,1909f56bfc062723c751e8b465ee728b)  -> (artifact id: 'ea8137483a9847bc88b14d0a92ad85b3') in 0.010936 seconds
  Import took 0.014165 seconds .

========================================================================
Received Import Request.
  Time since last request: 54.969757 seconds.
  path: Assets/JJ_Casual RPG Character - 8Ekard v1.1/Prefaps/Ekard_Humanoid.prefab
  artifactKey: Guid(5e948eb931d08954191a1d35a0853595) Importer(815301076,1909f56bfc062723c751e8b465ee728b)
Start importing Assets/JJ_Casual RPG Character - 8Ekard v1.1/Prefaps/Ekard_Humanoid.prefab using Guid(5e948eb931d08954191a1d35a0853595) Importer(815301076,1909f56bfc062723c751e8b465ee728b)  -> (artifact id: '303522d655af6f290df4ad5fb3e09ed2') in 0.215634 seconds
  Import took 0.218950 seconds .

AssetImportWorkerClient::OnTransportError - code=2 error=End of file
